mode: set
github.com/kayushkin/inber/agent/agent.go:14.43,15.16 1 0
github.com/kayushkin/inber/agent/agent.go:15.16,17.3 1 0
github.com/kayushkin/inber/agent/agent.go:18.2,22.43 2 0
github.com/kayushkin/inber/agent/agent.go:81.51,86.2 1 0
github.com/kayushkin/inber/agent/agent.go:89.87,94.2 1 0
github.com/kayushkin/inber/agent/agent.go:97.68,99.2 1 0
github.com/kayushkin/inber/agent/agent.go:102.103,104.2 1 0
github.com/kayushkin/inber/agent/agent.go:107.36,109.2 1 0
github.com/kayushkin/inber/agent/agent.go:113.49,115.2 1 0
github.com/kayushkin/inber/agent/agent.go:118.46,120.2 1 0
github.com/kayushkin/inber/agent/agent.go:124.122,126.2 1 0
github.com/kayushkin/inber/agent/agent.go:131.75,133.2 1 0
github.com/kayushkin/inber/agent/agent.go:136.33,138.2 1 0
github.com/kayushkin/inber/agent/agent.go:141.35,145.2 3 0
github.com/kayushkin/inber/agent/agent.go:163.113,170.6 4 0
github.com/kayushkin/inber/agent/agent.go:170.6,174.23 2 0
github.com/kayushkin/inber/agent/agent.go:174.23,175.25 1 0
github.com/kayushkin/inber/agent/agent.go:175.25,177.5 1 0
github.com/kayushkin/inber/agent/agent.go:178.4,178.28 1 0
github.com/kayushkin/inber/agent/agent.go:182.3,183.29 2 0
github.com/kayushkin/inber/agent/agent.go:183.29,184.25 1 0
github.com/kayushkin/inber/agent/agent.go:184.25,186.5 1 0
github.com/kayushkin/inber/agent/agent.go:187.4,187.73 1 0
github.com/kayushkin/inber/agent/agent.go:191.3,191.43 1 0
github.com/kayushkin/inber/agent/agent.go:191.43,192.54 1 0
github.com/kayushkin/inber/agent/agent.go:192.54,194.27 1 0
github.com/kayushkin/inber/agent/agent.go:194.27,196.36 2 0
github.com/kayushkin/inber/agent/agent.go:196.36,204.7 1 0
github.com/kayushkin/inber/agent/agent.go:210.3,211.42 2 0
github.com/kayushkin/inber/agent/agent.go:211.42,212.58 1 0
github.com/kayushkin/inber/agent/agent.go:212.58,215.27 2 0
github.com/kayushkin/inber/agent/agent.go:215.27,229.6 2 0
github.com/kayushkin/inber/agent/agent.go:234.3,238.17 3 0
github.com/kayushkin/inber/agent/agent.go:238.17,240.4 1 0
github.com/kayushkin/inber/agent/agent.go:243.3,249.105 3 0
github.com/kayushkin/inber/agent/agent.go:249.105,250.39 1 0
github.com/kayushkin/inber/agent/agent.go:250.39,251.29 1 0
github.com/kayushkin/inber/agent/agent.go:251.29,253.6 1 0
github.com/kayushkin/inber/agent/agent.go:255.4,255.22 1 0
github.com/kayushkin/inber/agent/agent.go:259.3,259.53 1 0
github.com/kayushkin/inber/agent/agent.go:259.53,261.18 2 0
github.com/kayushkin/inber/agent/agent.go:261.18,263.5 1 0
github.com/kayushkin/inber/agent/agent.go:265.4,265.31 1 0
github.com/kayushkin/inber/agent/agent.go:265.31,269.5 1 0
github.com/kayushkin/inber/agent/agent.go:270.4,271.12 2 0
github.com/kayushkin/inber/agent/agent.go:275.3,275.75 1 0
github.com/kayushkin/inber/agent/agent.go:283.67,284.23 1 0
github.com/kayushkin/inber/agent/agent.go:284.23,286.3 1 0
github.com/kayushkin/inber/agent/agent.go:289.2,290.26 2 0
github.com/kayushkin/inber/agent/agent.go:290.26,291.38 1 0
github.com/kayushkin/inber/agent/agent.go:291.38,293.23 2 0
github.com/kayushkin/inber/agent/agent.go:293.23,295.5 1 0
github.com/kayushkin/inber/agent/agent.go:295.10,295.33 1 0
github.com/kayushkin/inber/agent/agent.go:295.33,297.5 1 0
github.com/kayushkin/inber/agent/agent.go:297.10,297.36 1 0
github.com/kayushkin/inber/agent/agent.go:297.36,299.5 1 0
github.com/kayushkin/inber/agent/agent.go:303.2,304.27 2 0
github.com/kayushkin/inber/agent/agent.go:304.27,306.3 1 0
github.com/kayushkin/inber/agent/agent.go:307.2,309.24 3 0
github.com/kayushkin/inber/agent/agent.go:309.24,311.3 1 0
github.com/kayushkin/inber/agent/agent.go:311.8,311.34 1 0
github.com/kayushkin/inber/agent/agent.go:311.34,313.3 1 0
github.com/kayushkin/inber/agent/agent.go:313.8,313.37 1 0
github.com/kayushkin/inber/agent/agent.go:313.37,315.3 1 0
github.com/kayushkin/inber/agent/agent_run.go:17.42,21.28 3 0
github.com/kayushkin/inber/agent/agent_run.go:21.28,28.26 2 0
github.com/kayushkin/inber/agent/agent_run.go:28.26,30.4 1 0
github.com/kayushkin/inber/agent/agent_run.go:31.3,34.22 2 0
github.com/kayushkin/inber/agent/agent_run.go:37.2,40.3 1 0
github.com/kayushkin/inber/agent/agent_run.go:44.165,51.29 2 0
github.com/kayushkin/inber/agent/agent_run.go:51.29,53.3 1 0
github.com/kayushkin/inber/agent/agent_run.go:53.8,53.27 1 0
github.com/kayushkin/inber/agent/agent_run.go:53.27,57.3 1 0
github.com/kayushkin/inber/agent/agent_run.go:60.2,60.44 1 0
github.com/kayushkin/inber/agent/agent_run.go:60.44,62.3 1 0
github.com/kayushkin/inber/agent/agent_run.go:64.2,64.26 1 0
github.com/kayushkin/inber/agent/agent_run.go:64.26,70.3 1 0
github.com/kayushkin/inber/agent/agent_run.go:73.2,73.51 1 0
github.com/kayushkin/inber/agent/agent_run.go:73.51,75.35 2 0
github.com/kayushkin/inber/agent/agent_run.go:75.35,78.4 2 0
github.com/kayushkin/inber/agent/agent_run.go:82.2,84.48 2 0
github.com/kayushkin/inber/agent/agent_run.go:84.48,86.3 1 0
github.com/kayushkin/inber/agent/agent_run.go:88.2,88.16 1 0
github.com/kayushkin/inber/agent/agent_run.go:92.153,96.50 3 0
github.com/kayushkin/inber/agent/agent_run.go:96.50,99.17 2 0
github.com/kayushkin/inber/agent/agent_run.go:99.17,101.4 1 0
github.com/kayushkin/inber/agent/agent_run.go:101.9,103.26 2 0
github.com/kayushkin/inber/agent/agent_run.go:103.26,105.57 2 0
github.com/kayushkin/inber/agent/agent_run.go:105.57,106.14 1 0
github.com/kayushkin/inber/agent/agent_run.go:109.5,109.74 1 0
github.com/kayushkin/inber/agent/agent_run.go:109.74,110.96 1 0
github.com/kayushkin/inber/agent/agent_run.go:110.96,112.7 1 0
github.com/kayushkin/inber/agent/agent_run.go:115.4,115.43 1 0
github.com/kayushkin/inber/agent/agent_run.go:115.43,117.5 1 0
github.com/kayushkin/inber/agent/agent_run.go:117.10,119.5 1 0
github.com/kayushkin/inber/agent/agent_run.go:121.8,124.3 1 0
github.com/kayushkin/inber/agent/agent_run.go:126.2,126.19 1 0
github.com/kayushkin/inber/agent/agent_run.go:126.19,128.84 1 0
github.com/kayushkin/inber/agent/agent_run.go:128.84,130.36 2 0
github.com/kayushkin/inber/agent/agent_run.go:130.36,134.5 3 0
github.com/kayushkin/inber/agent/agent_run.go:136.3,136.20 1 0
github.com/kayushkin/inber/agent/agent_run.go:136.20,138.4 1 0
github.com/kayushkin/inber/agent/agent_run.go:141.2,141.18 1 0
github.com/kayushkin/inber/agent/agent_run.go:145.78,150.45 3 0
github.com/kayushkin/inber/agent/agent_run.go:150.45,152.3 1 0
github.com/kayushkin/inber/agent/agent_run.go:153.2,153.41 1 0
github.com/kayushkin/inber/agent/agent_run.go:153.41,155.3 1 0
github.com/kayushkin/inber/agent/agent_run.go:157.2,157.49 1 0
github.com/kayushkin/inber/agent/agent_run.go:157.49,159.3 1 0
github.com/kayushkin/inber/agent/agent_run.go:162.2,162.37 1 0
github.com/kayushkin/inber/agent/agent_run.go:162.37,163.31 1 0
github.com/kayushkin/inber/agent/agent_run.go:163.31,165.51 2 0
github.com/kayushkin/inber/agent/agent_run.go:165.51,167.5 1 0
github.com/kayushkin/inber/agent/agent_run.go:173.167,177.37 3 0
github.com/kayushkin/inber/agent/agent_run.go:177.37,178.31 1 0
github.com/kayushkin/inber/agent/agent_run.go:178.31,179.12 1 0
github.com/kayushkin/inber/agent/agent_run.go:182.3,184.50 2 0
github.com/kayushkin/inber/agent/agent_run.go:184.50,186.4 1 0
github.com/kayushkin/inber/agent/agent_run.go:188.3,189.10 2 0
github.com/kayushkin/inber/agent/agent_run.go:189.10,191.53 2 0
github.com/kayushkin/inber/agent/agent_run.go:191.53,193.5 1 0
github.com/kayushkin/inber/agent/agent_run.go:194.4,195.57 2 0
github.com/kayushkin/inber/agent/agent_run.go:195.57,196.97 1 0
github.com/kayushkin/inber/agent/agent_run.go:196.97,198.6 1 0
github.com/kayushkin/inber/agent/agent_run.go:200.4,203.12 2 0
github.com/kayushkin/inber/agent/agent_run.go:206.3,207.17 2 0
github.com/kayushkin/inber/agent/agent_run.go:207.17,209.53 2 0
github.com/kayushkin/inber/agent/agent_run.go:209.53,211.5 1 0
github.com/kayushkin/inber/agent/agent_run.go:212.4,213.57 2 0
github.com/kayushkin/inber/agent/agent_run.go:213.57,214.97 1 0
github.com/kayushkin/inber/agent/agent_run.go:214.97,216.6 1 0
github.com/kayushkin/inber/agent/agent_run.go:218.4,221.12 2 0
github.com/kayushkin/inber/agent/agent_run.go:224.3,224.52 1 0
github.com/kayushkin/inber/agent/agent_run.go:224.52,226.4 1 0
github.com/kayushkin/inber/agent/agent_run.go:229.3,230.56 2 0
github.com/kayushkin/inber/agent/agent_run.go:230.56,231.97 1 0
github.com/kayushkin/inber/agent/agent_run.go:231.97,233.5 1 0
github.com/kayushkin/inber/agent/agent_run.go:236.3,241.54 2 0
github.com/kayushkin/inber/agent/agent_run.go:241.54,242.97 1 0
github.com/kayushkin/inber/agent/agent_run.go:242.97,244.5 1 0
github.com/kayushkin/inber/agent/agent_run.go:248.2,248.41 1 0
github.com/kayushkin/inber/agent/clients.go:24.91,26.18 1 0
github.com/kayushkin/inber/agent/clients.go:26.18,29.17 2 0
github.com/kayushkin/inber/agent/clients.go:29.17,32.4 1 0
github.com/kayushkin/inber/agent/clients.go:38.2,38.51 1 0
github.com/kayushkin/inber/agent/clients.go:42.109,48.24 2 0
github.com/kayushkin/inber/agent/clients.go:49.19,51.17 2 0
github.com/kayushkin/inber/agent/clients.go:51.17,53.4 1 0
github.com/kayushkin/inber/agent/clients.go:54.3,55.17 2 0
github.com/kayushkin/inber/agent/clients.go:57.50,60.20 2 0
github.com/kayushkin/inber/agent/clients.go:60.20,62.26 1 0
github.com/kayushkin/inber/agent/clients.go:63.18,64.42 1 0
github.com/kayushkin/inber/agent/clients.go:65.18,66.65 1 0
github.com/kayushkin/inber/agent/clients.go:67.22,68.45 1 0
github.com/kayushkin/inber/agent/clients.go:71.3,74.17 4 0
github.com/kayushkin/inber/agent/clients.go:76.10,81.17 4 0
github.com/kayushkin/inber/agent/clients.go:87.92,89.15 2 0
github.com/kayushkin/inber/agent/clients.go:89.15,91.3 1 0
github.com/kayushkin/inber/agent/clients.go:93.2,93.45 1 0
github.com/kayushkin/inber/agent/clients.go:93.45,103.3 2 0
github.com/kayushkin/inber/agent/clients.go:106.2,110.16 2 0
github.com/kayushkin/inber/agent/clients.go:115.71,117.78 1 0
github.com/kayushkin/inber/agent/clients.go:117.78,119.3 1 0
github.com/kayushkin/inber/agent/clients.go:120.2,120.114 1 0
github.com/kayushkin/inber/agent/clients.go:120.114,122.3 1 0
github.com/kayushkin/inber/agent/clients.go:123.2,123.43 1 0
github.com/kayushkin/inber/agent/clients.go:123.43,125.3 1 0
github.com/kayushkin/inber/agent/clients.go:128.2,129.18 2 0
github.com/kayushkin/inber/agent/clients.go:129.18,131.3 1 0
github.com/kayushkin/inber/agent/clients.go:133.2,149.8 3 0
github.com/kayushkin/inber/agent/clients.go:153.72,154.31 1 0
github.com/kayushkin/inber/agent/clients.go:154.31,156.3 1 0
github.com/kayushkin/inber/agent/clients.go:157.2,157.32 1 0
github.com/kayushkin/inber/agent/clients.go:161.65,162.28 1 0
github.com/kayushkin/inber/agent/clients.go:162.28,164.3 1 0
github.com/kayushkin/inber/agent/clients.go:165.2,165.29 1 0
github.com/kayushkin/inber/agent/clients.go:169.40,171.2 1 0
github.com/kayushkin/inber/agent/models.go:17.70,18.18 1 0
github.com/kayushkin/inber/agent/models.go:18.18,20.17 2 0
github.com/kayushkin/inber/agent/models.go:20.17,21.29 1 0
github.com/kayushkin/inber/agent/models.go:21.29,22.26 1 0
github.com/kayushkin/inber/agent/models.go:22.26,31.6 1 0
github.com/kayushkin/inber/agent/models.go:37.2,42.3 1 0
github.com/kayushkin/inber/agent/openai.go:22.67,31.2 1 0
github.com/kayushkin/inber/agent/openai.go:34.104,36.21 1 0
github.com/kayushkin/inber/agent/openai.go:36.21,38.3 1 0
github.com/kayushkin/inber/agent/openai.go:40.2,41.16 2 0
github.com/kayushkin/inber/agent/openai.go:41.16,43.3 1 0
github.com/kayushkin/inber/agent/openai.go:45.2,46.16 2 0
github.com/kayushkin/inber/agent/openai.go:46.16,48.3 1 0
github.com/kayushkin/inber/agent/openai.go:50.2,51.20 2 0
github.com/kayushkin/inber/agent/openai.go:51.20,53.3 1 0
github.com/kayushkin/inber/agent/openai.go:55.2,56.16 2 0
github.com/kayushkin/inber/agent/openai.go:56.16,58.3 1 0
github.com/kayushkin/inber/agent/openai.go:59.2,62.16 3 0
github.com/kayushkin/inber/agent/openai.go:62.16,64.3 1 0
github.com/kayushkin/inber/agent/openai.go:66.2,66.42 1 0
github.com/kayushkin/inber/agent/openai.go:66.42,68.3 1 0
github.com/kayushkin/inber/agent/openai.go:70.2,71.57 2 0
github.com/kayushkin/inber/agent/openai.go:71.57,73.3 1 0
github.com/kayushkin/inber/agent/openai.go:75.2,75.19 1 0
github.com/kayushkin/inber/agent/openai_conversion.go:11.63,13.26 2 0
github.com/kayushkin/inber/agent/openai_conversion.go:13.26,30.3 4 0
github.com/kayushkin/inber/agent/openai_conversion.go:31.2,31.15 1 0
github.com/kayushkin/inber/agent/openai_conversion.go:36.40,39.2 1 1
github.com/kayushkin/inber/agent/openai_conversion.go:44.90,47.31 2 1
github.com/kayushkin/inber/agent/openai_conversion.go:47.31,49.26 2 1
github.com/kayushkin/inber/agent/openai_conversion.go:49.26,54.38 3 1
github.com/kayushkin/inber/agent/openai_conversion.go:54.38,55.28 1 1
github.com/kayushkin/inber/agent/openai_conversion.go:55.28,57.6 1 1
github.com/kayushkin/inber/agent/openai_conversion.go:57.11,57.38 1 1
github.com/kayushkin/inber/agent/openai_conversion.go:57.38,59.47 1 1
github.com/kayushkin/inber/agent/openai_conversion.go:59.47,60.15 1 1
github.com/kayushkin/inber/agent/openai_conversion.go:63.6,71.8 2 1
github.com/kayushkin/inber/agent/openai_conversion.go:75.4,78.25 2 1
github.com/kayushkin/inber/agent/openai_conversion.go:78.25,80.5 1 1
github.com/kayushkin/inber/agent/openai_conversion.go:81.4,81.26 1 1
github.com/kayushkin/inber/agent/openai_conversion.go:81.26,83.5 1 1
github.com/kayushkin/inber/agent/openai_conversion.go:84.4,84.35 1 1
github.com/kayushkin/inber/agent/openai_conversion.go:86.9,86.28 1 1
github.com/kayushkin/inber/agent/openai_conversion.go:86.28,91.38 3 1
github.com/kayushkin/inber/agent/openai_conversion.go:91.38,92.28 1 1
github.com/kayushkin/inber/agent/openai_conversion.go:92.28,94.6 1 1
github.com/kayushkin/inber/agent/openai_conversion.go:94.11,94.41 1 1
github.com/kayushkin/inber/agent/openai_conversion.go:94.41,96.57 1 1
github.com/kayushkin/inber/agent/openai_conversion.go:96.57,97.15 1 1
github.com/kayushkin/inber/agent/openai_conversion.go:100.6,101.43 2 1
github.com/kayushkin/inber/agent/openai_conversion.go:101.43,102.52 1 1
github.com/kayushkin/inber/agent/openai_conversion.go:102.52,103.27 1 1
github.com/kayushkin/inber/agent/openai_conversion.go:103.27,105.9 1 1
github.com/kayushkin/inber/agent/openai_conversion.go:109.6,113.8 1 1
github.com/kayushkin/inber/agent/openai_conversion.go:118.4,118.26 1 1
github.com/kayushkin/inber/agent/openai_conversion.go:118.26,123.5 1 1
github.com/kayushkin/inber/agent/openai_conversion.go:126.4,126.43 1 1
github.com/kayushkin/inber/agent/openai_conversion.go:130.2,130.15 1 1
github.com/kayushkin/inber/agent/openai_conversion.go:134.80,135.28 1 0
github.com/kayushkin/inber/agent/openai_conversion.go:135.28,146.3 1 0
github.com/kayushkin/inber/agent/openai_conversion.go:148.2,155.62 4 0
github.com/kayushkin/inber/agent/openai_conversion.go:155.62,160.3 1 0
github.com/kayushkin/inber/agent/openai_conversion.go:163.2,163.35 1 0
github.com/kayushkin/inber/agent/openai_conversion.go:163.35,170.3 1 0
github.com/kayushkin/inber/agent/openai_conversion.go:173.2,185.3 2 0
github.com/kayushkin/inber/agent/openai_conversion.go:188.64,189.16 1 0
github.com/kayushkin/inber/agent/openai_conversion.go:190.14,191.37 1 0
github.com/kayushkin/inber/agent/openai_conversion.go:192.16,193.39 1 0
github.com/kayushkin/inber/agent/openai_conversion.go:194.20,195.37 1 0
github.com/kayushkin/inber/agent/openai_conversion.go:196.10,197.37 1 0
github.com/kayushkin/inber/agent/openai_conversion.go:205.89,207.26 2 0
github.com/kayushkin/inber/agent/openai_conversion.go:207.26,208.38 1 0
github.com/kayushkin/inber/agent/openai_conversion.go:208.38,210.30 2 0
github.com/kayushkin/inber/agent/openai_conversion.go:210.30,212.36 2 0
github.com/kayushkin/inber/agent/openai_conversion.go:212.36,215.6 2 0
github.com/kayushkin/inber/agent/openai_conversion.go:217.4,217.33 1 0
github.com/kayushkin/inber/agent/openai_conversion.go:217.33,219.46 2 0
github.com/kayushkin/inber/agent/openai_conversion.go:219.46,222.6 2 0
github.com/kayushkin/inber/agent/openai_conversion.go:226.2,227.17 2 0
github.com/kayushkin/inber/agent/openai_conversion.go:232.37,234.74 1 1
github.com/kayushkin/inber/agent/openai_conversion.go:234.74,236.3 1 1
github.com/kayushkin/inber/agent/openai_conversion.go:239.2,239.52 1 1
github.com/kayushkin/inber/agent/openai_conversion.go:239.52,241.3 1 1
github.com/kayushkin/inber/agent/openai_conversion.go:242.2,242.14 1 1
github.com/kayushkin/inber/agent/openai_conversion.go:248.108,253.31 4 1
github.com/kayushkin/inber/agent/openai_conversion.go:253.31,254.54 1 1
github.com/kayushkin/inber/agent/openai_conversion.go:254.54,257.38 2 1
github.com/kayushkin/inber/agent/openai_conversion.go:257.38,258.69 1 1
github.com/kayushkin/inber/agent/openai_conversion.go:258.69,260.14 2 1
github.com/kayushkin/inber/agent/openai_conversion.go:262.5,262.41 1 1
github.com/kayushkin/inber/agent/openai_conversion.go:264.4,264.42 1 1
github.com/kayushkin/inber/agent/openai_conversion.go:264.42,269.5 1 1
github.com/kayushkin/inber/agent/openai_conversion.go:269.10,271.5 1 0
github.com/kayushkin/inber/agent/openai_conversion.go:272.9,272.56 1 1
github.com/kayushkin/inber/agent/openai_conversion.go:272.56,275.38 2 1
github.com/kayushkin/inber/agent/openai_conversion.go:275.38,276.82 1 1
github.com/kayushkin/inber/agent/openai_conversion.go:276.82,278.14 2 1
github.com/kayushkin/inber/agent/openai_conversion.go:280.5,280.41 1 1
github.com/kayushkin/inber/agent/openai_conversion.go:282.4,282.42 1 1
github.com/kayushkin/inber/agent/openai_conversion.go:282.42,284.27 1 1
github.com/kayushkin/inber/agent/openai_conversion.go:284.27,289.6 1 1
github.com/kayushkin/inber/agent/openai_conversion.go:290.10,292.5 1 1
github.com/kayushkin/inber/agent/openai_conversion.go:293.9,295.4 1 0
github.com/kayushkin/inber/agent/openai_conversion.go:298.2,303.24 2 1
github.com/kayushkin/inber/agent/openai_utils.go:10.39,13.23 3 0
github.com/kayushkin/inber/agent/openai_utils.go:13.23,14.105 1 0
github.com/kayushkin/inber/agent/openai_utils.go:14.105,16.4 1 0
github.com/kayushkin/inber/agent/openai_utils.go:16.9,18.4 1 0
github.com/kayushkin/inber/agent/openai_utils.go:20.2,21.18 2 0
github.com/kayushkin/inber/agent/openai_utils.go:21.18,23.3 1 0
github.com/kayushkin/inber/agent/openai_utils.go:24.2,24.15 1 0
github.com/kayushkin/inber/agent/openai_utils.go:27.53,28.21 1 1
github.com/kayushkin/inber/agent/openai_utils.go:28.21,30.3 1 0
github.com/kayushkin/inber/agent/openai_utils.go:31.2,32.34 2 1
github.com/kayushkin/inber/agent/openai_utils.go:32.34,34.3 1 0
github.com/kayushkin/inber/agent/openai_utils.go:35.2,35.15 1 1
github.com/kayushkin/inber/agent/provider.go:41.72,45.2 1 0
github.com/kayushkin/inber/agent/provider.go:48.123,50.2 1 0
github.com/kayushkin/inber/agent/provider.go:53.131,56.2 2 0
github.com/kayushkin/inber/agent/provider.go:67.50,69.2 1 0
github.com/kayushkin/inber/agent/provider.go:71.82,73.2 1 0
github.com/kayushkin/inber/agent/provider.go:75.50,77.2 1 0
github.com/kayushkin/inber/bus/client.go:29.50,30.19 1 1
github.com/kayushkin/inber/bus/client.go:30.19,32.3 1 1
github.com/kayushkin/inber/bus/client.go:34.2,34.20 1 1
github.com/kayushkin/inber/bus/client.go:34.20,36.3 1 0
github.com/kayushkin/inber/bus/client.go:38.2,42.16 2 1
github.com/kayushkin/inber/bus/client.go:42.16,45.3 2 1
github.com/kayushkin/inber/bus/client.go:47.2,48.24 2 0
github.com/kayushkin/inber/bus/client.go:54.88,57.12 2 0
github.com/kayushkin/inber/bus/client.go:57.12,60.48 2 0
github.com/kayushkin/inber/bus/client.go:60.48,62.53 2 0
github.com/kayushkin/inber/bus/client.go:62.53,65.5 2 0
github.com/kayushkin/inber/bus/client.go:68.4,68.61 1 0
github.com/kayushkin/inber/bus/client.go:68.61,71.5 2 0
github.com/kayushkin/inber/bus/client.go:73.4,75.11 2 0
github.com/kayushkin/inber/bus/client.go:76.19,76.19 0 0
github.com/kayushkin/inber/bus/client.go:77.12,78.72 1 0
github.com/kayushkin/inber/bus/client.go:82.3,83.17 2 0
github.com/kayushkin/inber/bus/client.go:83.17,86.4 2 0
github.com/kayushkin/inber/bus/client.go:87.3,91.15 3 0
github.com/kayushkin/inber/bus/client.go:94.2,94.11 1 0
github.com/kayushkin/inber/bus/client.go:98.59,99.14 1 0
github.com/kayushkin/inber/bus/client.go:99.14,101.3 1 0
github.com/kayushkin/inber/bus/client.go:102.2,102.37 1 0
github.com/kayushkin/inber/bus/client.go:106.61,108.28 2 0
github.com/kayushkin/inber/bus/client.go:108.28,110.3 1 0
github.com/kayushkin/inber/bus/client.go:112.2,113.17 2 0
github.com/kayushkin/inber/bus/client.go:113.17,115.3 1 0
github.com/kayushkin/inber/bus/client.go:118.2,118.20 1 0
github.com/kayushkin/inber/bus/client.go:119.55,121.46 1 0
github.com/kayushkin/inber/bus/client.go:122.16,123.46 1 0
github.com/kayushkin/inber/bus/client.go:124.14,127.58 1 0
github.com/kayushkin/inber/bus/client.go:127.58,129.4 1 0
github.com/kayushkin/inber/bus/client.go:130.3,130.31 1 0
github.com/kayushkin/inber/bus/client.go:130.31,132.4 1 0
github.com/kayushkin/inber/bus/client.go:133.3,133.13 1 0
github.com/kayushkin/inber/bus/client.go:134.10,136.42 1 0
github.com/kayushkin/inber/bus/client.go:141.48,143.2 1 0
github.com/kayushkin/inber/bus/client.go:147.86,148.14 1 0
github.com/kayushkin/inber/bus/client.go:148.14,150.3 1 0
github.com/kayushkin/inber/bus/client.go:151.2,152.12 2 0
github.com/kayushkin/inber/bus/client.go:156.26,157.29 1 0
github.com/kayushkin/inber/bus/client.go:157.29,159.3 1 0
github.com/kayushkin/inber/bus/client.go:162.42,163.17 1 1
github.com/kayushkin/inber/bus/client.go:163.17,165.3 1 1
github.com/kayushkin/inber/bus/client.go:166.2,166.22 1 1
github.com/kayushkin/inber/agent/registry/config.go:67.47,68.20 1 1
github.com/kayushkin/inber/agent/registry/config.go:68.20,70.3 1 0
github.com/kayushkin/inber/agent/registry/config.go:71.2,71.49 1 1
github.com/kayushkin/inber/agent/registry/config.go:71.49,73.3 1 0
github.com/kayushkin/inber/agent/registry/config.go:74.2,75.67 2 1
github.com/kayushkin/inber/agent/registry/config.go:80.65,84.16 3 1
github.com/kayushkin/inber/agent/registry/config.go:84.16,86.3 1 0
github.com/kayushkin/inber/agent/registry/config.go:87.2,90.16 3 1
github.com/kayushkin/inber/agent/registry/config.go:90.16,92.3 1 0
github.com/kayushkin/inber/agent/registry/config.go:94.2,94.26 1 1
github.com/kayushkin/inber/agent/registry/config.go:94.26,96.3 1 0
github.com/kayushkin/inber/agent/registry/config.go:98.2,99.32 2 1
github.com/kayushkin/inber/agent/registry/config.go:99.32,102.20 2 1
github.com/kayushkin/inber/agent/registry/config.go:102.20,104.4 1 1
github.com/kayushkin/inber/agent/registry/config.go:105.3,105.26 1 1
github.com/kayushkin/inber/agent/registry/config.go:105.26,107.4 1 1
github.com/kayushkin/inber/agent/registry/config.go:108.3,108.22 1 1
github.com/kayushkin/inber/agent/registry/config.go:108.22,110.4 1 1
github.com/kayushkin/inber/agent/registry/config.go:111.3,111.27 1 1
github.com/kayushkin/inber/agent/registry/config.go:111.27,113.4 1 1
github.com/kayushkin/inber/agent/registry/config.go:115.3,116.28 2 1
github.com/kayushkin/inber/agent/registry/config.go:116.28,118.4 1 1
github.com/kayushkin/inber/agent/registry/config.go:121.3,122.24 2 1
github.com/kayushkin/inber/agent/registry/config.go:122.24,123.54 1 1
github.com/kayushkin/inber/agent/registry/config.go:123.54,125.16 2 1
github.com/kayushkin/inber/agent/registry/config.go:125.16,127.6 1 1
github.com/kayushkin/inber/agent/registry/config.go:131.3,149.73 2 1
github.com/kayushkin/inber/agent/registry/config.go:149.73,155.4 1 1
github.com/kayushkin/inber/agent/registry/config.go:158.3,158.22 1 1
github.com/kayushkin/inber/agent/registry/config.go:158.22,160.4 1 1
github.com/kayushkin/inber/agent/registry/config.go:162.3,162.25 1 1
github.com/kayushkin/inber/agent/registry/config.go:165.2,168.8 1 1
github.com/kayushkin/inber/agent/registry/config.go:173.44,175.2 1 0
github.com/kayushkin/inber/agent/registry/registry.go:33.71,35.16 2 1
github.com/kayushkin/inber/agent/registry/registry.go:35.16,37.3 1 0
github.com/kayushkin/inber/agent/registry/registry.go:39.2,50.25 2 1
github.com/kayushkin/inber/agent/registry/registry.go:50.25,54.3 3 0
github.com/kayushkin/inber/agent/registry/registry.go:57.2,59.15 2 1
github.com/kayushkin/inber/agent/registry/registry.go:64.36,69.30 4 1
github.com/kayushkin/inber/agent/registry/registry.go:69.30,71.3 1 1
github.com/kayushkin/inber/agent/registry/registry.go:72.2,72.14 1 1
github.com/kayushkin/inber/agent/registry/registry.go:76.37,80.2 3 1
github.com/kayushkin/inber/agent/registry/registry.go:83.61,87.2 3 1
github.com/kayushkin/inber/agent/registry/registry.go:90.58,94.2 3 1
github.com/kayushkin/inber/agent/registry/registry.go:97.59,101.2 3 1
github.com/kayushkin/inber/agent/registry/registry.go:105.74,111.2 5 1
github.com/kayushkin/inber/agent/registry/registry.go:114.65,119.8 4 1
github.com/kayushkin/inber/agent/registry/registry.go:119.8,121.3 1 1
github.com/kayushkin/inber/agent/registry/registry.go:123.2,124.30 2 1
github.com/kayushkin/inber/agent/registry/registry.go:124.30,125.34 1 1
github.com/kayushkin/inber/agent/registry/registry.go:125.34,127.4 1 1
github.com/kayushkin/inber/agent/registry/registry.go:129.2,129.52 1 1
github.com/kayushkin/inber/agent/registry/registry.go:133.59,138.33 3 1
github.com/kayushkin/inber/agent/registry/registry.go:138.33,140.3 1 1
github.com/kayushkin/inber/agent/registry/registry.go:143.2,144.9 2 1
github.com/kayushkin/inber/agent/registry/registry.go:144.9,146.3 1 1
github.com/kayushkin/inber/agent/registry/registry.go:148.2,149.16 2 1
github.com/kayushkin/inber/agent/registry/registry.go:149.16,151.3 1 0
github.com/kayushkin/inber/agent/registry/registry.go:153.2,154.15 2 1
github.com/kayushkin/inber/agent/registry/registry.go:158.70,163.38 3 1
github.com/kayushkin/inber/agent/registry/registry.go:163.38,165.3 1 0
github.com/kayushkin/inber/agent/registry/registry.go:168.2,169.9 2 1
github.com/kayushkin/inber/agent/registry/registry.go:169.9,171.3 1 0
github.com/kayushkin/inber/agent/registry/registry.go:173.2,174.16 2 1
github.com/kayushkin/inber/agent/registry/registry.go:174.16,176.3 1 0
github.com/kayushkin/inber/agent/registry/registry.go:178.2,179.18 2 1
github.com/kayushkin/inber/agent/registry/registry.go:183.46,187.38 3 1
github.com/kayushkin/inber/agent/registry/registry.go:187.38,190.3 2 1
github.com/kayushkin/inber/agent/registry/registry.go:194.31,198.34 3 1
github.com/kayushkin/inber/agent/registry/registry.go:198.34,200.3 1 0
github.com/kayushkin/inber/agent/registry/registry.go:201.2,201.48 1 1
github.com/kayushkin/inber/agent/registry/registry.go:205.72,210.22 3 1
github.com/kayushkin/inber/agent/registry/registry.go:210.22,212.3 1 1
github.com/kayushkin/inber/agent/registry/registry.go:215.2,215.37 1 1
github.com/kayushkin/inber/agent/registry/registry.go:215.37,217.17 2 1
github.com/kayushkin/inber/agent/registry/registry.go:217.17,219.4 1 1
github.com/kayushkin/inber/agent/registry/registry.go:220.3,220.18 1 1
github.com/kayushkin/inber/agent/registry/registry.go:223.2,223.15 1 1
github.com/kayushkin/inber/agent/registry/spawn_tool.go:26.44,29.16 3 1
github.com/kayushkin/inber/agent/registry/spawn_tool.go:29.16,31.3 1 0
github.com/kayushkin/inber/agent/registry/spawn_tool.go:32.2,34.16 3 1
github.com/kayushkin/inber/agent/registry/spawn_tool.go:34.16,36.3 1 0
github.com/kayushkin/inber/agent/registry/spawn_tool.go:37.2,38.54 2 1
github.com/kayushkin/inber/agent/registry/spawn_tool.go:38.54,40.3 1 1
github.com/kayushkin/inber/agent/registry/spawn_tool.go:41.2,41.15 1 0
github.com/kayushkin/inber/agent/registry/spawn_tool.go:45.38,47.22 2 1
github.com/kayushkin/inber/agent/registry/spawn_tool.go:47.22,49.3 1 1
github.com/kayushkin/inber/agent/registry/spawn_tool.go:50.2,51.27 2 0
github.com/kayushkin/inber/agent/registry/spawn_tool.go:51.27,53.3 1 0
github.com/kayushkin/inber/agent/registry/spawn_tool.go:54.2,54.89 1 0
github.com/kayushkin/inber/agent/registry/spawn_tool.go:58.36,62.27 4 1
github.com/kayushkin/inber/agent/registry/spawn_tool.go:62.27,63.52 1 0
github.com/kayushkin/inber/agent/registry/spawn_tool.go:63.52,66.4 2 0
github.com/kayushkin/inber/agent/registry/spawn_tool.go:68.2,68.15 1 1
github.com/kayushkin/inber/agent/registry/spawn_tool.go:74.48,85.20 5 1
github.com/kayushkin/inber/agent/registry/spawn_tool.go:85.20,87.3 1 0
github.com/kayushkin/inber/agent/registry/spawn_tool.go:89.2,109.62 1 1
github.com/kayushkin/inber/agent/registry/spawn_tool.go:109.62,111.59 2 0
github.com/kayushkin/inber/agent/registry/spawn_tool.go:111.59,113.5 1 0
github.com/kayushkin/inber/agent/registry/spawn_tool.go:115.4,115.22 1 0
github.com/kayushkin/inber/agent/registry/spawn_tool.go:115.22,117.5 1 0
github.com/kayushkin/inber/agent/registry/spawn_tool.go:118.4,118.21 1 0
github.com/kayushkin/inber/agent/registry/spawn_tool.go:118.21,120.5 1 0
github.com/kayushkin/inber/agent/registry/spawn_tool.go:123.4,124.29 2 0
github.com/kayushkin/inber/agent/registry/spawn_tool.go:124.29,126.5 1 0
github.com/kayushkin/inber/agent/registry/spawn_tool.go:129.4,130.23 2 0
github.com/kayushkin/inber/agent/registry/spawn_tool.go:130.23,132.30 2 0
github.com/kayushkin/inber/agent/registry/spawn_tool.go:132.30,133.41 1 0
github.com/kayushkin/inber/agent/registry/spawn_tool.go:133.41,135.12 2 0
github.com/kayushkin/inber/agent/registry/spawn_tool.go:138.5,138.15 1 0
github.com/kayushkin/inber/agent/registry/spawn_tool.go:138.15,140.31 2 0
github.com/kayushkin/inber/agent/registry/spawn_tool.go:140.31,141.20 1 0
github.com/kayushkin/inber/agent/registry/spawn_tool.go:141.20,143.8 1 0
github.com/kayushkin/inber/agent/registry/spawn_tool.go:145.6,145.103 1 0
github.com/kayushkin/inber/agent/registry/spawn_tool.go:150.4,154.29 2 0
github.com/kayushkin/inber/agent/registry/spawn_tool.go:154.29,156.5 1 0
github.com/kayushkin/inber/agent/registry/spawn_tool.go:157.4,161.30 4 0
github.com/kayushkin/inber/agent/registry/spawn_tool.go:161.30,163.5 1 0
github.com/kayushkin/inber/agent/registry/spawn_tool.go:165.4,166.29 2 0
github.com/kayushkin/inber/agent/registry/spawn_tool.go:166.29,168.5 1 0
github.com/kayushkin/inber/agent/registry/spawn_tool.go:170.4,170.126 1 0
github.com/kayushkin/inber/agent/registry/tools.go:19.38,35.2 10 1
github.com/kayushkin/inber/agent/registry/tools.go:38.70,43.2 4 1
github.com/kayushkin/inber/agent/registry/tools.go:47.64,49.2 1 1
github.com/kayushkin/inber/agent/registry/tools.go:52.63,54.2 1 1
github.com/kayushkin/inber/agent/registry/tools.go:57.61,59.9 2 1
github.com/kayushkin/inber/agent/registry/tools.go:59.9,61.3 1 1
github.com/kayushkin/inber/agent/registry/tools.go:62.2,62.18 1 1
github.com/kayushkin/inber/agent/registry/tools.go:66.40,68.28 2 1
github.com/kayushkin/inber/agent/registry/tools.go:68.28,70.3 1 1
github.com/kayushkin/inber/agent/registry/tools.go:71.2,71.14 1 1
github.com/kayushkin/inber/logger/logger.go:23.32,24.11 1 1
github.com/kayushkin/inber/logger/logger.go:25.18,26.17 1 1
github.com/kayushkin/inber/logger/logger.go:27.17,28.16 1 1
github.com/kayushkin/inber/logger/logger.go:29.17,30.16 1 1
github.com/kayushkin/inber/logger/logger.go:31.18,32.17 1 1
github.com/kayushkin/inber/logger/logger.go:33.10,34.19 1 0
github.com/kayushkin/inber/logger/logger.go:45.31,50.2 1 1
github.com/kayushkin/inber/logger/logger.go:53.59,58.2 1 1
github.com/kayushkin/inber/logger/logger.go:73.78,74.21 1 1
github.com/kayushkin/inber/logger/logger.go:74.21,76.3 1 1
github.com/kayushkin/inber/logger/logger.go:78.2,86.56 2 1
github.com/kayushkin/inber/logger/logger.go:86.56,89.61 2 1
github.com/kayushkin/inber/logger/logger.go:89.61,90.39 1 1
github.com/kayushkin/inber/logger/logger.go:90.39,92.5 1 1
github.com/kayushkin/inber/logger/logger.go:95.3,95.52 1 1
github.com/kayushkin/inber/logger/logger.go:95.52,96.36 1 0
github.com/kayushkin/inber/logger/logger.go:96.36,98.5 1 0
github.com/kayushkin/inber/logger/logger.go:101.3,101.60 1 1
github.com/kayushkin/inber/logger/logger.go:101.60,102.39 1 1
github.com/kayushkin/inber/logger/logger.go:102.39,104.5 1 1
github.com/kayushkin/inber/logger/logger.go:109.2,109.44 1 1
github.com/kayushkin/inber/logger/logger.go:109.44,112.3 2 1
github.com/kayushkin/inber/logger/logger.go:115.2,115.55 1 1
github.com/kayushkin/inber/logger/logger.go:115.55,118.3 2 1
github.com/kayushkin/inber/logger/logger.go:121.2,121.22 1 1
github.com/kayushkin/inber/logger/logger.go:121.22,123.3 1 1
github.com/kayushkin/inber/logger/logger.go:125.2,126.38 2 1
github.com/kayushkin/inber/logger/logger.go:130.70,133.2 2 1
github.com/kayushkin/inber/logger/logger.go:136.69,139.2 2 1
github.com/kayushkin/inber/logger/logger.go:142.69,145.2 2 1
github.com/kayushkin/inber/logger/logger.go:148.70,151.2 2 1
github.com/kayushkin/inber/logger/logger.go:154.66,159.2 1 1
github.com/kayushkin/inber/logger/logger.go:162.67,167.2 1 1
github.com/kayushkin/inber/logger/logger.go:176.78,180.2 3 0
github.com/kayushkin/inber/logger/logger.go:183.77,187.2 3 1
github.com/kayushkin/inber/logger/logger.go:190.77,194.2 3 0
github.com/kayushkin/inber/logger/logger.go:197.78,201.2 3 0
github.com/kayushkin/inber/logger/logger.go:210.80,214.2 3 0
github.com/kayushkin/inber/logger/logger.go:217.79,221.2 3 1
github.com/kayushkin/inber/logger/logger.go:224.79,228.2 3 0
github.com/kayushkin/inber/logger/logger.go:231.80,235.2 3 0
github.com/kayushkin/inber/logger/logger.go:238.75,240.27 2 1
github.com/kayushkin/inber/logger/logger.go:240.27,241.23 1 1
github.com/kayushkin/inber/logger/logger.go:241.23,243.4 1 1
github.com/kayushkin/inber/logger/logger.go:245.2,245.15 1 1
github.com/kayushkin/inber/logger/logger.go:254.28,256.2 1 1
github.com/kayushkin/inber/logger/logger.go:259.58,261.2 1 0
github.com/kayushkin/inber/logger/logger.go:264.57,266.2 1 1
github.com/kayushkin/inber/logger/logger.go:269.57,271.2 1 1
github.com/kayushkin/inber/logger/logger.go:274.58,276.2 1 0
github.com/kayushkin/inber/logger/logger.go:279.54,281.2 1 0
github.com/kayushkin/inber/logger/logger.go:284.55,286.2 1 0
github.com/kayushkin/inber/tools/mcp/adapter.go:26.84,28.29 2 1
github.com/kayushkin/inber/tools/mcp/adapter.go:28.29,29.28 1 1
github.com/kayushkin/inber/tools/mcp/adapter.go:29.28,35.4 1 1
github.com/kayushkin/inber/tools/mcp/adapter.go:38.2,38.69 1 1
github.com/kayushkin/inber/tools/mcp/adapter.go:42.51,49.2 1 1
github.com/kayushkin/inber/tools/mcp/adapter.go:52.81,54.2 1 1
github.com/kayushkin/inber/tools/mcp/adapter.go:62.44,66.2 1 1
github.com/kayushkin/inber/tools/mcp/adapter.go:69.68,71.2 1 1
github.com/kayushkin/inber/tools/mcp/adapter.go:74.54,77.35 2 1
github.com/kayushkin/inber/tools/mcp/adapter.go:77.35,78.47 1 1
github.com/kayushkin/inber/tools/mcp/adapter.go:78.47,85.4 2 1
github.com/kayushkin/inber/tools/mcp/adapter.go:88.2,88.14 1 1
github.com/kayushkin/inber/tools/mcp/adapter.go:92.60,93.35 1 1
github.com/kayushkin/inber/tools/mcp/adapter.go:93.35,94.27 1 1
github.com/kayushkin/inber/tools/mcp/adapter.go:94.27,96.18 2 1
github.com/kayushkin/inber/tools/mcp/adapter.go:96.18,99.5 2 1
github.com/kayushkin/inber/tools/mcp/adapter.go:102.2,102.12 1 1
github.com/kayushkin/inber/tools/mcp/adapter.go:106.41,109.35 2 1
github.com/kayushkin/inber/tools/mcp/adapter.go:109.35,110.59 1 1
github.com/kayushkin/inber/tools/mcp/adapter.go:110.59,112.4 1 0
github.com/kayushkin/inber/tools/mcp/adapter.go:115.2,115.17 1 1
github.com/kayushkin/inber/tools/mcp/client.go:61.51,62.23 1 0
github.com/kayushkin/inber/tools/mcp/client.go:62.23,64.3 1 0
github.com/kayushkin/inber/tools/mcp/client.go:66.2,69.16 3 0
github.com/kayushkin/inber/tools/mcp/client.go:69.16,71.3 1 0
github.com/kayushkin/inber/tools/mcp/client.go:73.2,74.16 2 0
github.com/kayushkin/inber/tools/mcp/client.go:74.16,77.3 2 0
github.com/kayushkin/inber/tools/mcp/client.go:79.2,80.16 2 0
github.com/kayushkin/inber/tools/mcp/client.go:80.16,84.3 3 0
github.com/kayushkin/inber/tools/mcp/client.go:86.2,86.36 1 0
github.com/kayushkin/inber/tools/mcp/client.go:86.36,91.3 4 0
github.com/kayushkin/inber/tools/mcp/client.go:93.2,103.44 2 0
github.com/kayushkin/inber/tools/mcp/client.go:103.44,106.3 2 0
github.com/kayushkin/inber/tools/mcp/client.go:108.2,108.20 1 0
github.com/kayushkin/inber/tools/mcp/client.go:112.37,124.16 2 0
github.com/kayushkin/inber/tools/mcp/client.go:124.16,126.3 1 0
github.com/kayushkin/inber/tools/mcp/client.go:129.2,132.67 2 0
github.com/kayushkin/inber/tools/mcp/client.go:132.67,134.3 1 0
github.com/kayushkin/inber/tools/mcp/client.go:137.2,138.16 2 0
github.com/kayushkin/inber/tools/mcp/client.go:138.16,140.3 1 0
github.com/kayushkin/inber/tools/mcp/client.go:143.2,146.62 2 0
github.com/kayushkin/inber/tools/mcp/client.go:146.62,148.3 1 0
github.com/kayushkin/inber/tools/mcp/client.go:151.2,151.39 1 0
github.com/kayushkin/inber/tools/mcp/client.go:151.39,153.3 1 0
github.com/kayushkin/inber/tools/mcp/client.go:155.2,155.12 1 0
github.com/kayushkin/inber/tools/mcp/client.go:159.104,173.47 6 0
github.com/kayushkin/inber/tools/mcp/client.go:173.47,175.3 1 0
github.com/kayushkin/inber/tools/mcp/client.go:178.2,179.16 2 0
github.com/kayushkin/inber/tools/mcp/client.go:179.16,181.3 1 0
github.com/kayushkin/inber/tools/mcp/client.go:183.2,183.27 1 0
github.com/kayushkin/inber/tools/mcp/client.go:183.27,185.3 1 0
github.com/kayushkin/inber/tools/mcp/client.go:187.2,187.29 1 0
github.com/kayushkin/inber/tools/mcp/client.go:191.66,198.2 2 0
github.com/kayushkin/inber/tools/mcp/client.go:201.56,203.16 2 0
github.com/kayushkin/inber/tools/mcp/client.go:203.16,205.3 1 0
github.com/kayushkin/inber/tools/mcp/client.go:207.2,210.47 3 0
github.com/kayushkin/inber/tools/mcp/client.go:210.47,212.3 1 0
github.com/kayushkin/inber/tools/mcp/client.go:213.2,213.55 1 0
github.com/kayushkin/inber/tools/mcp/client.go:213.55,215.3 1 0
github.com/kayushkin/inber/tools/mcp/client.go:217.2,217.12 1 0
github.com/kayushkin/inber/tools/mcp/client.go:221.88,223.9 2 0
github.com/kayushkin/inber/tools/mcp/client.go:223.9,225.3 1 0
github.com/kayushkin/inber/tools/mcp/client.go:227.2,227.34 1 0
github.com/kayushkin/inber/tools/mcp/client.go:227.34,228.10 1 0
github.com/kayushkin/inber/tools/mcp/client.go:229.21,230.25 1 0
github.com/kayushkin/inber/tools/mcp/client.go:231.11,231.11 0 0
github.com/kayushkin/inber/tools/mcp/client.go:234.3,234.24 1 0
github.com/kayushkin/inber/tools/mcp/client.go:234.24,235.42 1 0
github.com/kayushkin/inber/tools/mcp/client.go:235.42,237.5 1 0
github.com/kayushkin/inber/tools/mcp/client.go:238.4,238.54 1 0
github.com/kayushkin/inber/tools/mcp/client.go:241.3,243.57 3 0
github.com/kayushkin/inber/tools/mcp/client.go:243.57,245.12 1 0
github.com/kayushkin/inber/tools/mcp/client.go:248.3,248.24 1 0
github.com/kayushkin/inber/tools/mcp/client.go:248.24,250.4 1 0
github.com/kayushkin/inber/tools/mcp/client.go:255.2,255.56 1 0
github.com/kayushkin/inber/tools/mcp/client.go:259.91,260.41 1 0
github.com/kayushkin/inber/tools/mcp/client.go:260.41,262.3 1 0
github.com/kayushkin/inber/tools/mcp/client.go:265.2,266.61 2 0
github.com/kayushkin/inber/tools/mcp/client.go:266.61,268.3 1 0
github.com/kayushkin/inber/tools/mcp/client.go:271.2,275.16 2 0
github.com/kayushkin/inber/tools/mcp/client.go:275.16,277.3 1 0
github.com/kayushkin/inber/tools/mcp/client.go:280.2,286.60 2 0
github.com/kayushkin/inber/tools/mcp/client.go:286.60,288.3 1 0
github.com/kayushkin/inber/tools/mcp/client.go:291.2,292.45 2 0
github.com/kayushkin/inber/tools/mcp/client.go:292.45,293.29 1 0
github.com/kayushkin/inber/tools/mcp/client.go:293.29,295.4 1 0
github.com/kayushkin/inber/tools/mcp/client.go:298.2,298.20 1 0
github.com/kayushkin/inber/tools/mcp/client.go:302.41,304.31 2 0
github.com/kayushkin/inber/tools/mcp/client.go:304.31,306.3 1 0
github.com/kayushkin/inber/tools/mcp/client.go:307.2,307.14 1 0
github.com/kayushkin/inber/tools/mcp/client.go:311.44,314.2 2 0
github.com/kayushkin/inber/tools/mcp/client.go:317.32,320.20 2 0
github.com/kayushkin/inber/tools/mcp/client.go:320.20,322.3 1 0
github.com/kayushkin/inber/tools/mcp/client.go:323.2,323.21 1 0
github.com/kayushkin/inber/tools/mcp/client.go:323.21,325.3 1 0
github.com/kayushkin/inber/tools/mcp/client.go:326.2,326.21 1 0
github.com/kayushkin/inber/tools/mcp/client.go:326.21,328.3 1 0
github.com/kayushkin/inber/tools/mcp/client.go:330.2,330.18 1 0
github.com/kayushkin/inber/tools/mcp/client.go:330.18,331.27 1 0
github.com/kayushkin/inber/tools/mcp/client.go:331.27,333.4 1 0
github.com/kayushkin/inber/tools/mcp/client.go:334.3,334.36 1 0
github.com/kayushkin/inber/tools/mcp/client.go:338.2,338.27 1 0
github.com/kayushkin/inber/tools/mcp/client.go:338.27,339.17 1 0
github.com/kayushkin/inber/tools/mcp/client.go:339.17,341.4 1 0
github.com/kayushkin/inber/tools/mcp/client.go:343.2,343.12 1 0
github.com/kayushkin/inber/tools/adapter.go:17.48,19.2 1 1
github.com/kayushkin/inber/tools/adapter.go:22.42,24.2 1 1
github.com/kayushkin/inber/tools/adapter.go:27.49,29.2 1 0
github.com/kayushkin/inber/tools/adapter.go:32.68,34.2 1 0
github.com/kayushkin/inber/tools/adapter.go:37.87,39.2 1 0
github.com/kayushkin/inber/tools/adapter.go:44.40,46.49 1 0
github.com/kayushkin/inber/tools/adapter.go:46.49,48.3 1 0
github.com/kayushkin/inber/tools/adapter.go:51.2,56.3 1 0
github.com/kayushkin/inber/tools/deploy.go:19.26,26.64 1 0
github.com/kayushkin/inber/tools/deploy.go:26.64,28.4 1 0
github.com/kayushkin/inber/tools/deploy.go:32.53,34.16 2 0
github.com/kayushkin/inber/tools/deploy.go:34.16,36.3 1 0
github.com/kayushkin/inber/tools/deploy.go:40.2,41.16 2 0
github.com/kayushkin/inber/tools/deploy.go:41.16,43.3 1 0
github.com/kayushkin/inber/tools/deploy.go:46.2,47.18 2 0
github.com/kayushkin/inber/tools/deploy.go:47.18,49.3 1 0
github.com/kayushkin/inber/tools/deploy.go:51.2,59.16 4 0
github.com/kayushkin/inber/tools/deploy.go:59.16,61.3 1 0
github.com/kayushkin/inber/tools/deploy.go:62.2,67.28 4 0
github.com/kayushkin/inber/tools/deploy.go:67.28,70.3 2 0
github.com/kayushkin/inber/tools/deploy.go:72.2,73.137 2 0
github.com/kayushkin/inber/tools/deploy.go:77.67,80.6 2 0
github.com/kayushkin/inber/tools/deploy.go:80.6,85.39 4 0
github.com/kayushkin/inber/tools/deploy.go:85.39,88.31 2 0
github.com/kayushkin/inber/tools/deploy.go:88.31,92.5 3 0
github.com/kayushkin/inber/tools/deploy.go:95.3,95.20 1 0
github.com/kayushkin/inber/tools/deploy.go:95.20,96.9 1 0
github.com/kayushkin/inber/tools/deploy.go:98.3,98.15 1 0
github.com/kayushkin/inber/tools/deploy.go:100.2,100.94 1 0
github.com/kayushkin/inber/tools/deploy.go:104.25,105.50 1 0
github.com/kayushkin/inber/tools/deploy.go:105.50,107.3 1 0
github.com/kayushkin/inber/tools/deploy.go:108.2,108.16 1 0
github.com/kayushkin/inber/tools/interface.go:36.30,40.2 1 1
github.com/kayushkin/inber/tools/interface.go:44.40,46.2 1 1
github.com/kayushkin/inber/tools/interface.go:49.42,51.2 1 0
github.com/kayushkin/inber/tools/interface.go:54.34,56.31 2 0
github.com/kayushkin/inber/tools/interface.go:56.31,58.3 1 0
github.com/kayushkin/inber/tools/interface.go:59.2,59.15 1 0
github.com/kayushkin/inber/tools/interface.go:63.37,65.28 2 0
github.com/kayushkin/inber/tools/interface.go:65.28,67.3 1 0
github.com/kayushkin/inber/tools/interface.go:68.2,68.14 1 0
github.com/kayushkin/inber/tools/interface.go:72.32,74.2 1 0
github.com/kayushkin/inber/tools/interface.go:77.28,79.2 1 0
github.com/kayushkin/inber/tools/tools.go:16.39,23.2 1 1
github.com/kayushkin/inber/tools/tools.go:29.13,39.2 8 1
github.com/kayushkin/inber/tools/tools.go:42.29,42.67 1 1
github.com/kayushkin/inber/tools/tools.go:45.40,48.64 3 0
github.com/kayushkin/inber/tools/tools.go:48.64,51.62 2 0
github.com/kayushkin/inber/tools/tools.go:51.62,52.66 1 0
github.com/kayushkin/inber/tools/tools.go:52.66,54.56 2 0
github.com/kayushkin/inber/tools/tools.go:54.56,56.6 1 0
github.com/kayushkin/inber/tools/tools.go:59.3,59.27 1 0
github.com/kayushkin/inber/tools/tools.go:61.2,61.16 1 0
github.com/kayushkin/inber/tools/tools.go:63.29,63.70 1 1
github.com/kayushkin/inber/tools/tools.go:64.29,64.71 1 1
github.com/kayushkin/inber/tools/tools.go:65.29,65.70 1 1
github.com/kayushkin/inber/tools/tools.go:66.29,66.71 1 1
github.com/kayushkin/inber/tools/tools.go:69.66,71.2 1 0
github.com/kayushkin/inber/tools/tools.go:73.45,75.2 1 0
github.com/kayushkin/inber/tools/tools.go:78.27,78.67 1 1
github.com/kayushkin/inber/tools/tools.go:81.29,81.71 1 1
github.com/kayushkin/inber/tools/tools.go:84.28,84.69 1 1
github.com/kayushkin/inber/tools/tools.go:88.25,96.2 1 1
github.com/kayushkin/inber/tools/tools.go:101.32,103.2 1 0
github.com/kayushkin/inber/tools/tools.go:106.30,108.2 1 0
github.com/kayushkin/inber/tools/tools.go:112.37,115.29 3 0
github.com/kayushkin/inber/tools/tools.go:115.29,117.3 1 0
github.com/kayushkin/inber/tools/tools.go:118.2,118.15 1 0
github.com/kayushkin/inber/tools/tools.go:123.43,125.29 2 0
github.com/kayushkin/inber/tools/tools.go:125.29,126.53 1 0
github.com/kayushkin/inber/tools/tools.go:126.53,128.4 1 0
github.com/kayushkin/inber/tools/tools.go:130.2,130.15 1 0
github.com/kayushkin/inber/tools/tools.go:134.31,136.2 1 0
github.com/kayushkin/inber/session/active.go:24.40,26.2 1 0
github.com/kayushkin/inber/session/active.go:29.85,31.47 2 0
github.com/kayushkin/inber/session/active.go:31.47,33.3 1 0
github.com/kayushkin/inber/session/active.go:35.2,46.16 3 0
github.com/kayushkin/inber/session/active.go:46.16,48.3 1 0
github.com/kayushkin/inber/session/active.go:50.2,51.55 2 0
github.com/kayushkin/inber/session/active.go:51.55,53.3 1 0
github.com/kayushkin/inber/session/active.go:54.2,54.18 1 0
github.com/kayushkin/inber/session/active.go:58.51,61.2 2 0
github.com/kayushkin/inber/session/active.go:64.59,67.16 3 0
github.com/kayushkin/inber/session/active.go:67.16,68.25 1 0
github.com/kayushkin/inber/session/active.go:68.25,70.4 1 0
github.com/kayushkin/inber/session/active.go:71.3,71.85 1 0
github.com/kayushkin/inber/session/active.go:74.2,75.28 2 0
github.com/kayushkin/inber/session/active.go:75.28,76.53 1 0
github.com/kayushkin/inber/session/active.go:76.53,77.12 1 0
github.com/kayushkin/inber/session/active.go:80.3,82.17 3 0
github.com/kayushkin/inber/session/active.go:82.17,83.12 1 0
github.com/kayushkin/inber/session/active.go:86.3,87.53 2 0
github.com/kayushkin/inber/session/active.go:87.53,88.12 1 0
github.com/kayushkin/inber/session/active.go:92.3,92.32 1 0
github.com/kayushkin/inber/session/active.go:92.32,94.12 2 0
github.com/kayushkin/inber/session/active.go:97.3,97.32 1 0
github.com/kayushkin/inber/session/active.go:100.2,100.20 1 0
github.com/kayushkin/inber/session/active.go:103.35,105.16 2 0
github.com/kayushkin/inber/session/active.go:105.16,107.3 1 0
github.com/kayushkin/inber/session/active.go:108.2,109.19 2 0
github.com/kayushkin/inber/session/checkpoint.go:35.49,42.2 1 0
github.com/kayushkin/inber/session/checkpoint.go:45.110,46.23 1 0
github.com/kayushkin/inber/session/checkpoint.go:46.23,48.3 1 0
github.com/kayushkin/inber/session/checkpoint.go:50.2,54.38 3 0
github.com/kayushkin/inber/session/checkpoint.go:54.38,56.3 1 0
github.com/kayushkin/inber/session/checkpoint.go:59.2,73.16 4 0
github.com/kayushkin/inber/session/checkpoint.go:73.16,75.3 1 0
github.com/kayushkin/inber/session/checkpoint.go:77.2,77.65 1 0
github.com/kayushkin/inber/session/checkpoint.go:77.65,79.3 1 0
github.com/kayushkin/inber/session/checkpoint.go:82.2,84.12 2 0
github.com/kayushkin/inber/session/checkpoint.go:88.57,92.16 3 0
github.com/kayushkin/inber/session/checkpoint.go:92.16,93.25 1 0
github.com/kayushkin/inber/session/checkpoint.go:93.25,95.4 1 0
github.com/kayushkin/inber/session/checkpoint.go:96.3,96.63 1 0
github.com/kayushkin/inber/session/checkpoint.go:99.2,100.58 2 0
github.com/kayushkin/inber/session/checkpoint.go:100.58,102.3 1 0
github.com/kayushkin/inber/session/checkpoint.go:104.2,104.25 1 0
github.com/kayushkin/inber/session/checkpoint.go:108.60,109.18 1 0
github.com/kayushkin/inber/session/checkpoint.go:109.18,111.3 1 0
github.com/kayushkin/inber/session/checkpoint.go:112.2,112.43 1 0
github.com/kayushkin/inber/session/checkpoint.go:116.43,119.2 2 0
github.com/kayushkin/inber/session/checkpoint.go:122.55,128.2 1 0
github.com/kayushkin/inber/session/checkpoint.go:131.59,134.51 2 0
github.com/kayushkin/inber/session/checkpoint.go:134.51,135.25 1 0
github.com/kayushkin/inber/session/checkpoint.go:135.25,137.4 1 0
github.com/kayushkin/inber/session/checkpoint.go:138.3,138.87 1 0
github.com/kayushkin/inber/session/checkpoint.go:141.2,141.38 1 0
github.com/kayushkin/inber/session/checkpoint.go:146.80,155.31 3 0
github.com/kayushkin/inber/session/checkpoint.go:155.31,156.54 1 0
github.com/kayushkin/inber/session/checkpoint.go:156.54,157.12 1 0
github.com/kayushkin/inber/session/checkpoint.go:160.3,161.20 2 0
github.com/kayushkin/inber/session/checkpoint.go:161.20,162.12 1 0
github.com/kayushkin/inber/session/checkpoint.go:165.3,168.43 2 0
github.com/kayushkin/inber/session/checkpoint.go:168.43,169.47 1 0
github.com/kayushkin/inber/session/checkpoint.go:169.47,172.40 2 0
github.com/kayushkin/inber/session/checkpoint.go:172.40,173.67 1 0
github.com/kayushkin/inber/session/checkpoint.go:173.67,175.33 2 0
github.com/kayushkin/inber/session/checkpoint.go:175.33,177.8 1 0
github.com/kayushkin/inber/session/checkpoint.go:178.7,178.12 1 0
github.com/kayushkin/inber/session/checkpoint.go:185.2,185.14 1 0
github.com/kayushkin/inber/session/checkpoint.go:189.64,191.36 2 0
github.com/kayushkin/inber/session/checkpoint.go:191.36,192.26 1 0
github.com/kayushkin/inber/session/checkpoint.go:192.26,194.4 1 0
github.com/kayushkin/inber/session/checkpoint.go:196.2,196.34 1 0
github.com/kayushkin/inber/session/checkpoint.go:200.43,205.25 3 0
github.com/kayushkin/inber/session/checkpoint.go:205.25,207.39 2 0
github.com/kayushkin/inber/session/checkpoint.go:207.39,209.26 2 0
github.com/kayushkin/inber/session/checkpoint.go:209.26,211.5 1 0
github.com/kayushkin/inber/session/checkpoint.go:212.4,212.17 1 0
github.com/kayushkin/inber/session/checkpoint.go:216.2,216.23 1 0
github.com/kayushkin/inber/session/checkpoint.go:216.23,218.3 1 0
github.com/kayushkin/inber/session/checkpoint.go:220.2,220.18 1 0
github.com/kayushkin/inber/session/checkpoint.go:225.76,226.24 1 0
github.com/kayushkin/inber/session/checkpoint.go:226.24,228.3 1 0
github.com/kayushkin/inber/session/checkpoint.go:230.2,234.31 4 0
github.com/kayushkin/inber/session/checkpoint.go:234.31,235.49 1 0
github.com/kayushkin/inber/session/checkpoint.go:235.49,237.4 1 0
github.com/kayushkin/inber/session/checkpoint.go:237.9,237.61 1 0
github.com/kayushkin/inber/session/checkpoint.go:237.61,239.4 1 0
github.com/kayushkin/inber/session/checkpoint.go:242.3,242.37 1 0
github.com/kayushkin/inber/session/checkpoint.go:242.37,243.30 1 0
github.com/kayushkin/inber/session/checkpoint.go:243.30,245.5 1 0
github.com/kayushkin/inber/session/checkpoint.go:249.2,250.50 1 0
github.com/kayushkin/inber/session/cost.go:8.34,12.2 2 1
github.com/kayushkin/inber/session/cost.go:15.70,18.2 2 0
github.com/kayushkin/inber/session/db.go:8.37,10.2 1 0
github.com/kayushkin/inber/session/db.go:12.39,13.13 1 0
github.com/kayushkin/inber/session/db.go:13.13,15.3 1 0
github.com/kayushkin/inber/session/db.go:16.2,16.47 1 0
github.com/kayushkin/inber/session/db_migration.go:13.52,15.47 2 0
github.com/kayushkin/inber/session/db_migration.go:15.47,17.3 1 0
github.com/kayushkin/inber/session/db_migration.go:19.2,21.16 3 0
github.com/kayushkin/inber/session/db_migration.go:21.16,23.3 1 0
github.com/kayushkin/inber/session/db_migration.go:25.2,25.36 1 0
github.com/kayushkin/inber/session/db_migration.go:25.36,28.3 2 0
github.com/kayushkin/inber/session/db_migration.go:30.2,30.34 1 0
github.com/kayushkin/inber/session/db_migration.go:33.32,67.16 2 0
github.com/kayushkin/inber/session/db_migration.go:67.16,69.3 1 0
github.com/kayushkin/inber/session/db_migration.go:72.2,73.12 2 0
github.com/kayushkin/inber/session/db_sessions.go:9.58,16.2 2 0
github.com/kayushkin/inber/session/db_sessions.go:19.67,26.2 2 0
github.com/kayushkin/inber/session/db_sessions.go:29.61,30.21 1 0
github.com/kayushkin/inber/session/db_sessions.go:30.21,32.3 1 0
github.com/kayushkin/inber/session/db_sessions.go:33.2,34.12 2 0
github.com/kayushkin/inber/session/db_sessions.go:39.71,51.16 2 0
github.com/kayushkin/inber/session/db_sessions.go:51.16,53.3 1 0
github.com/kayushkin/inber/session/db_sessions.go:54.2,58.18 4 0
github.com/kayushkin/inber/session/db_sessions.go:58.18,63.17 5 0
github.com/kayushkin/inber/session/db_sessions.go:63.17,65.4 1 0
github.com/kayushkin/inber/session/db_sessions.go:66.3,68.27 3 0
github.com/kayushkin/inber/session/db_sessions.go:68.27,70.12 2 0
github.com/kayushkin/inber/session/db_sessions.go:72.3,73.29 2 0
github.com/kayushkin/inber/session/db_sessions.go:77.2,77.27 1 0
github.com/kayushkin/inber/session/db_sessions.go:77.27,79.3 1 0
github.com/kayushkin/inber/session/db_sessions.go:81.2,81.20 1 0
github.com/kayushkin/inber/session/db_sessions.go:85.73,96.16 2 0
github.com/kayushkin/inber/session/db_sessions.go:96.16,98.3 1 0
github.com/kayushkin/inber/session/db_sessions.go:99.2,102.18 3 0
github.com/kayushkin/inber/session/db_sessions.go:102.18,110.17 4 0
github.com/kayushkin/inber/session/db_sessions.go:110.17,112.4 1 0
github.com/kayushkin/inber/session/db_sessions.go:113.3,113.20 1 0
github.com/kayushkin/inber/session/db_sessions.go:113.20,116.4 2 0
github.com/kayushkin/inber/session/db_sessions.go:116.9,118.4 1 0
github.com/kayushkin/inber/session/db_sessions.go:119.3,119.30 1 0
github.com/kayushkin/inber/session/db_sessions.go:121.2,121.20 1 0
github.com/kayushkin/inber/session/db_sessions.go:126.62,128.16 2 0
github.com/kayushkin/inber/session/db_sessions.go:128.16,130.3 1 0
github.com/kayushkin/inber/session/db_sessions.go:132.2,133.24 2 0
github.com/kayushkin/inber/session/db_sessions.go:133.24,134.28 1 0
github.com/kayushkin/inber/session/db_sessions.go:134.28,136.4 1 0
github.com/kayushkin/inber/session/db_sessions.go:136.9,138.4 1 0
github.com/kayushkin/inber/session/db_sessions.go:140.2,140.19 1 0
github.com/kayushkin/inber/session/db_sessions.go:144.56,146.16 2 0
github.com/kayushkin/inber/session/db_sessions.go:146.16,148.3 1 0
github.com/kayushkin/inber/session/db_sessions.go:150.2,151.24 2 0
github.com/kayushkin/inber/session/db_sessions.go:151.24,152.29 1 0
github.com/kayushkin/inber/session/db_sessions.go:152.29,155.4 2 0
github.com/kayushkin/inber/session/db_sessions.go:157.2,157.19 1 0
github.com/kayushkin/inber/session/db_sessions.go:160.77,171.16 2 0
github.com/kayushkin/inber/session/db_sessions.go:171.16,173.3 1 0
github.com/kayushkin/inber/session/db_sessions.go:174.2,177.18 3 0
github.com/kayushkin/inber/session/db_sessions.go:177.18,185.17 4 0
github.com/kayushkin/inber/session/db_sessions.go:185.17,187.4 1 0
github.com/kayushkin/inber/session/db_sessions.go:188.3,188.20 1 0
github.com/kayushkin/inber/session/db_sessions.go:188.20,191.4 2 0
github.com/kayushkin/inber/session/db_sessions.go:191.9,193.4 1 0
github.com/kayushkin/inber/session/db_sessions.go:194.3,194.30 1 0
github.com/kayushkin/inber/session/db_sessions.go:196.2,196.20 1 0
github.com/kayushkin/inber/session/db_turns.go:9.52,16.2 2 0
github.com/kayushkin/inber/session/db_turns.go:19.142,28.2 2 0
github.com/kayushkin/inber/session/db_turns.go:31.76,38.2 2 0
github.com/kayushkin/inber/session/db_turns.go:41.69,47.16 2 0
github.com/kayushkin/inber/session/db_turns.go:47.16,49.3 1 0
github.com/kayushkin/inber/session/db_turns.go:50.2,53.18 3 0
github.com/kayushkin/inber/session/db_turns.go:53.18,59.17 4 0
github.com/kayushkin/inber/session/db_turns.go:59.17,61.4 1 0
github.com/kayushkin/inber/session/db_turns.go:62.3,62.20 1 0
github.com/kayushkin/inber/session/db_turns.go:62.20,64.4 1 0
github.com/kayushkin/inber/session/db_turns.go:65.3,65.29 1 0
github.com/kayushkin/inber/session/db_turns.go:67.2,67.20 1 0
github.com/kayushkin/inber/session/jsonl.go:11.78,13.51 1 0
github.com/kayushkin/inber/session/jsonl.go:13.51,15.3 1 0
github.com/kayushkin/inber/session/jsonl.go:18.2,27.16 5 0
github.com/kayushkin/inber/session/jsonl.go:27.16,29.3 1 0
github.com/kayushkin/inber/session/jsonl.go:31.2,31.18 1 0
github.com/kayushkin/inber/session/jsonl.go:35.39,42.2 4 1
github.com/kayushkin/inber/session/jsonl.go:45.32,46.19 1 0
github.com/kayushkin/inber/session/jsonl.go:46.19,48.3 1 0
github.com/kayushkin/inber/session/jsonl.go:52.46,66.2 5 1
github.com/kayushkin/inber/session/jsonl.go:69.50,75.16 5 0
github.com/kayushkin/inber/session/jsonl.go:75.16,77.3 1 0
github.com/kayushkin/inber/session/jsonl.go:79.2,87.16 2 0
github.com/kayushkin/inber/session/logstack.go:18.76,19.15 1 0
github.com/kayushkin/inber/session/logstack.go:19.15,21.3 1 0
github.com/kayushkin/inber/session/logstack.go:22.2,26.3 1 0
github.com/kayushkin/inber/session/logstack.go:30.41,31.35 1 1
github.com/kayushkin/inber/session/logstack.go:31.35,33.3 1 1
github.com/kayushkin/inber/session/logstack.go:35.2,35.12 1 0
github.com/kayushkin/inber/session/logstack.go:35.12,37.46 2 0
github.com/kayushkin/inber/session/logstack.go:37.46,39.4 1 0
github.com/kayushkin/inber/session/logstack.go:44.85,47.16 2 0
github.com/kayushkin/inber/session/logstack.go:48.19,49.42 1 0
github.com/kayushkin/inber/session/logstack.go:50.21,51.44 1 0
github.com/kayushkin/inber/session/logstack.go:52.16,53.43 1 0
github.com/kayushkin/inber/session/logstack.go:57.2,58.15 2 0
github.com/kayushkin/inber/session/logstack.go:58.15,60.3 1 0
github.com/kayushkin/inber/session/logstack.go:63.2,64.27 2 0
github.com/kayushkin/inber/session/logstack.go:64.27,66.3 1 0
github.com/kayushkin/inber/session/logstack.go:68.2,87.3 1 0
github.com/kayushkin/inber/session/prompts.go:14.31,16.36 2 1
github.com/kayushkin/inber/session/prompts.go:16.36,17.63 1 1
github.com/kayushkin/inber/session/prompts.go:17.63,19.4 1 1
github.com/kayushkin/inber/session/prompts.go:20.3,20.39 1 0
github.com/kayushkin/inber/session/prompts.go:20.39,22.4 1 0
github.com/kayushkin/inber/session/prompts.go:23.3,23.12 1 0
github.com/kayushkin/inber/session/prompts.go:26.2,26.32 1 1
github.com/kayushkin/inber/session/prompts.go:26.32,28.3 1 0
github.com/kayushkin/inber/session/prompts.go:29.2,29.29 1 1
github.com/kayushkin/inber/session/prompts_read.go:11.72,16.85 2 1
github.com/kayushkin/inber/session/prompts_read.go:16.85,17.33 1 1
github.com/kayushkin/inber/session/prompts_read.go:17.33,19.4 1 1
github.com/kayushkin/inber/session/prompts_read.go:20.3,20.45 1 1
github.com/kayushkin/inber/session/prompts_read.go:20.45,22.4 1 0
github.com/kayushkin/inber/session/prompts_read.go:24.3,24.83 1 1
github.com/kayushkin/inber/session/prompts_read.go:24.83,26.4 1 1
github.com/kayushkin/inber/session/prompts_read.go:28.3,28.48 1 1
github.com/kayushkin/inber/session/prompts_read.go:28.48,30.4 1 0
github.com/kayushkin/inber/session/prompts_read.go:31.3,31.13 1 1
github.com/kayushkin/inber/session/prompts_read.go:34.2,34.16 1 1
github.com/kayushkin/inber/session/prompts_read.go:34.16,36.3 1 0
github.com/kayushkin/inber/session/prompts_read.go:37.2,37.19 1 1
github.com/kayushkin/inber/session/prompts_read.go:41.79,46.78 4 1
github.com/kayushkin/inber/session/prompts_read.go:46.78,47.33 1 1
github.com/kayushkin/inber/session/prompts_read.go:47.33,49.4 1 1
github.com/kayushkin/inber/session/prompts_read.go:50.3,51.34 1 1
github.com/kayushkin/inber/session/prompts_read.go:51.34,54.4 2 1
github.com/kayushkin/inber/session/prompts_read.go:55.3,55.13 1 0
github.com/kayushkin/inber/session/prompts_read.go:58.2,58.17 1 1
github.com/kayushkin/inber/session/prompts_read.go:58.17,60.3 1 1
github.com/kayushkin/inber/session/prompts_read.go:62.2,63.16 2 1
github.com/kayushkin/inber/session/prompts_read.go:63.16,65.3 1 0
github.com/kayushkin/inber/session/prompts_read.go:66.2,66.26 1 1
github.com/kayushkin/inber/session/prompts_tokens.go:12.63,14.29 2 1
github.com/kayushkin/inber/session/prompts_tokens.go:14.29,16.25 2 0
github.com/kayushkin/inber/session/prompts_tokens.go:16.25,20.70 3 0
github.com/kayushkin/inber/session/prompts_tokens.go:20.70,22.5 1 0
github.com/kayushkin/inber/session/prompts_tokens.go:25.2,25.14 1 1
github.com/kayushkin/inber/session/prompts_tokens.go:29.66,31.27 2 1
github.com/kayushkin/inber/session/prompts_tokens.go:31.27,33.3 1 1
github.com/kayushkin/inber/session/prompts_tokens.go:34.2,34.14 1 1
github.com/kayushkin/inber/session/prompts_tokens.go:38.67,40.31 2 1
github.com/kayushkin/inber/session/prompts_tokens.go:40.31,42.37 2 1
github.com/kayushkin/inber/session/prompts_tokens.go:42.37,43.27 1 1
github.com/kayushkin/inber/session/prompts_tokens.go:43.27,45.5 1 1
github.com/kayushkin/inber/session/prompts_tokens.go:45.10,45.66 1 0
github.com/kayushkin/inber/session/prompts_tokens.go:45.66,47.5 1 0
github.com/kayushkin/inber/session/prompts_tokens.go:50.2,50.14 1 1
github.com/kayushkin/inber/session/prompts_write.go:25.117,32.54 6 1
github.com/kayushkin/inber/session/prompts_write.go:32.54,34.3 1 0
github.com/kayushkin/inber/session/prompts_write.go:37.2,37.15 1 1
github.com/kayushkin/inber/session/prompts_write.go:37.15,40.3 2 1
github.com/kayushkin/inber/session/prompts_write.go:43.2,55.15 9 1
github.com/kayushkin/inber/session/prompts_write.go:55.15,57.3 1 1
github.com/kayushkin/inber/session/prompts_write.go:57.8,59.38 2 0
github.com/kayushkin/inber/session/prompts_write.go:59.38,61.4 1 0
github.com/kayushkin/inber/session/prompts_write.go:62.3,64.51 3 0
github.com/kayushkin/inber/session/prompts_write.go:68.2,78.54 10 1
github.com/kayushkin/inber/session/prompts_write.go:85.102,86.22 1 1
github.com/kayushkin/inber/session/prompts_write.go:86.22,88.3 1 0
github.com/kayushkin/inber/session/prompts_write.go:90.2,97.31 7 1
github.com/kayushkin/inber/session/prompts_write.go:97.31,103.52 4 1
github.com/kayushkin/inber/session/prompts_write.go:103.52,105.4 1 0
github.com/kayushkin/inber/session/prompts_write.go:108.3,119.91 8 1
github.com/kayushkin/inber/session/prompts_write.go:122.2,123.84 2 1
github.com/kayushkin/inber/session/prompts_write.go:127.74,130.21 3 1
github.com/kayushkin/inber/session/prompts_write.go:130.21,134.3 3 1
github.com/kayushkin/inber/session/prompts_write.go:136.2,137.29 2 0
github.com/kayushkin/inber/session/prompts_write.go:137.29,138.25 1 0
github.com/kayushkin/inber/session/prompts_write.go:138.25,142.18 4 0
github.com/kayushkin/inber/session/prompts_write.go:142.18,144.5 1 0
github.com/kayushkin/inber/session/prompts_write.go:146.4,147.41 2 0
github.com/kayushkin/inber/session/prompts_write.go:147.41,151.5 3 0
github.com/kayushkin/inber/session/prompts_write.go:155.2,157.80 3 0
github.com/kayushkin/inber/session/prompts_write.go:161.105,162.22 1 0
github.com/kayushkin/inber/session/prompts_write.go:162.22,164.3 1 0
github.com/kayushkin/inber/session/prompts_write.go:165.2,166.31 2 0
github.com/kayushkin/inber/session/prompts_write.go:166.31,169.52 3 0
github.com/kayushkin/inber/session/prompts_write.go:169.52,171.4 1 0
github.com/kayushkin/inber/session/prompts_write.go:172.3,173.38 2 0
github.com/kayushkin/inber/session/prompts_write.go:178.94,179.32 1 1
github.com/kayushkin/inber/session/prompts_write.go:179.32,182.3 2 0
github.com/kayushkin/inber/session/prompts_write.go:183.2,185.45 3 1
github.com/kayushkin/inber/session/prompts_write.go:185.45,191.37 5 1
github.com/kayushkin/inber/session/prompts_write.go:191.37,192.27 1 1
github.com/kayushkin/inber/session/prompts_write.go:192.27,195.23 3 1
github.com/kayushkin/inber/session/prompts_write.go:195.23,197.6 1 0
github.com/kayushkin/inber/session/prompts_write.go:197.11,199.6 1 1
github.com/kayushkin/inber/session/prompts_write.go:200.10,200.37 1 0
github.com/kayushkin/inber/session/prompts_write.go:200.37,203.5 2 0
github.com/kayushkin/inber/session/prompts_write.go:203.10,203.40 1 0
github.com/kayushkin/inber/session/prompts_write.go:203.40,206.5 2 0
github.com/kayushkin/inber/session/prompts_write.go:208.3,209.95 2 1
github.com/kayushkin/inber/session/resume.go:17.39,20.23 3 0
github.com/kayushkin/inber/session/resume.go:20.23,21.105 1 0
github.com/kayushkin/inber/session/resume.go:21.105,23.4 1 0
github.com/kayushkin/inber/session/resume.go:23.9,25.4 1 0
github.com/kayushkin/inber/session/resume.go:27.2,28.18 2 0
github.com/kayushkin/inber/session/resume.go:28.18,30.3 1 0
github.com/kayushkin/inber/session/resume.go:31.2,31.15 1 0
github.com/kayushkin/inber/session/resume.go:36.69,38.16 2 0
github.com/kayushkin/inber/session/resume.go:38.16,40.3 1 0
github.com/kayushkin/inber/session/resume.go:41.2,49.21 6 0
github.com/kayushkin/inber/session/resume.go:49.21,51.65 2 0
github.com/kayushkin/inber/session/resume.go:51.65,52.12 1 0
github.com/kayushkin/inber/session/resume.go:54.3,54.21 1 0
github.com/kayushkin/inber/session/resume.go:55.56,56.36 1 0
github.com/kayushkin/inber/session/resume.go:59.2,59.38 1 0
github.com/kayushkin/inber/session/resume.go:59.38,61.3 1 0
github.com/kayushkin/inber/session/resume.go:67.2,68.23 2 0
github.com/kayushkin/inber/session/resume.go:68.23,71.17 2 0
github.com/kayushkin/inber/session/resume.go:72.15,76.7 2 0
github.com/kayushkin/inber/session/resume.go:78.20,81.23 2 0
github.com/kayushkin/inber/session/resume.go:81.23,85.5 1 0
github.com/kayushkin/inber/session/resume.go:86.4,88.59 2 0
github.com/kayushkin/inber/session/resume.go:88.59,98.5 3 0
github.com/kayushkin/inber/session/resume.go:99.4,102.6 1 0
github.com/kayushkin/inber/session/resume.go:104.20,107.59 2 0
github.com/kayushkin/inber/session/resume.go:107.59,117.5 3 0
github.com/kayushkin/inber/session/resume.go:118.4,121.6 1 0
github.com/kayushkin/inber/session/resume.go:123.22,126.61 2 0
github.com/kayushkin/inber/session/resume.go:126.61,132.5 3 0
github.com/kayushkin/inber/session/resume.go:133.4,133.68 1 0
github.com/kayushkin/inber/session/resume.go:137.2,137.22 1 0
github.com/kayushkin/inber/session/resume.go:142.68,144.54 2 0
github.com/kayushkin/inber/session/resume.go:144.54,146.3 1 0
github.com/kayushkin/inber/session/resume.go:148.2,154.80 3 0
github.com/kayushkin/inber/session/resume.go:154.80,155.30 1 0
github.com/kayushkin/inber/session/resume.go:155.30,157.4 1 0
github.com/kayushkin/inber/session/resume.go:158.3,158.34 1 0
github.com/kayushkin/inber/session/resume.go:158.34,161.4 2 0
github.com/kayushkin/inber/session/resume.go:161.9,161.51 1 0
github.com/kayushkin/inber/session/resume.go:161.51,164.4 1 0
github.com/kayushkin/inber/session/resume.go:165.3,165.13 1 0
github.com/kayushkin/inber/session/resume.go:168.2,168.26 1 0
github.com/kayushkin/inber/session/resume.go:168.26,170.3 1 0
github.com/kayushkin/inber/session/resume.go:172.2,172.45 1 0
github.com/kayushkin/inber/session/resume.go:172.45,174.3 1 0
github.com/kayushkin/inber/session/resume.go:176.2,176.31 1 0
github.com/kayushkin/inber/session/resume.go:181.79,184.51 2 0
github.com/kayushkin/inber/session/resume.go:184.51,186.57 2 0
github.com/kayushkin/inber/session/resume.go:186.57,188.4 1 0
github.com/kayushkin/inber/session/resume.go:192.2,193.32 2 0
github.com/kayushkin/inber/session/session.go:62.23,66.2 3 1
github.com/kayushkin/inber/session/session.go:72.102,75.21 2 1
github.com/kayushkin/inber/session/session.go:75.21,77.3 1 1
github.com/kayushkin/inber/session/session.go:79.2,79.52 1 1
github.com/kayushkin/inber/session/session.go:79.52,81.3 1 0
github.com/kayushkin/inber/session/session.go:83.2,87.20 3 1
github.com/kayushkin/inber/session/session.go:87.20,89.3 1 0
github.com/kayushkin/inber/session/session.go:91.2,92.54 2 1
github.com/kayushkin/inber/session/session.go:92.54,94.3 1 0
github.com/kayushkin/inber/session/session.go:96.2,98.16 3 1
github.com/kayushkin/inber/session/session.go:98.16,100.3 1 0
github.com/kayushkin/inber/session/session.go:102.2,116.49 2 1
github.com/kayushkin/inber/session/session.go:116.49,118.3 1 0
github.com/kayushkin/inber/session/session.go:121.2,122.21 2 1
github.com/kayushkin/inber/session/session.go:122.21,124.3 1 1
github.com/kayushkin/inber/session/session.go:125.2,125.20 1 1
github.com/kayushkin/inber/session/session.go:125.20,127.3 1 0
github.com/kayushkin/inber/session/session.go:129.2,135.15 2 1
github.com/kayushkin/inber/session/session.go:139.38,141.2 1 1
github.com/kayushkin/inber/session/session.go:144.38,146.2 1 0
github.com/kayushkin/inber/session/session.go:150.33,152.2 1 0
github.com/kayushkin/inber/session/session.go:156.52,158.2 1 0
github.com/kayushkin/inber/session/session.go:163.28,164.45 1 0
github.com/kayushkin/inber/session/session.go:164.45,166.3 1 0
github.com/kayushkin/inber/session/session.go:167.2,167.12 1 0
github.com/kayushkin/inber/session/session.go:170.60,172.18 2 0
github.com/kayushkin/inber/session/session.go:172.18,183.3 1 0
github.com/kayushkin/inber/session/session.go:187.57,191.2 3 1
github.com/kayushkin/inber/session/session.go:195.59,199.2 3 1
github.com/kayushkin/inber/session/session.go:202.37,206.2 3 1
github.com/kayushkin/inber/session/session.go:221.27,224.20 2 1
github.com/kayushkin/inber/session/session.go:224.20,226.3 1 0
github.com/kayushkin/inber/session/session.go:230.45,234.16 3 0
github.com/kayushkin/inber/session/session.go:234.16,236.3 1 0
github.com/kayushkin/inber/session/session.go:238.2,238.20 1 0
github.com/kayushkin/inber/session/session.go:238.20,240.3 1 0
github.com/kayushkin/inber/session/session.go:244.37,246.2 1 1
github.com/kayushkin/inber/session/session.go:248.34,255.2 4 1
github.com/kayushkin/inber/session/session.go:258.81,264.16 3 0
github.com/kayushkin/inber/session/session.go:264.16,268.3 2 0
github.com/kayushkin/inber/session/session.go:270.2,274.15 3 0
github.com/kayushkin/inber/session/session.go:274.15,276.17 2 0
github.com/kayushkin/inber/session/session.go:276.17,278.4 1 0
github.com/kayushkin/inber/session/session.go:279.3,280.86 2 0
github.com/kayushkin/inber/session/session.go:281.8,283.17 2 0
github.com/kayushkin/inber/session/session.go:283.17,285.4 1 0
github.com/kayushkin/inber/session/session.go:286.3,286.18 1 0
github.com/kayushkin/inber/session/session.go:290.2,297.29 6 0
github.com/kayushkin/inber/session/session.go:297.29,298.42 1 0
github.com/kayushkin/inber/session/session.go:298.42,300.4 1 0
github.com/kayushkin/inber/session/session.go:301.3,301.20 1 0
github.com/kayushkin/inber/session/session.go:301.20,303.83 1 0
github.com/kayushkin/inber/session/session.go:303.83,304.10 1 0
github.com/kayushkin/inber/session/session.go:306.4,306.39 1 0
github.com/kayushkin/inber/session/session.go:310.2,310.24 1 0
github.com/kayushkin/inber/session/session.go:310.24,312.3 1 0
github.com/kayushkin/inber/session/session.go:316.40,318.55 1 0
github.com/kayushkin/inber/session/session.go:318.55,319.53 1 0
github.com/kayushkin/inber/session/session.go:319.53,321.5 1 0
github.com/kayushkin/inber/session/session.go:323.33,325.4 1 0
github.com/kayushkin/inber/session/session.go:326.55,328.4 1 0
github.com/kayushkin/inber/session/session.go:329.65,331.4 1 0
github.com/kayushkin/inber/session/session_logging.go:10.40,19.33 3 0
github.com/kayushkin/inber/session/session_logging.go:19.33,22.3 1 0
github.com/kayushkin/inber/session/session_logging.go:26.81,44.2 7 0
github.com/kayushkin/inber/session/session_logging.go:47.75,56.2 1 0
github.com/kayushkin/inber/session/session_logging.go:60.80,66.22 5 0
github.com/kayushkin/inber/session/session_logging.go:66.22,68.3 1 0
github.com/kayushkin/inber/session/session_logging.go:69.2,69.11 1 0
github.com/kayushkin/inber/session/session_logging.go:73.76,82.22 5 1
github.com/kayushkin/inber/session/session_logging.go:82.22,86.3 3 1
github.com/kayushkin/inber/session/session_logging.go:88.2,96.4 1 1
github.com/kayushkin/inber/session/session_logging.go:100.44,107.2 1 0
github.com/kayushkin/inber/session/session_logging.go:110.55,124.20 7 0
github.com/kayushkin/inber/session/session_logging.go:124.20,130.3 1 0
github.com/kayushkin/inber/session/session_logging.go:134.81,147.2 3 1
github.com/kayushkin/inber/session/session_logging.go:150.97,164.2 3 1
github.com/kayushkin/inber/session/session_logging.go:167.76,180.2 3 1
github.com/kayushkin/inber/session/session_logging.go:183.75,196.2 3 1
github.com/kayushkin/inber/session/session_logging.go:199.90,204.20 4 0
github.com/kayushkin/inber/session/session_logging.go:204.20,208.3 2 0
github.com/kayushkin/inber/session/session_logging.go:211.2,211.61 1 0
github.com/kayushkin/inber/session/timeline_cost.go:10.56,12.2 1 1
github.com/kayushkin/inber/session/timeline_cost.go:15.90,18.2 2 1
github.com/kayushkin/inber/session/timeline_cost.go:23.88,25.2 1 0
github.com/kayushkin/inber/session/timeline_cost.go:27.121,30.20 3 0
github.com/kayushkin/inber/session/timeline_cost.go:30.20,32.3 1 0
github.com/kayushkin/inber/session/timeline_cost.go:33.2,37.78 5 0
github.com/kayushkin/inber/session/timeline_format.go:10.73,15.35 4 1
github.com/kayushkin/inber/session/timeline_format.go:15.35,17.18 2 1
github.com/kayushkin/inber/session/timeline_format.go:18.17,19.35 1 1
github.com/kayushkin/inber/session/timeline_format.go:19.35,22.5 2 1
github.com/kayushkin/inber/session/timeline_format.go:23.4,23.66 1 1
github.com/kayushkin/inber/session/timeline_format.go:23.66,25.5 1 1
github.com/kayushkin/inber/session/timeline_format.go:25.10,27.5 1 1
github.com/kayushkin/inber/session/timeline_format.go:28.4,28.27 1 1
github.com/kayushkin/inber/session/timeline_format.go:28.27,30.5 1 1
github.com/kayushkin/inber/session/timeline_format.go:31.4,31.24 1 1
github.com/kayushkin/inber/session/timeline_format.go:33.20,36.101 2 1
github.com/kayushkin/inber/session/timeline_format.go:36.101,38.27 2 1
github.com/kayushkin/inber/session/timeline_format.go:38.27,40.6 1 0
github.com/kayushkin/inber/session/timeline_format.go:40.11,42.6 1 1
github.com/kayushkin/inber/session/timeline_format.go:43.5,43.8 1 1
github.com/kayushkin/inber/session/timeline_format.go:45.4,46.23 2 1
github.com/kayushkin/inber/session/timeline_format.go:46.23,48.5 1 1
github.com/kayushkin/inber/session/timeline_format.go:49.4,49.24 1 1
github.com/kayushkin/inber/session/timeline_format.go:51.22,53.22 1 0
github.com/kayushkin/inber/session/timeline_format.go:53.22,55.5 1 0
github.com/kayushkin/inber/session/timeline_format.go:55.10,57.5 1 0
github.com/kayushkin/inber/session/timeline_format.go:59.19,60.79 1 1
github.com/kayushkin/inber/session/timeline_format.go:62.16,67.24 2 1
github.com/kayushkin/inber/session/timeline_format.go:67.24,69.5 1 1
github.com/kayushkin/inber/session/timeline_format.go:70.4,70.19 1 1
github.com/kayushkin/inber/session/timeline_format.go:70.19,72.5 1 1
github.com/kayushkin/inber/session/timeline_format.go:73.4,73.74 1 1
github.com/kayushkin/inber/session/timeline_format.go:77.2,77.20 1 1
github.com/kayushkin/inber/session/timeline_format.go:81.51,86.22 2 1
github.com/kayushkin/inber/session/timeline_format.go:86.22,88.3 1 1
github.com/kayushkin/inber/session/timeline_format.go:89.2,89.17 1 1
github.com/kayushkin/inber/session/timeline_format.go:89.17,91.3 1 1
github.com/kayushkin/inber/session/timeline_format.go:92.2,92.70 1 1
github.com/kayushkin/inber/session/timeline_jsonl.go:14.91,16.16 2 1
github.com/kayushkin/inber/session/timeline_jsonl.go:16.16,18.3 1 0
github.com/kayushkin/inber/session/timeline_jsonl.go:19.2,27.21 7 1
github.com/kayushkin/inber/session/timeline_jsonl.go:27.21,29.36 2 1
github.com/kayushkin/inber/session/timeline_jsonl.go:29.36,30.12 1 0
github.com/kayushkin/inber/session/timeline_jsonl.go:33.3,34.62 2 1
github.com/kayushkin/inber/session/timeline_jsonl.go:34.62,35.12 1 0
github.com/kayushkin/inber/session/timeline_jsonl.go:39.3,39.25 1 1
github.com/kayushkin/inber/session/timeline_jsonl.go:39.25,41.4 1 1
github.com/kayushkin/inber/session/timeline_jsonl.go:43.3,43.21 1 1
github.com/kayushkin/inber/session/timeline_jsonl.go:44.18,55.62 2 1
github.com/kayushkin/inber/session/timeline_jsonl.go:55.62,58.49 2 1
github.com/kayushkin/inber/session/timeline_jsonl.go:58.49,59.40 1 1
github.com/kayushkin/inber/session/timeline_jsonl.go:59.40,60.53 1 1
github.com/kayushkin/inber/session/timeline_jsonl.go:60.53,61.52 1 1
github.com/kayushkin/inber/session/timeline_jsonl.go:61.52,63.14 2 1
github.com/kayushkin/inber/session/timeline_jsonl.go:66.7,66.12 1 1
github.com/kayushkin/inber/session/timeline_jsonl.go:69.5,76.34 2 1
github.com/kayushkin/inber/session/timeline_jsonl.go:79.19,79.19 0 0
github.com/kayushkin/inber/session/timeline_jsonl.go:83.20,91.6 2 1
github.com/kayushkin/inber/session/timeline_jsonl.go:93.22,100.6 1 1
github.com/kayushkin/inber/session/timeline_jsonl.go:102.20,110.55 2 1
github.com/kayushkin/inber/session/timeline_jsonl.go:110.55,113.43 2 1
github.com/kayushkin/inber/session/timeline_jsonl.go:113.43,114.39 1 1
github.com/kayushkin/inber/session/timeline_jsonl.go:114.39,116.7 1 1
github.com/kayushkin/inber/session/timeline_jsonl.go:117.6,117.36 1 1
github.com/kayushkin/inber/session/timeline_jsonl.go:117.36,118.12 1 1
github.com/kayushkin/inber/session/timeline_jsonl.go:122.5,130.7 1 1
github.com/kayushkin/inber/session/timeline_jsonl.go:135.2,135.38 1 1
github.com/kayushkin/inber/session/timeline_jsonl.go:135.38,137.3 1 0
github.com/kayushkin/inber/session/timeline_jsonl.go:139.2,139.24 1 1
github.com/kayushkin/inber/session/timeline_jsonl.go:139.24,141.3 1 0
github.com/kayushkin/inber/session/timeline_jsonl.go:143.2,143.31 1 1
github.com/kayushkin/inber/session/timeline_jsonl.go:147.71,150.19 2 1
github.com/kayushkin/inber/session/timeline_jsonl.go:150.19,152.3 1 0
github.com/kayushkin/inber/session/timeline_jsonl.go:154.2,155.16 2 1
github.com/kayushkin/inber/session/timeline_jsonl.go:155.16,157.3 1 0
github.com/kayushkin/inber/session/timeline_jsonl.go:159.2,159.47 1 1
github.com/kayushkin/inber/session/timeline_jsonl.go:163.57,165.78 2 1
github.com/kayushkin/inber/session/timeline_jsonl.go:165.78,166.30 1 1
github.com/kayushkin/inber/session/timeline_jsonl.go:166.30,168.4 1 1
github.com/kayushkin/inber/session/timeline_jsonl.go:169.3,169.71 1 1
github.com/kayushkin/inber/session/timeline_jsonl.go:169.71,172.4 2 1
github.com/kayushkin/inber/session/timeline_jsonl.go:173.3,173.13 1 0
github.com/kayushkin/inber/session/timeline_jsonl.go:175.2,175.14 1 1
github.com/kayushkin/inber/session/timeline_utils.go:9.44,11.19 2 1
github.com/kayushkin/inber/session/timeline_utils.go:11.19,13.3 1 1
github.com/kayushkin/inber/session/timeline_utils.go:14.2,14.24 1 0
github.com/kayushkin/inber/session/timeline_utils.go:17.50,22.39 2 1
github.com/kayushkin/inber/session/timeline_utils.go:22.39,26.84 2 1
github.com/kayushkin/inber/session/timeline_utils.go:26.84,27.32 1 1
github.com/kayushkin/inber/session/timeline_utils.go:27.32,29.5 1 0
github.com/kayushkin/inber/session/timeline_utils.go:30.4,30.45 1 1
github.com/kayushkin/inber/session/timeline_utils.go:35.2,35.139 1 1
github.com/kayushkin/inber/session/timeline_utils.go:35.139,40.61 2 1
github.com/kayushkin/inber/session/timeline_utils.go:40.61,42.18 2 1
github.com/kayushkin/inber/session/timeline_utils.go:42.18,44.5 1 0
github.com/kayushkin/inber/session/timeline_utils.go:45.4,45.18 1 1
github.com/kayushkin/inber/session/timeline_utils.go:45.18,47.5 1 1
github.com/kayushkin/inber/session/timeline_utils.go:52.2,53.17 2 1
github.com/kayushkin/inber/session/timeline_utils.go:53.17,55.3 1 1
github.com/kayushkin/inber/session/timeline_utils.go:56.2,56.10 1 1
github.com/kayushkin/inber/session/timeline_utils.go:59.48,61.16 2 1
github.com/kayushkin/inber/session/timeline_utils.go:61.16,63.3 1 1
github.com/kayushkin/inber/session/timeline_utils.go:64.2,65.15 2 1
github.com/kayushkin/inber/session/timeline_utils.go:65.15,67.3 1 1
github.com/kayushkin/inber/session/timeline_utils.go:68.2,68.53 1 1
github.com/kayushkin/inber/session/timeline_utils.go:71.33,72.14 1 1
github.com/kayushkin/inber/session/timeline_utils.go:72.14,74.3 1 1
github.com/kayushkin/inber/session/timeline_utils.go:75.2,75.47 1 0
github.com/kayushkin/inber/session/truncate.go:36.45,44.2 1 1
github.com/kayushkin/inber/session/truncate.go:47.38,49.2 1 1
github.com/kayushkin/inber/session/truncate.go:52.85,56.29 2 1
github.com/kayushkin/inber/session/truncate.go:56.29,62.3 1 1
github.com/kayushkin/inber/session/truncate.go:65.2,66.22 2 1
[...]
github.com/kayushkin/inber/memory_backup/recency.go:30.2,30.50 1 1
github.com/kayushkin/inber/memory_backup/recency.go:34.89,37.51 2 1
github.com/kayushkin/inber/memory_backup/recency.go:37.51,39.3 1 1
github.com/kayushkin/inber/memory_backup/recency.go:42.2,49.16 6 0
github.com/kayushkin/inber/memory_backup/recency.go:49.16,51.3 1 0
github.com/kayushkin/inber/memory_backup/recency.go:54.2,56.29 3 0
github.com/kayushkin/inber/memory_backup/recency.go:56.29,58.17 2 0
github.com/kayushkin/inber/memory_backup/recency.go:58.17,60.4 1 0
github.com/kayushkin/inber/memory_backup/recency.go:64.2,65.31 2 0
github.com/kayushkin/inber/memory_backup/recency.go:65.31,68.17 3 0
github.com/kayushkin/inber/memory_backup/recency.go:68.17,69.12 1 0
github.com/kayushkin/inber/memory_backup/recency.go:73.3,73.42 1 0
github.com/kayushkin/inber/memory_backup/recency.go:73.42,80.4 1 0
github.com/kayushkin/inber/memory_backup/recency.go:83.2,83.21 1 0
github.com/kayushkin/inber/memory_backup/recency.go:87.91,91.85 3 1
github.com/kayushkin/inber/memory_backup/recency.go:91.85,92.17 1 1
github.com/kayushkin/inber/memory_backup/recency.go:92.17,94.4 1 0
github.com/kayushkin/inber/memory_backup/recency.go:97.3,97.19 1 1
github.com/kayushkin/inber/memory_backup/recency.go:97.19,100.155 2 1
github.com/kayushkin/inber/memory_backup/recency.go:100.155,102.5 1 0
github.com/kayushkin/inber/memory_backup/recency.go:103.4,103.14 1 1
github.com/kayushkin/inber/memory_backup/recency.go:107.3,107.35 1 1
github.com/kayushkin/inber/memory_backup/recency.go:107.35,109.18 2 1
github.com/kayushkin/inber/memory_backup/recency.go:109.18,111.5 1 0
github.com/kayushkin/inber/memory_backup/recency.go:113.4,118.6 1 1
github.com/kayushkin/inber/memory_backup/recency.go:121.3,121.13 1 1
github.com/kayushkin/inber/memory_backup/recency.go:124.2,124.21 1 1
github.com/kayushkin/inber/memory_backup/recency.go:128.51,129.21 1 0
github.com/kayushkin/inber/memory_backup/recency.go:129.21,131.3 1 0
github.com/kayushkin/inber/memory_backup/recency.go:133.2,136.29 3 0
github.com/kayushkin/inber/memory_backup/recency.go:136.29,140.30 3 0
github.com/kayushkin/inber/memory_backup/recency.go:140.30,142.4 1 0
github.com/kayushkin/inber/memory_backup/recency.go:142.9,142.35 1 0
github.com/kayushkin/inber/memory_backup/recency.go:142.35,145.4 2 0
github.com/kayushkin/inber/memory_backup/recency.go:145.9,145.38 1 0
github.com/kayushkin/inber/memory_backup/recency.go:145.38,148.4 2 0
github.com/kayushkin/inber/memory_backup/recency.go:148.9,151.4 2 0
github.com/kayushkin/inber/memory_backup/recency.go:153.3,153.99 1 0
github.com/kayushkin/inber/memory_backup/recency.go:156.2,156.25 1 0
github.com/kayushkin/inber/memory_backup/remote.go:44.92,46.16 2 0
github.com/kayushkin/inber/memory_backup/remote.go:46.16,48.3 1 0
github.com/kayushkin/inber/memory_backup/remote.go:51.2,52.16 2 0
github.com/kayushkin/inber/memory_backup/remote.go:52.16,59.47 2 0
github.com/kayushkin/inber/memory_backup/remote.go:59.47,62.4 2 0
github.com/kayushkin/inber/memory_backup/remote.go:66.2,67.16 2 0
github.com/kayushkin/inber/memory_backup/remote.go:67.16,70.3 2 0
github.com/kayushkin/inber/memory_backup/remote.go:72.2,77.8 1 0
github.com/kayushkin/inber/memory_backup/remote.go:81.37,83.37 2 0
github.com/kayushkin/inber/memory_backup/remote.go:83.37,85.3 1 0
github.com/kayushkin/inber/memory_backup/remote.go:86.2,86.40 1 0
github.com/kayushkin/inber/memory_backup/remote.go:86.40,88.3 1 0
github.com/kayushkin/inber/memory_backup/remote.go:89.2,89.19 1 0
github.com/kayushkin/inber/memory_backup/remote.go:89.19,91.3 1 0
github.com/kayushkin/inber/memory_backup/remote.go:92.2,92.12 1 0
github.com/kayushkin/inber/memory_backup/remote.go:97.44,100.45 2 0
github.com/kayushkin/inber/memory_backup/remote.go:100.45,102.3 1 0
github.com/kayushkin/inber/memory_backup/remote.go:105.2,105.24 1 0
github.com/kayushkin/inber/memory_backup/remote.go:109.55,112.16 2 0
github.com/kayushkin/inber/memory_backup/remote.go:112.16,117.3 3 0
github.com/kayushkin/inber/memory_backup/remote.go:120.2,120.24 1 0
github.com/kayushkin/inber/memory_backup/remote.go:124.73,126.2 1 0
github.com/kayushkin/inber/memory_backup/remote.go:129.47,131.46 1 0
github.com/kayushkin/inber/memory_backup/remote.go:131.46,134.3 1 0
github.com/kayushkin/inber/memory_backup/remote.go:136.2,136.27 1 0
github.com/kayushkin/inber/memory_backup/remote.go:140.47,142.2 1 0
github.com/kayushkin/inber/memory_backup/remote.go:145.86,147.2 1 0
github.com/kayushkin/inber/memory_backup/remote.go:150.95,152.2 1 0
github.com/kayushkin/inber/memory_backup/remote.go:155.84,157.2 1 0
github.com/kayushkin/inber/memory_backup/remote.go:160.70,162.2 1 0
github.com/kayushkin/inber/memory_backup/remote.go:165.68,167.2 1 0
github.com/kayushkin/inber/memory_backup/remote.go:170.96,172.2 1 0
github.com/kayushkin/inber/memory_backup/remote.go:175.55,177.2 1 0
github.com/kayushkin/inber/memory_backup/remote.go:180.108,182.2 1 0
github.com/kayushkin/inber/memory_backup/remote.go:186.69,201.19 2 0
github.com/kayushkin/inber/memory_backup/remote.go:202.18,203.24 1 0
github.com/kayushkin/inber/memory_backup/remote.go:204.14,205.20 1 0
github.com/kayushkin/inber/memory_backup/remote.go:206.15,207.21 1 0
github.com/kayushkin/inber/memory_backup/remote.go:208.10,209.22 1 0
github.com/kayushkin/inber/memory_backup/remote.go:213.2,213.18 1 0
github.com/kayushkin/inber/memory_backup/remote.go:214.16,215.23 1 0
github.com/kayushkin/inber/memory_backup/remote.go:216.14,217.21 1 0
github.com/kayushkin/inber/memory_backup/remote.go:218.10,219.22 1 0
github.com/kayushkin/inber/memory_backup/remote.go:222.2,222.30 1 0
github.com/kayushkin/inber/memory_backup/remote.go:222.30,225.3 2 0
github.com/kayushkin/inber/memory_backup/remote.go:226.2,226.27 1 0
github.com/kayushkin/inber/memory_backup/remote.go:226.27,228.3 1 0
github.com/kayushkin/inber/memory_backup/remote.go:229.2,229.24 1 0
github.com/kayushkin/inber/memory_backup/remote.go:229.24,232.3 2 0
github.com/kayushkin/inber/memory_backup/remote.go:236.2,236.26 1 0
github.com/kayushkin/inber/memory_backup/remote.go:236.26,237.60 1 0
github.com/kayushkin/inber/memory_backup/remote.go:237.60,239.4 1 0
github.com/kayushkin/inber/memory_backup/remote.go:242.2,242.12 1 0
github.com/kayushkin/inber/memory_backup/remote.go:245.59,258.19 2 0
github.com/kayushkin/inber/memory_backup/remote.go:258.19,260.3 1 0
github.com/kayushkin/inber/memory_backup/remote.go:263.2,263.18 1 0
github.com/kayushkin/inber/memory_backup/remote.go:264.18,265.25 1 0
github.com/kayushkin/inber/memory_backup/remote.go:266.14,267.21 1 0
github.com/kayushkin/inber/memory_backup/remote.go:268.15,269.22 1 0
github.com/kayushkin/inber/memory_backup/remote.go:270.10,271.23 1 0
github.com/kayushkin/inber/memory_backup/remote.go:275.2,275.20 1 0
github.com/kayushkin/inber/memory_backup/remote.go:275.20,276.20 1 0
github.com/kayushkin/inber/memory_backup/remote.go:277.17,278.23 1 0
github.com/kayushkin/inber/memory_backup/remote.go:279.15,280.21 1 0
github.com/kayushkin/inber/memory_backup/remote.go:281.11,282.22 1 0
github.com/kayushkin/inber/memory_backup/remote.go:286.2,286.29 1 0
github.com/kayushkin/inber/memory_backup/remote.go:286.29,288.3 1 0
github.com/kayushkin/inber/memory_backup/remote.go:289.2,289.24 1 0
github.com/kayushkin/inber/memory_backup/remote.go:289.24,291.3 1 0
github.com/kayushkin/inber/memory_backup/remote.go:292.2,292.26 1 0
github.com/kayushkin/inber/memory_backup/remote.go:292.26,295.3 2 0
github.com/kayushkin/inber/memory_backup/remote.go:298.2,298.51 1 0
github.com/kayushkin/inber/memory_backup/remote.go:298.51,300.3 1 0
github.com/kayushkin/inber/memory_backup/remote.go:302.2,302.10 1 0
github.com/kayushkin/inber/memory_backup/scan.go:12.20,24.16 7 1
github.com/kayushkin/inber/memory_backup/scan.go:24.16,26.3 1 0
github.com/kayushkin/inber/memory_backup/scan.go:28.2,32.21 5 1
github.com/kayushkin/inber/memory_backup/scan.go:32.21,35.3 2 0
github.com/kayushkin/inber/memory_backup/scan.go:37.2,37.22 1 1
github.com/kayushkin/inber/memory_backup/scan.go:37.22,39.3 1 1
github.com/kayushkin/inber/memory_backup/scan.go:41.2,41.15 1 1
github.com/kayushkin/inber/memory_backup/scan.go:45.61,47.16 2 1
github.com/kayushkin/inber/memory_backup/scan.go:47.16,49.3 1 0
github.com/kayushkin/inber/memory_backup/scan.go:50.2,53.18 3 1
github.com/kayushkin/inber/memory_backup/scan.go:53.18,55.41 2 1
github.com/kayushkin/inber/memory_backup/scan.go:55.41,56.12 1 0
github.com/kayushkin/inber/memory_backup/scan.go:58.3,58.27 1 1
github.com/kayushkin/inber/memory_backup/scan.go:61.2,61.18 1 1
github.com/kayushkin/inber/memory_backup/search.go:13.67,14.16 1 1
github.com/kayushkin/inber/memory_backup/search.go:14.16,16.3 1 0
github.com/kayushkin/inber/memory_backup/search.go:19.2,30.16 5 1
github.com/kayushkin/inber/memory_backup/search.go:30.16,32.3 1 0
github.com/kayushkin/inber/memory_backup/search.go:33.2,42.18 5 1
github.com/kayushkin/inber/memory_backup/search.go:42.18,55.17 7 1
github.com/kayushkin/inber/memory_backup/search.go:55.17,56.12 1 0
github.com/kayushkin/inber/memory_backup/search.go:59.3,64.22 6 1
github.com/kayushkin/inber/memory_backup/search.go:64.22,67.4 2 1
github.com/kayushkin/inber/memory_backup/search.go:69.3,69.63 1 1
github.com/kayushkin/inber/memory_backup/search.go:69.63,70.12 1 0
github.com/kayushkin/inber/memory_backup/search.go:74.3,84.38 6 1
github.com/kayushkin/inber/memory_backup/search.go:87.2,87.35 1 1
github.com/kayushkin/inber/memory_backup/search.go:87.35,89.3 1 0
github.com/kayushkin/inber/memory_backup/search.go:92.2,92.24 1 1
github.com/kayushkin/inber/memory_backup/search.go:92.24,98.32 4 1
github.com/kayushkin/inber/memory_backup/search.go:98.32,101.4 2 1
github.com/kayushkin/inber/memory_backup/search.go:103.3,107.17 3 1
github.com/kayushkin/inber/memory_backup/search.go:107.17,109.23 2 1
github.com/kayushkin/inber/memory_backup/search.go:109.23,111.54 2 1
github.com/kayushkin/inber/memory_backup/search.go:111.54,113.6 1 1
github.com/kayushkin/inber/memory_backup/search.go:118.3,118.29 1 1
github.com/kayushkin/inber/memory_backup/search.go:118.29,120.40 2 1
github.com/kayushkin/inber/memory_backup/search.go:120.40,122.5 1 0
github.com/kayushkin/inber/memory_backup/search.go:127.2,127.39 1 1
github.com/kayushkin/inber/memory_backup/search.go:127.39,128.44 1 1
github.com/kayushkin/inber/memory_backup/search.go:128.44,129.49 1 1
github.com/kayushkin/inber/memory_backup/search.go:129.49,131.5 1 1
github.com/kayushkin/inber/memory_backup/search.go:136.2,136.29 1 1
github.com/kayushkin/inber/memory_backup/search.go:136.29,138.3 1 0
github.com/kayushkin/inber/memory_backup/search.go:140.2,141.31 2 1
github.com/kayushkin/inber/memory_backup/search.go:141.31,143.3 1 1
github.com/kayushkin/inber/memory_backup/search.go:145.2,145.20 1 1
github.com/kayushkin/inber/memory_backup/sessions.go:23.49,25.16 2 0
github.com/kayushkin/inber/memory_backup/sessions.go:25.16,27.3 1 0
github.com/kayushkin/inber/memory_backup/sessions.go:28.2,39.16 4 0
github.com/kayushkin/inber/memory_backup/sessions.go:39.16,41.3 1 0
github.com/kayushkin/inber/memory_backup/sessions.go:44.2,44.24 1 0
github.com/kayushkin/inber/memory_backup/sessions.go:44.24,46.17 2 0
github.com/kayushkin/inber/memory_backup/sessions.go:46.17,48.4 1 0
github.com/kayushkin/inber/memory_backup/sessions.go:49.3,51.33 2 0
github.com/kayushkin/inber/memory_backup/sessions.go:51.33,52.56 1 0
github.com/kayushkin/inber/memory_backup/sessions.go:52.56,54.5 1 0
github.com/kayushkin/inber/memory_backup/sessions.go:58.2,58.20 1 0
github.com/kayushkin/inber/memory_backup/sessions.go:62.102,69.2 3 0
github.com/kayushkin/inber/memory_backup/sessions.go:72.30,109.2 1 1
github.com/kayushkin/inber/memory_backup/store.go:48.56,50.69 2 0
github.com/kayushkin/inber/memory_backup/store.go:50.69,52.3 1 0
github.com/kayushkin/inber/memory_backup/store.go:55.2,55.75 1 0
github.com/kayushkin/inber/memory_backup/store.go:55.75,57.22 2 0
github.com/kayushkin/inber/memory_backup/store.go:57.22,59.4 1 0
github.com/kayushkin/inber/memory_backup/store.go:60.3,60.64 1 0
github.com/kayushkin/inber/memory_backup/store.go:68.2,68.30 1 0
github.com/kayushkin/inber/memory_backup/store.go:73.57,75.2 1 0
github.com/kayushkin/inber/memory_backup/tagger.go:22.40,44.2 1 1
github.com/kayushkin/inber/memory_backup/tagger.go:47.66,51.16 2 1
github.com/kayushkin/inber/memory_backup/tagger.go:52.14,53.22 1 1
github.com/kayushkin/inber/memory_backup/tagger.go:54.19,55.27 1 1
github.com/kayushkin/inber/memory_backup/tagger.go:56.21,57.29 1 1
github.com/kayushkin/inber/memory_backup/tagger.go:58.16,59.24 1 1
github.com/kayushkin/inber/memory_backup/tagger.go:60.16,61.24 1 1
github.com/kayushkin/inber/memory_backup/tagger.go:65.2,67.59 1 1
github.com/kayushkin/inber/memory_backup/tagger.go:67.59,69.3 1 1
github.com/kayushkin/inber/memory_backup/tagger.go:72.2,72.42 1 1
github.com/kayushkin/inber/memory_backup/tagger.go:72.42,73.32 1 1
github.com/kayushkin/inber/memory_backup/tagger.go:73.32,75.9 2 1
github.com/kayushkin/inber/memory_backup/tagger.go:80.2,80.41 1 1
github.com/kayushkin/inber/memory_backup/tagger.go:80.41,81.32 1 1
github.com/kayushkin/inber/memory_backup/tagger.go:81.32,83.9 2 1
github.com/kayushkin/inber/memory_backup/tagger.go:88.2,89.33 2 1
github.com/kayushkin/inber/memory_backup/tagger.go:89.33,92.40 2 1
github.com/kayushkin/inber/memory_backup/tagger.go:92.40,94.4 1 1
github.com/kayushkin/inber/memory_backup/tagger.go:98.2,99.24 2 1
github.com/kayushkin/inber/memory_backup/tagger.go:99.24,101.3 1 1
github.com/kayushkin/inber/memory_backup/tagger.go:103.2,103.15 1 1
github.com/kayushkin/inber/memory_backup/tagger.go:107.80,114.2 3 1
github.com/kayushkin/inber/memory_backup/tagger.go:117.64,121.45 3 1
github.com/kayushkin/inber/memory_backup/tagger.go:121.45,123.33 2 1
github.com/kayushkin/inber/memory_backup/tagger.go:123.33,124.22 1 1
github.com/kayushkin/inber/memory_backup/tagger.go:124.22,126.41 2 1
github.com/kayushkin/inber/memory_backup/tagger.go:126.41,129.6 2 1
github.com/kayushkin/inber/memory_backup/tagger.go:134.2,134.14 1 1
github.com/kayushkin/inber/memory_backup/tagger.go:138.36,140.19 1 1
github.com/kayushkin/inber/memory_backup/tagger.go:140.19,142.3 1 0
github.com/kayushkin/inber/memory_backup/tagger.go:145.2,147.40 3 1
github.com/kayushkin/inber/memory_backup/tagger.go:147.40,148.40 1 1
github.com/kayushkin/inber/memory_backup/tagger.go:148.40,150.4 1 0
github.com/kayushkin/inber/memory_backup/tagger.go:153.2,153.13 1 1
github.com/kayushkin/inber/memory_backup/tagger.go:157.51,160.2 2 1
github.com/kayushkin/inber/memory_backup/tokens.go:9.38,10.16 1 0
github.com/kayushkin/inber/memory_backup/tokens.go:10.16,12.3 1 0
github.com/kayushkin/inber/memory_backup/tokens.go:14.2,15.15 2 0
github.com/kayushkin/inber/memory_backup/tokens.go:21.36,23.2 1 0
github.com/kayushkin/inber/memory_backup/tokens.go:28.77,36.2 4 0
github.com/kayushkin/inber/memory_backup/tool_registry.go:18.62,19.21 1 0
github.com/kayushkin/inber/memory_backup/tool_registry.go:19.21,21.3 1 0
github.com/kayushkin/inber/memory_backup/tool_registry.go:24.2,25.29 2 0
github.com/kayushkin/inber/memory_backup/tool_registry.go:25.29,27.16 2 0
github.com/kayushkin/inber/memory_backup/tool_registry.go:27.16,29.4 1 0
github.com/kayushkin/inber/memory_backup/tool_registry.go:30.3,30.50 1 0
github.com/kayushkin/inber/memory_backup/tool_registry.go:34.2,38.50 3 0
github.com/kayushkin/inber/memory_backup/tool_registry.go:38.50,40.38 2 0
github.com/kayushkin/inber/memory_backup/tool_registry.go:40.38,42.4 1 0
github.com/kayushkin/inber/memory_backup/tool_registry.go:43.3,43.28 1 0
github.com/kayushkin/inber/memory_backup/tool_registry.go:46.2,60.4 6 0
github.com/kayushkin/inber/memory_backup/tool_registry.go:65.90,76.2 2 0
github.com/kayushkin/inber/memory_backup/tools.go:15.89,19.23 2 1
github.com/kayushkin/inber/memory_backup/tools.go:19.23,21.3 1 1
github.com/kayushkin/inber/memory_backup/tools.go:22.2,22.10 1 1
github.com/kayushkin/inber/memory_backup/tools.go:25.38,27.2 1 1
github.com/kayushkin/inber/memory_backup/tools.go:29.41,31.2 1 0
github.com/kayushkin/inber/memory_backup/tools.go:33.42,35.2 1 0
github.com/kayushkin/inber/memory_backup/tools.go:37.50,43.2 1 0
github.com/kayushkin/inber/memory_backup/tools.go:46.47,58.62 2 0
github.com/kayushkin/inber/memory_backup/tools.go:58.62,60.59 2 0
github.com/kayushkin/inber/memory_backup/tools.go:60.59,62.5 1 0
github.com/kayushkin/inber/memory_backup/tools.go:63.4,63.21 1 0
github.com/kayushkin/inber/memory_backup/tools.go:63.21,65.5 1 0
github.com/kayushkin/inber/memory_backup/tools.go:67.4,68.18 2 0
github.com/kayushkin/inber/memory_backup/tools.go:68.18,70.5 1 0
github.com/kayushkin/inber/memory_backup/tools.go:72.4,72.26 1 0
github.com/kayushkin/inber/memory_backup/tools.go:72.26,74.5 1 0
github.com/kayushkin/inber/memory_backup/tools.go:76.4,77.31 2 0
github.com/kayushkin/inber/memory_backup/tools.go:77.31,83.5 2 0
github.com/kayushkin/inber/memory_backup/tools.go:84.4,84.43 1 0
github.com/kayushkin/inber/memory_backup/tools.go:90.45,106.62 2 0
github.com/kayushkin/inber/memory_backup/tools.go:106.62,108.59 2 0
github.com/kayushkin/inber/memory_backup/tools.go:108.59,110.5 1 0
github.com/kayushkin/inber/memory_backup/tools.go:112.4,112.24 1 0
github.com/kayushkin/inber/memory_backup/tools.go:112.24,114.5 1 0
github.com/kayushkin/inber/memory_backup/tools.go:117.4,117.26 1 0
github.com/kayushkin/inber/memory_backup/tools.go:117.26,119.5 1 0
github.com/kayushkin/inber/memory_backup/tools.go:120.4,120.46 1 0
github.com/kayushkin/inber/memory_backup/tools.go:120.46,122.5 1 0
github.com/kayushkin/inber/memory_backup/tools.go:123.4,123.23 1 0
github.com/kayushkin/inber/memory_backup/tools.go:123.23,125.5 1 0
github.com/kayushkin/inber/memory_backup/tools.go:127.4,135.40 2 0
github.com/kayushkin/inber/memory_backup/tools.go:135.40,137.5 1 0
github.com/kayushkin/inber/memory_backup/tools.go:139.4,139.61 1 0
github.com/kayushkin/inber/memory_backup/tools.go:145.47,155.62 2 1
github.com/kayushkin/inber/memory_backup/tools.go:155.62,157.59 2 1
github.com/kayushkin/inber/memory_backup/tools.go:157.59,159.5 1 0
github.com/kayushkin/inber/memory_backup/tools.go:161.4,162.18 2 1
github.com/kayushkin/inber/memory_backup/tools.go:162.18,164.5 1 1
github.com/kayushkin/inber/memory_backup/tools.go:166.4,174.26 3 1
github.com/kayushkin/inber/memory_backup/tools.go:174.26,176.5 1 0
github.com/kayushkin/inber/memory_backup/tools.go:178.4,178.22 1 1
github.com/kayushkin/inber/memory_backup/tools.go:184.47,194.62 2 0
github.com/kayushkin/inber/memory_backup/tools.go:194.62,196.59 2 0
github.com/kayushkin/inber/memory_backup/tools.go:196.59,198.5 1 0
github.com/kayushkin/inber/memory_backup/tools.go:200.4,200.46 1 0
github.com/kayushkin/inber/memory_backup/tools.go:200.46,202.5 1 0
github.com/kayushkin/inber/memory_backup/tools.go:204.4,204.67 1 0
github.com/kayushkin/inber/memory_backup/tools.go:210.53,217.2 1 0
github.com/kayushkin/inber/memory_backup/util.go:12.42,14.2 1 1
github.com/kayushkin/inber/memory_backup/util.go:17.43,18.16 1 0
github.com/kayushkin/inber/memory_backup/util.go:18.16,20.3 1 0
github.com/kayushkin/inber/memory_backup/util.go:21.2,21.52 1 0
github.com/kayushkin/inber/memory_backup/util.go:24.47,25.14 1 1
github.com/kayushkin/inber/memory_backup/util.go:25.14,27.3 1 1
github.com/kayushkin/inber/memory_backup/util.go:28.2,28.52 1 1
github.com/kayushkin/inber/memory_backup/util.go:32.50,33.19 1 1
github.com/kayushkin/inber/memory_backup/util.go:34.26,35.24 1 1
github.com/kayushkin/inber/memory_backup/util.go:35.24,37.4 1 0
github.com/kayushkin/inber/memory_backup/util.go:38.3,39.17 2 1
github.com/kayushkin/inber/memory_backup/util.go:39.17,41.4 1 1
github.com/kayushkin/inber/memory_backup/util.go:42.3,44.13 3 1
github.com/kayushkin/inber/memory_backup/util.go:45.10,46.13 1 1
github.com/kayushkin/inber/memory_backup/util.go:51.47,53.2 1 0
