mode: set
github.com/kayushkin/inber/agent/agent.go:14.43,15.16 1 0
github.com/kayushkin/inber/agent/agent.go:15.16,17.3 1 0
github.com/kayushkin/inber/agent/agent.go:18.2,22.43 2 0
github.com/kayushkin/inber/agent/agent.go:81.51,86.2 1 0
github.com/kayushkin/inber/agent/agent.go:89.87,94.2 1 0
github.com/kayushkin/inber/agent/agent.go:97.68,99.2 1 0
github.com/kayushkin/inber/agent/agent.go:102.103,104.2 1 0
github.com/kayushkin/inber/agent/agent.go:107.36,109.2 1 0
github.com/kayushkin/inber/agent/agent.go:113.49,115.2 1 0
github.com/kayushkin/inber/agent/agent.go:118.46,120.2 1 0
github.com/kayushkin/inber/agent/agent.go:124.122,126.2 1 0
github.com/kayushkin/inber/agent/agent.go:131.75,133.2 1 0
github.com/kayushkin/inber/agent/agent.go:136.33,138.2 1 0
github.com/kayushkin/inber/agent/agent.go:156.113,163.6 4 0
github.com/kayushkin/inber/agent/agent.go:163.6,167.23 2 0
github.com/kayushkin/inber/agent/agent.go:167.23,168.25 1 0
github.com/kayushkin/inber/agent/agent.go:168.25,170.5 1 0
github.com/kayushkin/inber/agent/agent.go:171.4,171.28 1 0
github.com/kayushkin/inber/agent/agent.go:175.3,176.29 2 0
github.com/kayushkin/inber/agent/agent.go:176.29,177.25 1 0
github.com/kayushkin/inber/agent/agent.go:177.25,179.5 1 0
github.com/kayushkin/inber/agent/agent.go:180.4,180.73 1 0
github.com/kayushkin/inber/agent/agent.go:184.3,184.43 1 0
github.com/kayushkin/inber/agent/agent.go:184.43,185.54 1 0
github.com/kayushkin/inber/agent/agent.go:185.54,187.27 1 0
github.com/kayushkin/inber/agent/agent.go:187.27,189.36 2 0
github.com/kayushkin/inber/agent/agent.go:189.36,197.7 1 0
github.com/kayushkin/inber/agent/agent.go:203.3,204.42 2 0
github.com/kayushkin/inber/agent/agent.go:204.42,205.58 1 0
github.com/kayushkin/inber/agent/agent.go:205.58,208.27 2 0
github.com/kayushkin/inber/agent/agent.go:208.27,222.6 2 0
github.com/kayushkin/inber/agent/agent.go:227.3,231.17 3 0
github.com/kayushkin/inber/agent/agent.go:231.17,233.4 1 0
github.com/kayushkin/inber/agent/agent.go:236.3,242.105 3 0
github.com/kayushkin/inber/agent/agent.go:242.105,243.39 1 0
github.com/kayushkin/inber/agent/agent.go:243.39,244.29 1 0
github.com/kayushkin/inber/agent/agent.go:244.29,246.6 1 0
github.com/kayushkin/inber/agent/agent.go:248.4,248.22 1 0
github.com/kayushkin/inber/agent/agent.go:252.3,252.53 1 0
github.com/kayushkin/inber/agent/agent.go:252.53,254.18 2 0
github.com/kayushkin/inber/agent/agent.go:254.18,256.5 1 0
github.com/kayushkin/inber/agent/agent.go:258.4,258.31 1 0
github.com/kayushkin/inber/agent/agent.go:258.31,262.5 1 0
github.com/kayushkin/inber/agent/agent.go:263.4,264.12 2 0
github.com/kayushkin/inber/agent/agent.go:268.3,268.75 1 0
github.com/kayushkin/inber/agent/agent.go:276.67,277.23 1 0
github.com/kayushkin/inber/agent/agent.go:277.23,279.3 1 0
github.com/kayushkin/inber/agent/agent.go:282.2,283.26 2 0
github.com/kayushkin/inber/agent/agent.go:283.26,284.38 1 0
github.com/kayushkin/inber/agent/agent.go:284.38,286.23 2 0
github.com/kayushkin/inber/agent/agent.go:286.23,288.5 1 0
github.com/kayushkin/inber/agent/agent.go:288.10,288.33 1 0
github.com/kayushkin/inber/agent/agent.go:288.33,290.5 1 0
github.com/kayushkin/inber/agent/agent.go:290.10,290.36 1 0
github.com/kayushkin/inber/agent/agent.go:290.36,292.5 1 0
github.com/kayushkin/inber/agent/agent.go:296.2,297.27 2 0
github.com/kayushkin/inber/agent/agent.go:297.27,299.3 1 0
github.com/kayushkin/inber/agent/agent.go:300.2,302.24 3 0
github.com/kayushkin/inber/agent/agent.go:302.24,304.3 1 0
github.com/kayushkin/inber/agent/agent.go:304.8,304.34 1 0
github.com/kayushkin/inber/agent/agent.go:304.34,306.3 1 0
github.com/kayushkin/inber/agent/agent.go:306.8,306.37 1 0
github.com/kayushkin/inber/agent/agent.go:306.37,308.3 1 0
github.com/kayushkin/inber/agent/agent_run.go:17.42,21.28 3 0
github.com/kayushkin/inber/agent/agent_run.go:21.28,28.26 2 0
github.com/kayushkin/inber/agent/agent_run.go:28.26,30.4 1 0
github.com/kayushkin/inber/agent/agent_run.go:31.3,34.22 2 0
github.com/kayushkin/inber/agent/agent_run.go:37.2,40.3 1 0
github.com/kayushkin/inber/agent/agent_run.go:44.165,51.29 2 0
github.com/kayushkin/inber/agent/agent_run.go:51.29,53.3 1 0
github.com/kayushkin/inber/agent/agent_run.go:53.8,53.27 1 0
github.com/kayushkin/inber/agent/agent_run.go:53.27,57.3 1 0
github.com/kayushkin/inber/agent/agent_run.go:60.2,60.44 1 0
github.com/kayushkin/inber/agent/agent_run.go:60.44,62.3 1 0
github.com/kayushkin/inber/agent/agent_run.go:64.2,64.26 1 0
github.com/kayushkin/inber/agent/agent_run.go:64.26,70.3 1 0
github.com/kayushkin/inber/agent/agent_run.go:73.2,73.51 1 0
github.com/kayushkin/inber/agent/agent_run.go:73.51,75.35 2 0
github.com/kayushkin/inber/agent/agent_run.go:75.35,78.4 2 0
github.com/kayushkin/inber/agent/agent_run.go:82.2,84.48 2 0
github.com/kayushkin/inber/agent/agent_run.go:84.48,86.3 1 0
github.com/kayushkin/inber/agent/agent_run.go:88.2,88.16 1 0
github.com/kayushkin/inber/agent/agent_run.go:92.153,96.50 3 0
github.com/kayushkin/inber/agent/agent_run.go:96.50,99.17 2 0
github.com/kayushkin/inber/agent/agent_run.go:99.17,101.4 1 0
github.com/kayushkin/inber/agent/agent_run.go:101.9,103.26 2 0
github.com/kayushkin/inber/agent/agent_run.go:103.26,105.57 2 0
github.com/kayushkin/inber/agent/agent_run.go:105.57,106.14 1 0
github.com/kayushkin/inber/agent/agent_run.go:109.5,109.74 1 0
github.com/kayushkin/inber/agent/agent_run.go:109.74,110.96 1 0
github.com/kayushkin/inber/agent/agent_run.go:110.96,112.7 1 0
github.com/kayushkin/inber/agent/agent_run.go:115.4,115.43 1 0
github.com/kayushkin/inber/agent/agent_run.go:115.43,117.5 1 0
github.com/kayushkin/inber/agent/agent_run.go:117.10,119.5 1 0
github.com/kayushkin/inber/agent/agent_run.go:121.8,124.3 1 0
github.com/kayushkin/inber/agent/agent_run.go:126.2,126.19 1 0
github.com/kayushkin/inber/agent/agent_run.go:126.19,128.84 1 0
github.com/kayushkin/inber/agent/agent_run.go:128.84,130.36 2 0
github.com/kayushkin/inber/agent/agent_run.go:130.36,134.5 3 0
github.com/kayushkin/inber/agent/agent_run.go:136.3,136.20 1 0
github.com/kayushkin/inber/agent/agent_run.go:136.20,138.4 1 0
github.com/kayushkin/inber/agent/agent_run.go:141.2,141.18 1 0
github.com/kayushkin/inber/agent/agent_run.go:145.78,150.45 3 0
github.com/kayushkin/inber/agent/agent_run.go:150.45,152.3 1 0
github.com/kayushkin/inber/agent/agent_run.go:153.2,153.41 1 0
github.com/kayushkin/inber/agent/agent_run.go:153.41,155.3 1 0
github.com/kayushkin/inber/agent/agent_run.go:157.2,157.49 1 0
github.com/kayushkin/inber/agent/agent_run.go:157.49,159.3 1 0
github.com/kayushkin/inber/agent/agent_run.go:162.2,162.37 1 0
github.com/kayushkin/inber/agent/agent_run.go:162.37,163.31 1 0
github.com/kayushkin/inber/agent/agent_run.go:163.31,165.51 2 0
github.com/kayushkin/inber/agent/agent_run.go:165.51,167.5 1 0
github.com/kayushkin/inber/agent/agent_run.go:173.167,177.37 3 0
github.com/kayushkin/inber/agent/agent_run.go:177.37,178.31 1 0
github.com/kayushkin/inber/agent/agent_run.go:178.31,179.12 1 0
github.com/kayushkin/inber/agent/agent_run.go:182.3,184.50 2 0
github.com/kayushkin/inber/agent/agent_run.go:184.50,186.4 1 0
github.com/kayushkin/inber/agent/agent_run.go:188.3,189.10 2 0
github.com/kayushkin/inber/agent/agent_run.go:189.10,191.53 2 0
github.com/kayushkin/inber/agent/agent_run.go:191.53,193.5 1 0
github.com/kayushkin/inber/agent/agent_run.go:194.4,195.57 2 0
github.com/kayushkin/inber/agent/agent_run.go:195.57,196.97 1 0
github.com/kayushkin/inber/agent/agent_run.go:196.97,198.6 1 0
github.com/kayushkin/inber/agent/agent_run.go:200.4,203.12 2 0
github.com/kayushkin/inber/agent/agent_run.go:206.3,207.17 2 0
github.com/kayushkin/inber/agent/agent_run.go:207.17,209.53 2 0
github.com/kayushkin/inber/agent/agent_run.go:209.53,211.5 1 0
github.com/kayushkin/inber/agent/agent_run.go:212.4,213.57 2 0
github.com/kayushkin/inber/agent/agent_run.go:213.57,214.97 1 0
github.com/kayushkin/inber/agent/agent_run.go:214.97,216.6 1 0
github.com/kayushkin/inber/agent/agent_run.go:218.4,221.12 2 0
github.com/kayushkin/inber/agent/agent_run.go:224.3,224.52 1 0
github.com/kayushkin/inber/agent/agent_run.go:224.52,226.4 1 0
github.com/kayushkin/inber/agent/agent_run.go:229.3,230.56 2 0
github.com/kayushkin/inber/agent/agent_run.go:230.56,231.97 1 0
github.com/kayushkin/inber/agent/agent_run.go:231.97,233.5 1 0
github.com/kayushkin/inber/agent/agent_run.go:236.3,241.54 2 0
github.com/kayushkin/inber/agent/agent_run.go:241.54,242.97 1 0
github.com/kayushkin/inber/agent/agent_run.go:242.97,244.5 1 0
github.com/kayushkin/inber/agent/agent_run.go:248.2,248.41 1 0
github.com/kayushkin/inber/agent/clients.go:24.91,26.18 1 0
github.com/kayushkin/inber/agent/clients.go:26.18,29.17 2 0
github.com/kayushkin/inber/agent/clients.go:29.17,32.4 1 0
github.com/kayushkin/inber/agent/clients.go:38.2,38.51 1 0
github.com/kayushkin/inber/agent/clients.go:42.109,48.24 2 0
github.com/kayushkin/inber/agent/clients.go:49.19,51.17 2 0
github.com/kayushkin/inber/agent/clients.go:51.17,53.4 1 0
github.com/kayushkin/inber/agent/clients.go:54.3,55.17 2 0
github.com/kayushkin/inber/agent/clients.go:57.50,60.20 2 0
github.com/kayushkin/inber/agent/clients.go:60.20,62.26 1 0
github.com/kayushkin/inber/agent/clients.go:63.18,64.42 1 0
github.com/kayushkin/inber/agent/clients.go:65.18,66.65 1 0
github.com/kayushkin/inber/agent/clients.go:67.22,68.45 1 0
github.com/kayushkin/inber/agent/clients.go:71.3,74.17 4 0
github.com/kayushkin/inber/agent/clients.go:76.10,81.17 4 0
github.com/kayushkin/inber/agent/clients.go:87.92,89.15 2 0
github.com/kayushkin/inber/agent/clients.go:89.15,91.3 1 0
github.com/kayushkin/inber/agent/clients.go:93.2,93.45 1 0
github.com/kayushkin/inber/agent/clients.go:93.45,103.3 2 0
github.com/kayushkin/inber/agent/clients.go:106.2,110.16 2 0
github.com/kayushkin/inber/agent/clients.go:115.71,117.78 1 0
github.com/kayushkin/inber/agent/clients.go:117.78,119.3 1 0
github.com/kayushkin/inber/agent/clients.go:120.2,120.114 1 0
github.com/kayushkin/inber/agent/clients.go:120.114,122.3 1 0
github.com/kayushkin/inber/agent/clients.go:123.2,123.43 1 0
github.com/kayushkin/inber/agent/clients.go:123.43,125.3 1 0
github.com/kayushkin/inber/agent/clients.go:128.2,129.18 2 0
github.com/kayushkin/inber/agent/clients.go:129.18,131.3 1 0
github.com/kayushkin/inber/agent/clients.go:133.2,149.8 3 0
github.com/kayushkin/inber/agent/clients.go:153.72,154.31 1 0
github.com/kayushkin/inber/agent/clients.go:154.31,156.3 1 0
github.com/kayushkin/inber/agent/clients.go:157.2,157.32 1 0
github.com/kayushkin/inber/agent/clients.go:161.65,162.28 1 0
github.com/kayushkin/inber/agent/clients.go:162.28,164.3 1 0
github.com/kayushkin/inber/agent/clients.go:165.2,165.29 1 0
github.com/kayushkin/inber/agent/clients.go:169.40,171.2 1 0
github.com/kayushkin/inber/agent/models.go:17.70,18.18 1 0
github.com/kayushkin/inber/agent/models.go:18.18,20.17 2 0
github.com/kayushkin/inber/agent/models.go:20.17,21.29 1 0
github.com/kayushkin/inber/agent/models.go:21.29,22.26 1 0
github.com/kayushkin/inber/agent/models.go:22.26,31.6 1 0
github.com/kayushkin/inber/agent/models.go:37.2,42.3 1 0
github.com/kayushkin/inber/agent/openai.go:22.67,31.2 1 0
github.com/kayushkin/inber/agent/openai.go:34.104,36.21 1 0
github.com/kayushkin/inber/agent/openai.go:36.21,38.3 1 0
github.com/kayushkin/inber/agent/openai.go:40.2,41.16 2 0
github.com/kayushkin/inber/agent/openai.go:41.16,43.3 1 0
github.com/kayushkin/inber/agent/openai.go:45.2,46.16 2 0
github.com/kayushkin/inber/agent/openai.go:46.16,48.3 1 0
github.com/kayushkin/inber/agent/openai.go:50.2,51.20 2 0
github.com/kayushkin/inber/agent/openai.go:51.20,53.3 1 0
github.com/kayushkin/inber/agent/openai.go:55.2,56.16 2 0
github.com/kayushkin/inber/agent/openai.go:56.16,58.3 1 0
github.com/kayushkin/inber/agent/openai.go:59.2,62.16 3 0
github.com/kayushkin/inber/agent/openai.go:62.16,64.3 1 0
github.com/kayushkin/inber/agent/openai.go:66.2,66.42 1 0
github.com/kayushkin/inber/agent/openai.go:66.42,68.3 1 0
github.com/kayushkin/inber/agent/openai.go:70.2,71.57 2 0
github.com/kayushkin/inber/agent/openai.go:71.57,73.3 1 0
github.com/kayushkin/inber/agent/openai.go:75.2,75.19 1 0
github.com/kayushkin/inber/agent/openai_conversion.go:11.63,13.26 2 0
github.com/kayushkin/inber/agent/openai_conversion.go:13.26,30.3 4 0
github.com/kayushkin/inber/agent/openai_conversion.go:31.2,31.15 1 0
github.com/kayushkin/inber/agent/openai_conversion.go:36.40,39.2 1 1
github.com/kayushkin/inber/agent/openai_conversion.go:44.90,47.31 2 1
github.com/kayushkin/inber/agent/openai_conversion.go:47.31,49.26 2 1
github.com/kayushkin/inber/agent/openai_conversion.go:49.26,54.38 3 1
github.com/kayushkin/inber/agent/openai_conversion.go:54.38,55.28 1 1
github.com/kayushkin/inber/agent/openai_conversion.go:55.28,57.6 1 1
github.com/kayushkin/inber/agent/openai_conversion.go:57.11,57.38 1 1
github.com/kayushkin/inber/agent/openai_conversion.go:57.38,59.47 1 1
github.com/kayushkin/inber/agent/openai_conversion.go:59.47,60.15 1 1
github.com/kayushkin/inber/agent/openai_conversion.go:63.6,71.8 2 1
github.com/kayushkin/inber/agent/openai_conversion.go:75.4,78.25 2 1
github.com/kayushkin/inber/agent/openai_conversion.go:78.25,80.5 1 1
github.com/kayushkin/inber/agent/openai_conversion.go:81.4,81.26 1 1
github.com/kayushkin/inber/agent/openai_conversion.go:81.26,83.5 1 1
github.com/kayushkin/inber/agent/openai_conversion.go:84.4,84.35 1 1
github.com/kayushkin/inber/agent/openai_conversion.go:86.9,86.28 1 1
github.com/kayushkin/inber/agent/openai_conversion.go:86.28,91.38 3 1
github.com/kayushkin/inber/agent/openai_conversion.go:91.38,92.28 1 1
github.com/kayushkin/inber/agent/openai_conversion.go:92.28,94.6 1 1
github.com/kayushkin/inber/agent/openai_conversion.go:94.11,94.41 1 1
github.com/kayushkin/inber/agent/openai_conversion.go:94.41,96.57 1 1
github.com/kayushkin/inber/agent/openai_conversion.go:96.57,97.15 1 1
github.com/kayushkin/inber/agent/openai_conversion.go:100.6,101.43 2 1
github.com/kayushkin/inber/agent/openai_conversion.go:101.43,102.52 1 1
github.com/kayushkin/inber/agent/openai_conversion.go:102.52,103.27 1 1
github.com/kayushkin/inber/agent/openai_conversion.go:103.27,105.9 1 1
github.com/kayushkin/inber/agent/openai_conversion.go:109.6,113.8 1 1
github.com/kayushkin/inber/agent/openai_conversion.go:118.4,118.26 1 1
github.com/kayushkin/inber/agent/openai_conversion.go:118.26,123.5 1 1
github.com/kayushkin/inber/agent/openai_conversion.go:126.4,126.43 1 1
github.com/kayushkin/inber/agent/openai_conversion.go:130.2,130.15 1 1
github.com/kayushkin/inber/agent/openai_conversion.go:134.80,135.28 1 0
github.com/kayushkin/inber/agent/openai_conversion.go:135.28,146.3 1 0
github.com/kayushkin/inber/agent/openai_conversion.go:148.2,155.62 4 0
github.com/kayushkin/inber/agent/openai_conversion.go:155.62,160.3 1 0
github.com/kayushkin/inber/agent/openai_conversion.go:163.2,163.35 1 0
github.com/kayushkin/inber/agent/openai_conversion.go:163.35,170.3 1 0
github.com/kayushkin/inber/agent/openai_conversion.go:173.2,185.3 2 0
github.com/kayushkin/inber/agent/openai_conversion.go:188.64,189.16 1 0
github.com/kayushkin/inber/agent/openai_conversion.go:190.14,191.37 1 0
github.com/kayushkin/inber/agent/openai_conversion.go:192.16,193.39 1 0
github.com/kayushkin/inber/agent/openai_conversion.go:194.20,195.37 1 0
github.com/kayushkin/inber/agent/openai_conversion.go:196.10,197.37 1 0
github.com/kayushkin/inber/agent/openai_conversion.go:205.89,207.26 2 0
github.com/kayushkin/inber/agent/openai_conversion.go:207.26,208.38 1 0
github.com/kayushkin/inber/agent/openai_conversion.go:208.38,210.30 2 0
github.com/kayushkin/inber/agent/openai_conversion.go:210.30,212.36 2 0
github.com/kayushkin/inber/agent/openai_conversion.go:212.36,215.6 2 0
github.com/kayushkin/inber/agent/openai_conversion.go:217.4,217.33 1 0
github.com/kayushkin/inber/agent/openai_conversion.go:217.33,219.46 2 0
github.com/kayushkin/inber/agent/openai_conversion.go:219.46,222.6 2 0
github.com/kayushkin/inber/agent/openai_conversion.go:226.2,227.17 2 0
github.com/kayushkin/inber/agent/openai_conversion.go:232.37,234.74 1 1
github.com/kayushkin/inber/agent/openai_conversion.go:234.74,236.3 1 1
github.com/kayushkin/inber/agent/openai_conversion.go:239.2,239.52 1 1
github.com/kayushkin/inber/agent/openai_conversion.go:239.52,241.3 1 1
github.com/kayushkin/inber/agent/openai_conversion.go:242.2,242.14 1 1
github.com/kayushkin/inber/agent/openai_conversion.go:248.108,253.31 4 1
github.com/kayushkin/inber/agent/openai_conversion.go:253.31,254.54 1 1
github.com/kayushkin/inber/agent/openai_conversion.go:254.54,257.38 2 1
github.com/kayushkin/inber/agent/openai_conversion.go:257.38,258.69 1 1
github.com/kayushkin/inber/agent/openai_conversion.go:258.69,260.14 2 1
github.com/kayushkin/inber/agent/openai_conversion.go:262.5,262.41 1 1
github.com/kayushkin/inber/agent/openai_conversion.go:264.4,264.42 1 1
github.com/kayushkin/inber/agent/openai_conversion.go:264.42,269.5 1 1
github.com/kayushkin/inber/agent/openai_conversion.go:269.10,271.5 1 0
github.com/kayushkin/inber/agent/openai_conversion.go:272.9,272.56 1 1
github.com/kayushkin/inber/agent/openai_conversion.go:272.56,275.38 2 1
github.com/kayushkin/inber/agent/openai_conversion.go:275.38,276.82 1 1
github.com/kayushkin/inber/agent/openai_conversion.go:276.82,278.14 2 1
github.com/kayushkin/inber/agent/openai_conversion.go:280.5,280.41 1 1
github.com/kayushkin/inber/agent/openai_conversion.go:282.4,282.42 1 1
github.com/kayushkin/inber/agent/openai_conversion.go:282.42,284.27 1 1
github.com/kayushkin/inber/agent/openai_conversion.go:284.27,289.6 1 1
github.com/kayushkin/inber/agent/openai_conversion.go:290.10,292.5 1 1
github.com/kayushkin/inber/agent/openai_conversion.go:293.9,295.4 1 0
github.com/kayushkin/inber/agent/openai_conversion.go:298.2,303.24 2 1
github.com/kayushkin/inber/agent/openai_utils.go:10.39,13.23 3 0
github.com/kayushkin/inber/agent/openai_utils.go:13.23,14.105 1 0
github.com/kayushkin/inber/agent/openai_utils.go:14.105,16.4 1 0
github.com/kayushkin/inber/agent/openai_utils.go:16.9,18.4 1 0
github.com/kayushkin/inber/agent/openai_utils.go:20.2,21.18 2 0
github.com/kayushkin/inber/agent/openai_utils.go:21.18,23.3 1 0
github.com/kayushkin/inber/agent/openai_utils.go:24.2,24.15 1 0
github.com/kayushkin/inber/agent/openai_utils.go:27.53,28.21 1 1
github.com/kayushkin/inber/agent/openai_utils.go:28.21,30.3 1 0
github.com/kayushkin/inber/agent/openai_utils.go:31.2,32.34 2 1
github.com/kayushkin/inber/agent/openai_utils.go:32.34,34.3 1 0
github.com/kayushkin/inber/agent/openai_utils.go:35.2,35.15 1 1
github.com/kayushkin/inber/agent/provider.go:41.72,45.2 1 0
github.com/kayushkin/inber/agent/provider.go:48.123,50.2 1 0
github.com/kayushkin/inber/agent/provider.go:53.131,56.2 2 0
github.com/kayushkin/inber/agent/provider.go:67.50,69.2 1 0
github.com/kayushkin/inber/agent/provider.go:71.82,73.2 1 0
github.com/kayushkin/inber/agent/provider.go:75.50,77.2 1 0
github.com/kayushkin/inber/bus/client.go:29.50,30.19 1 1
github.com/kayushkin/inber/bus/client.go:30.19,32.3 1 1
github.com/kayushkin/inber/bus/client.go:34.2,34.20 1 1
github.com/kayushkin/inber/bus/client.go:34.20,36.3 1 0
github.com/kayushkin/inber/bus/client.go:38.2,42.16 2 1
github.com/kayushkin/inber/bus/client.go:42.16,45.3 2 1
github.com/kayushkin/inber/bus/client.go:47.2,48.24 2 0
github.com/kayushkin/inber/bus/client.go:54.88,57.12 2 0
github.com/kayushkin/inber/bus/client.go:57.12,60.48 2 0
github.com/kayushkin/inber/bus/client.go:60.48,62.53 2 0
github.com/kayushkin/inber/bus/client.go:62.53,65.5 2 0
github.com/kayushkin/inber/bus/client.go:68.4,68.61 1 0
github.com/kayushkin/inber/bus/client.go:68.61,71.5 2 0
github.com/kayushkin/inber/bus/client.go:73.4,75.11 2 0
github.com/kayushkin/inber/bus/client.go:76.19,76.19 0 0
github.com/kayushkin/inber/bus/client.go:77.12,78.72 1 0
github.com/kayushkin/inber/bus/client.go:82.3,83.17 2 0
github.com/kayushkin/inber/bus/client.go:83.17,86.4 2 0
github.com/kayushkin/inber/bus/client.go:87.3,91.15 3 0
github.com/kayushkin/inber/bus/client.go:94.2,94.11 1 0
github.com/kayushkin/inber/bus/client.go:98.59,99.14 1 0
github.com/kayushkin/inber/bus/client.go:99.14,101.3 1 0
github.com/kayushkin/inber/bus/client.go:102.2,102.37 1 0
github.com/kayushkin/inber/bus/client.go:106.61,108.28 2 0
github.com/kayushkin/inber/bus/client.go:108.28,110.3 1 0
github.com/kayushkin/inber/bus/client.go:112.2,113.17 2 0
github.com/kayushkin/inber/bus/client.go:113.17,115.3 1 0
github.com/kayushkin/inber/bus/client.go:118.2,118.20 1 0
github.com/kayushkin/inber/bus/client.go:119.55,121.46 1 0
github.com/kayushkin/inber/bus/client.go:122.16,123.46 1 0
github.com/kayushkin/inber/bus/client.go:124.14,127.58 1 0
github.com/kayushkin/inber/bus/client.go:127.58,129.4 1 0
github.com/kayushkin/inber/bus/client.go:130.3,130.31 1 0
github.com/kayushkin/inber/bus/client.go:130.31,132.4 1 0
github.com/kayushkin/inber/bus/client.go:133.3,133.13 1 0
github.com/kayushkin/inber/bus/client.go:134.10,136.42 1 0
github.com/kayushkin/inber/bus/client.go:141.48,143.2 1 0
github.com/kayushkin/inber/bus/client.go:147.86,148.14 1 0
github.com/kayushkin/inber/bus/client.go:148.14,150.3 1 0
github.com/kayushkin/inber/bus/client.go:151.2,152.12 2 0
github.com/kayushkin/inber/bus/client.go:156.26,157.29 1 0
github.com/kayushkin/inber/bus/client.go:157.29,159.3 1 0
github.com/kayushkin/inber/bus/client.go:162.42,163.17 1 1
github.com/kayushkin/inber/bus/client.go:163.17,165.3 1 1
github.com/kayushkin/inber/bus/client.go:166.2,166.22 1 1
github.com/kayushkin/inber/agent/registry/config.go:64.65,66.16 2 0
github.com/kayushkin/inber/agent/registry/config.go:66.16,68.3 1 0
github.com/kayushkin/inber/agent/registry/config.go:69.2,73.16 3 0
github.com/kayushkin/inber/agent/registry/config.go:73.16,75.3 1 0
github.com/kayushkin/inber/agent/registry/config.go:78.2,79.16 2 0
github.com/kayushkin/inber/agent/registry/config.go:79.16,81.3 1 0
github.com/kayushkin/inber/agent/registry/config.go:83.2,83.22 1 0
github.com/kayushkin/inber/agent/registry/config.go:83.22,85.3 1 0
github.com/kayushkin/inber/agent/registry/config.go:88.2,89.27 2 0
github.com/kayushkin/inber/agent/registry/config.go:89.27,97.37 3 0
github.com/kayushkin/inber/agent/registry/config.go:97.37,99.30 2 0
github.com/kayushkin/inber/agent/registry/config.go:99.30,100.24 1 0
github.com/kayushkin/inber/agent/registry/config.go:100.24,102.6 1 0
github.com/kayushkin/inber/agent/registry/config.go:104.4,104.50 1 0
github.com/kayushkin/inber/agent/registry/config.go:108.3,109.17 2 0
github.com/kayushkin/inber/agent/registry/config.go:109.17,111.64 1 0
github.com/kayushkin/inber/agent/registry/config.go:111.64,113.5 1 0
github.com/kayushkin/inber/agent/registry/config.go:115.4,115.55 1 0
github.com/kayushkin/inber/agent/registry/config.go:115.55,116.65 1 0
github.com/kayushkin/inber/agent/registry/config.go:116.65,118.6 1 0
github.com/kayushkin/inber/agent/registry/config.go:121.4,121.59 1 0
github.com/kayushkin/inber/agent/registry/config.go:121.59,122.51 1 0
github.com/kayushkin/inber/agent/registry/config.go:122.51,124.6 1 0
github.com/kayushkin/inber/agent/registry/config.go:127.4,127.70 1 0
github.com/kayushkin/inber/agent/registry/config.go:127.70,129.5 1 0
github.com/kayushkin/inber/agent/registry/config.go:131.4,131.38 1 0
github.com/kayushkin/inber/agent/registry/config.go:131.38,132.19 1 0
github.com/kayushkin/inber/agent/registry/config.go:132.19,134.6 1 0
github.com/kayushkin/inber/agent/registry/config.go:137.4,137.32 1 0
github.com/kayushkin/inber/agent/registry/config.go:137.32,139.57 2 0
github.com/kayushkin/inber/agent/registry/config.go:139.57,141.6 1 0
github.com/kayushkin/inber/agent/registry/config.go:142.5,142.70 1 0
github.com/kayushkin/inber/agent/registry/config.go:142.70,144.6 1 0
github.com/kayushkin/inber/agent/registry/config.go:145.5,145.72 1 0
github.com/kayushkin/inber/agent/registry/config.go:145.72,147.6 1 0
github.com/kayushkin/inber/agent/registry/config.go:152.3,152.22 1 0
github.com/kayushkin/inber/agent/registry/config.go:152.22,154.4 1 0
github.com/kayushkin/inber/agent/registry/config.go:156.3,156.22 1 0
github.com/kayushkin/inber/agent/registry/config.go:160.2,162.37 3 0
github.com/kayushkin/inber/agent/registry/config.go:162.37,164.48 2 0
github.com/kayushkin/inber/agent/registry/config.go:164.48,166.66 2 0
github.com/kayushkin/inber/agent/registry/config.go:166.66,168.5 1 0
github.com/kayushkin/inber/agent/registry/config.go:170.3,170.46 1 0
github.com/kayushkin/inber/agent/registry/config.go:170.46,172.64 2 0
github.com/kayushkin/inber/agent/registry/config.go:172.64,174.5 1 0
github.com/kayushkin/inber/agent/registry/config.go:176.3,176.46 1 0
github.com/kayushkin/inber/agent/registry/config.go:176.46,177.49 1 0
github.com/kayushkin/inber/agent/registry/config.go:177.49,179.5 1 0
github.com/kayushkin/inber/agent/registry/config.go:181.3,181.46 1 0
github.com/kayushkin/inber/agent/registry/config.go:181.46,182.49 1 0
github.com/kayushkin/inber/agent/registry/config.go:182.49,184.5 1 0
github.com/kayushkin/inber/agent/registry/config.go:188.2,192.8 1 0
github.com/kayushkin/inber/agent/registry/config.go:198.85,200.16 2 0
github.com/kayushkin/inber/agent/registry/config.go:200.16,202.3 1 0
github.com/kayushkin/inber/agent/registry/config.go:203.2,203.18 1 0
github.com/kayushkin/inber/agent/registry/registry.go:33.71,35.16 2 0
github.com/kayushkin/inber/agent/registry/registry.go:35.16,37.3 1 0
github.com/kayushkin/inber/agent/registry/registry.go:39.2,50.25 2 0
github.com/kayushkin/inber/agent/registry/registry.go:50.25,54.3 3 0
github.com/kayushkin/inber/agent/registry/registry.go:57.2,59.15 2 0
github.com/kayushkin/inber/agent/registry/registry.go:65.100,67.16 2 0
github.com/kayushkin/inber/agent/registry/registry.go:67.16,69.3 1 0
github.com/kayushkin/inber/agent/registry/registry.go:70.2,70.21 1 0
github.com/kayushkin/inber/agent/registry/registry.go:74.36,79.30 4 0
github.com/kayushkin/inber/agent/registry/registry.go:79.30,81.3 1 0
github.com/kayushkin/inber/agent/registry/registry.go:82.2,82.14 1 0
github.com/kayushkin/inber/agent/registry/registry.go:86.37,90.2 3 0
github.com/kayushkin/inber/agent/registry/registry.go:93.61,97.2 3 0
github.com/kayushkin/inber/agent/registry/registry.go:100.58,104.2 3 0
github.com/kayushkin/inber/agent/registry/registry.go:107.59,111.2 3 0
github.com/kayushkin/inber/agent/registry/registry.go:115.74,121.2 5 0
github.com/kayushkin/inber/agent/registry/registry.go:124.65,129.8 4 0
github.com/kayushkin/inber/agent/registry/registry.go:129.8,131.3 1 0
github.com/kayushkin/inber/agent/registry/registry.go:133.2,134.30 2 0
github.com/kayushkin/inber/agent/registry/registry.go:134.30,135.34 1 0
github.com/kayushkin/inber/agent/registry/registry.go:135.34,137.4 1 0
github.com/kayushkin/inber/agent/registry/registry.go:139.2,139.52 1 0
github.com/kayushkin/inber/agent/registry/registry.go:143.59,148.33 3 0
github.com/kayushkin/inber/agent/registry/registry.go:148.33,150.3 1 0
github.com/kayushkin/inber/agent/registry/registry.go:153.2,154.9 2 0
github.com/kayushkin/inber/agent/registry/registry.go:154.9,156.3 1 0
github.com/kayushkin/inber/agent/registry/registry.go:158.2,159.16 2 0
github.com/kayushkin/inber/agent/registry/registry.go:159.16,161.3 1 0
github.com/kayushkin/inber/agent/registry/registry.go:163.2,164.15 2 0
github.com/kayushkin/inber/agent/registry/registry.go:168.70,173.38 3 0
github.com/kayushkin/inber/agent/registry/registry.go:173.38,175.3 1 0
github.com/kayushkin/inber/agent/registry/registry.go:178.2,179.9 2 0
github.com/kayushkin/inber/agent/registry/registry.go:179.9,181.3 1 0
github.com/kayushkin/inber/agent/registry/registry.go:183.2,184.16 2 0
github.com/kayushkin/inber/agent/registry/registry.go:184.16,186.3 1 0
github.com/kayushkin/inber/agent/registry/registry.go:188.2,189.18 2 0
github.com/kayushkin/inber/agent/registry/registry.go:193.46,197.38 3 0
github.com/kayushkin/inber/agent/registry/registry.go:197.38,200.3 2 0
github.com/kayushkin/inber/agent/registry/registry.go:204.31,208.34 3 0
github.com/kayushkin/inber/agent/registry/registry.go:208.34,210.3 1 0
github.com/kayushkin/inber/agent/registry/registry.go:211.2,211.48 1 0
github.com/kayushkin/inber/agent/registry/registry.go:215.72,220.22 3 0
github.com/kayushkin/inber/agent/registry/registry.go:220.22,222.3 1 0
github.com/kayushkin/inber/agent/registry/registry.go:225.2,225.37 1 0
github.com/kayushkin/inber/agent/registry/registry.go:225.37,227.17 2 0
github.com/kayushkin/inber/agent/registry/registry.go:227.17,229.4 1 0
github.com/kayushkin/inber/agent/registry/registry.go:230.3,230.18 1 0
github.com/kayushkin/inber/agent/registry/registry.go:233.2,233.15 1 0
github.com/kayushkin/inber/agent/registry/spawn_tool.go:26.44,29.16 3 0
github.com/kayushkin/inber/agent/registry/spawn_tool.go:29.16,31.3 1 0
github.com/kayushkin/inber/agent/registry/spawn_tool.go:32.2,34.16 3 0
github.com/kayushkin/inber/agent/registry/spawn_tool.go:34.16,36.3 1 0
github.com/kayushkin/inber/agent/registry/spawn_tool.go:37.2,38.54 2 0
github.com/kayushkin/inber/agent/registry/spawn_tool.go:38.54,40.3 1 0
github.com/kayushkin/inber/agent/registry/spawn_tool.go:41.2,41.15 1 0
github.com/kayushkin/inber/agent/registry/spawn_tool.go:45.38,47.22 2 0
github.com/kayushkin/inber/agent/registry/spawn_tool.go:47.22,49.3 1 0
github.com/kayushkin/inber/agent/registry/spawn_tool.go:50.2,51.27 2 0
github.com/kayushkin/inber/agent/registry/spawn_tool.go:51.27,53.3 1 0
github.com/kayushkin/inber/agent/registry/spawn_tool.go:54.2,54.89 1 0
github.com/kayushkin/inber/agent/registry/spawn_tool.go:58.36,62.27 4 0
github.com/kayushkin/inber/agent/registry/spawn_tool.go:62.27,63.52 1 0
github.com/kayushkin/inber/agent/registry/spawn_tool.go:63.52,66.4 2 0
github.com/kayushkin/inber/agent/registry/spawn_tool.go:68.2,68.15 1 0
github.com/kayushkin/inber/agent/registry/spawn_tool.go:74.48,85.20 5 0
github.com/kayushkin/inber/agent/registry/spawn_tool.go:85.20,87.3 1 0
github.com/kayushkin/inber/agent/registry/spawn_tool.go:89.2,109.62 1 0
github.com/kayushkin/inber/agent/registry/spawn_tool.go:109.62,111.59 2 0
github.com/kayushkin/inber/agent/registry/spawn_tool.go:111.59,113.5 1 0
github.com/kayushkin/inber/agent/registry/spawn_tool.go:115.4,115.22 1 0
github.com/kayushkin/inber/agent/registry/spawn_tool.go:115.22,117.5 1 0
github.com/kayushkin/inber/agent/registry/spawn_tool.go:118.4,118.21 1 0
github.com/kayushkin/inber/agent/registry/spawn_tool.go:118.21,120.5 1 0
github.com/kayushkin/inber/agent/registry/spawn_tool.go:123.4,124.29 2 0
github.com/kayushkin/inber/agent/registry/spawn_tool.go:124.29,126.5 1 0
github.com/kayushkin/inber/agent/registry/spawn_tool.go:129.4,130.23 2 0
github.com/kayushkin/inber/agent/registry/spawn_tool.go:130.23,132.30 2 0
github.com/kayushkin/inber/agent/registry/spawn_tool.go:132.30,133.41 1 0
github.com/kayushkin/inber/agent/registry/spawn_tool.go:133.41,135.12 2 0
github.com/kayushkin/inber/agent/registry/spawn_tool.go:138.5,138.15 1 0
github.com/kayushkin/inber/agent/registry/spawn_tool.go:138.15,140.31 2 0
github.com/kayushkin/inber/agent/registry/spawn_tool.go:140.31,141.20 1 0
github.com/kayushkin/inber/agent/registry/spawn_tool.go:141.20,143.8 1 0
github.com/kayushkin/inber/agent/registry/spawn_tool.go:145.6,145.103 1 0
github.com/kayushkin/inber/agent/registry/spawn_tool.go:150.4,154.29 2 0
github.com/kayushkin/inber/agent/registry/spawn_tool.go:154.29,156.5 1 0
github.com/kayushkin/inber/agent/registry/spawn_tool.go:157.4,161.30 4 0
github.com/kayushkin/inber/agent/registry/spawn_tool.go:161.30,163.5 1 0
github.com/kayushkin/inber/agent/registry/spawn_tool.go:165.4,166.29 2 0
github.com/kayushkin/inber/agent/registry/spawn_tool.go:166.29,168.5 1 0
github.com/kayushkin/inber/agent/registry/spawn_tool.go:170.4,170.126 1 0
github.com/kayushkin/inber/agent/registry/tools.go:19.38,35.2 10 1
github.com/kayushkin/inber/agent/registry/tools.go:38.70,43.2 4 0
github.com/kayushkin/inber/agent/registry/tools.go:47.64,49.2 1 0
github.com/kayushkin/inber/agent/registry/tools.go:52.63,54.2 1 1
github.com/kayushkin/inber/agent/registry/tools.go:57.61,59.9 2 1
github.com/kayushkin/inber/agent/registry/tools.go:59.9,61.3 1 1
github.com/kayushkin/inber/agent/registry/tools.go:62.2,62.18 1 1
github.com/kayushkin/inber/agent/registry/tools.go:66.40,68.28 2 1
github.com/kayushkin/inber/agent/registry/tools.go:68.28,70.3 1 1
github.com/kayushkin/inber/agent/registry/tools.go:71.2,71.14 1 1
github.com/kayushkin/inber/tools/mcp/adapter.go:26.84,28.29 2 1
github.com/kayushkin/inber/tools/mcp/adapter.go:28.29,29.28 1 1
github.com/kayushkin/inber/tools/mcp/adapter.go:29.28,35.4 1 1
github.com/kayushkin/inber/tools/mcp/adapter.go:38.2,38.69 1 1
github.com/kayushkin/inber/tools/mcp/adapter.go:42.51,49.2 1 1
github.com/kayushkin/inber/tools/mcp/adapter.go:52.81,54.2 1 1
github.com/kayushkin/inber/tools/mcp/adapter.go:62.44,66.2 1 1
github.com/kayushkin/inber/tools/mcp/adapter.go:69.68,71.2 1 1
github.com/kayushkin/inber/tools/mcp/adapter.go:74.54,77.35 2 1
github.com/kayushkin/inber/tools/mcp/adapter.go:77.35,78.47 1 1
github.com/kayushkin/inber/tools/mcp/adapter.go:78.47,85.4 2 1
github.com/kayushkin/inber/tools/mcp/adapter.go:88.2,88.14 1 1
github.com/kayushkin/inber/tools/mcp/adapter.go:92.60,93.35 1 1
github.com/kayushkin/inber/tools/mcp/adapter.go:93.35,94.27 1 1
github.com/kayushkin/inber/tools/mcp/adapter.go:94.27,96.18 2 1
github.com/kayushkin/inber/tools/mcp/adapter.go:96.18,99.5 2 1
github.com/kayushkin/inber/tools/mcp/adapter.go:102.2,102.12 1 1
github.com/kayushkin/inber/tools/mcp/adapter.go:106.41,109.35 2 1
github.com/kayushkin/inber/tools/mcp/adapter.go:109.35,110.59 1 1
github.com/kayushkin/inber/tools/mcp/adapter.go:110.59,112.4 1 0
github.com/kayushkin/inber/tools/mcp/adapter.go:115.2,115.17 1 1
github.com/kayushkin/inber/tools/mcp/client.go:61.51,62.23 1 0
github.com/kayushkin/inber/tools/mcp/client.go:62.23,64.3 1 0
github.com/kayushkin/inber/tools/mcp/client.go:66.2,69.16 3 0
github.com/kayushkin/inber/tools/mcp/client.go:69.16,71.3 1 0
github.com/kayushkin/inber/tools/mcp/client.go:73.2,74.16 2 0
github.com/kayushkin/inber/tools/mcp/client.go:74.16,77.3 2 0
github.com/kayushkin/inber/tools/mcp/client.go:79.2,80.16 2 0
github.com/kayushkin/inber/tools/mcp/client.go:80.16,84.3 3 0
github.com/kayushkin/inber/tools/mcp/client.go:86.2,86.36 1 0
github.com/kayushkin/inber/tools/mcp/client.go:86.36,91.3 4 0
github.com/kayushkin/inber/tools/mcp/client.go:93.2,103.44 2 0
github.com/kayushkin/inber/tools/mcp/client.go:103.44,106.3 2 0
github.com/kayushkin/inber/tools/mcp/client.go:108.2,108.20 1 0
github.com/kayushkin/inber/tools/mcp/client.go:112.37,124.16 2 0
github.com/kayushkin/inber/tools/mcp/client.go:124.16,126.3 1 0
github.com/kayushkin/inber/tools/mcp/client.go:129.2,132.67 2 0
github.com/kayushkin/inber/tools/mcp/client.go:132.67,134.3 1 0
github.com/kayushkin/inber/tools/mcp/client.go:137.2,138.16 2 0
github.com/kayushkin/inber/tools/mcp/client.go:138.16,140.3 1 0
github.com/kayushkin/inber/tools/mcp/client.go:143.2,146.62 2 0
github.com/kayushkin/inber/tools/mcp/client.go:146.62,148.3 1 0
github.com/kayushkin/inber/tools/mcp/client.go:151.2,151.39 1 0
github.com/kayushkin/inber/tools/mcp/client.go:151.39,153.3 1 0
github.com/kayushkin/inber/tools/mcp/client.go:155.2,155.12 1 0
github.com/kayushkin/inber/tools/mcp/client.go:159.104,173.47 6 0
github.com/kayushkin/inber/tools/mcp/client.go:173.47,175.3 1 0
github.com/kayushkin/inber/tools/mcp/client.go:178.2,179.16 2 0
github.com/kayushkin/inber/tools/mcp/client.go:179.16,181.3 1 0
github.com/kayushkin/inber/tools/mcp/client.go:183.2,183.27 1 0
github.com/kayushkin/inber/tools/mcp/client.go:183.27,185.3 1 0
github.com/kayushkin/inber/tools/mcp/client.go:187.2,187.29 1 0
github.com/kayushkin/inber/tools/mcp/client.go:191.66,198.2 2 0
github.com/kayushkin/inber/tools/mcp/client.go:201.56,203.16 2 0
github.com/kayushkin/inber/tools/mcp/client.go:203.16,205.3 1 0
github.com/kayushkin/inber/tools/mcp/client.go:207.2,210.47 3 0
github.com/kayushkin/inber/tools/mcp/client.go:210.47,212.3 1 0
github.com/kayushkin/inber/tools/mcp/client.go:213.2,213.55 1 0
github.com/kayushkin/inber/tools/mcp/client.go:213.55,215.3 1 0
github.com/kayushkin/inber/tools/mcp/client.go:217.2,217.12 1 0
github.com/kayushkin/inber/tools/mcp/client.go:221.88,223.9 2 0
github.com/kayushkin/inber/tools/mcp/client.go:223.9,225.3 1 0
github.com/kayushkin/inber/tools/mcp/client.go:227.2,227.34 1 0
github.com/kayushkin/inber/tools/mcp/client.go:227.34,228.10 1 0
github.com/kayushkin/inber/tools/mcp/client.go:229.21,230.25 1 0
github.com/kayushkin/inber/tools/mcp/client.go:231.11,231.11 0 0
github.com/kayushkin/inber/tools/mcp/client.go:234.3,234.24 1 0
github.com/kayushkin/inber/tools/mcp/client.go:234.24,235.42 1 0
github.com/kayushkin/inber/tools/mcp/client.go:235.42,237.5 1 0
github.com/kayushkin/inber/tools/mcp/client.go:238.4,238.54 1 0
github.com/kayushkin/inber/tools/mcp/client.go:241.3,243.57 3 0
github.com/kayushkin/inber/tools/mcp/client.go:243.57,245.12 1 0
github.com/kayushkin/inber/tools/mcp/client.go:248.3,248.24 1 0
github.com/kayushkin/inber/tools/mcp/client.go:248.24,250.4 1 0
github.com/kayushkin/inber/tools/mcp/client.go:255.2,255.56 1 0
github.com/kayushkin/inber/tools/mcp/client.go:259.91,260.41 1 0
github.com/kayushkin/inber/tools/mcp/client.go:260.41,262.3 1 0
github.com/kayushkin/inber/tools/mcp/client.go:265.2,266.61 2 0
github.com/kayushkin/inber/tools/mcp/client.go:266.61,268.3 1 0
github.com/kayushkin/inber/tools/mcp/client.go:271.2,275.16 2 0
github.com/kayushkin/inber/tools/mcp/client.go:275.16,277.3 1 0
github.com/kayushkin/inber/tools/mcp/client.go:280.2,286.60 2 0
github.com/kayushkin/inber/tools/mcp/client.go:286.60,288.3 1 0
github.com/kayushkin/inber/tools/mcp/client.go:291.2,292.45 2 0
github.com/kayushkin/inber/tools/mcp/client.go:292.45,293.29 1 0
github.com/kayushkin/inber/tools/mcp/client.go:293.29,295.4 1 0
github.com/kayushkin/inber/tools/mcp/client.go:298.2,298.20 1 0
github.com/kayushkin/inber/tools/mcp/client.go:302.41,304.31 2 0
github.com/kayushkin/inber/tools/mcp/client.go:304.31,306.3 1 0
github.com/kayushkin/inber/tools/mcp/client.go:307.2,307.14 1 0
github.com/kayushkin/inber/tools/mcp/client.go:311.44,314.2 2 0
github.com/kayushkin/inber/tools/mcp/client.go:317.32,320.20 2 0
github.com/kayushkin/inber/tools/mcp/client.go:320.20,322.3 1 0
github.com/kayushkin/inber/tools/mcp/client.go:323.2,323.21 1 0
github.com/kayushkin/inber/tools/mcp/client.go:323.21,325.3 1 0
github.com/kayushkin/inber/tools/mcp/client.go:326.2,326.21 1 0
github.com/kayushkin/inber/tools/mcp/client.go:326.21,328.3 1 0
github.com/kayushkin/inber/tools/mcp/client.go:330.2,330.18 1 0
github.com/kayushkin/inber/tools/mcp/client.go:330.18,331.27 1 0
github.com/kayushkin/inber/tools/mcp/client.go:331.27,333.4 1 0
github.com/kayushkin/inber/tools/mcp/client.go:334.3,334.36 1 0
github.com/kayushkin/inber/tools/mcp/client.go:338.2,338.27 1 0
github.com/kayushkin/inber/tools/mcp/client.go:338.27,339.17 1 0
github.com/kayushkin/inber/tools/mcp/client.go:339.17,341.4 1 0
github.com/kayushkin/inber/tools/mcp/client.go:343.2,343.12 1 0
github.com/kayushkin/inber/tools/adapter.go:17.48,19.2 1 1
github.com/kayushkin/inber/tools/adapter.go:22.42,24.2 1 1
github.com/kayushkin/inber/tools/adapter.go:27.49,29.2 1 0
github.com/kayushkin/inber/tools/adapter.go:32.68,34.2 1 0
github.com/kayushkin/inber/tools/adapter.go:37.87,39.2 1 0
github.com/kayushkin/inber/tools/adapter.go:44.40,46.49 1 0
github.com/kayushkin/inber/tools/adapter.go:46.49,48.3 1 0
github.com/kayushkin/inber/tools/adapter.go:51.2,56.3 1 0
github.com/kayushkin/inber/tools/deploy.go:19.26,26.64 1 0
github.com/kayushkin/inber/tools/deploy.go:26.64,28.4 1 0
github.com/kayushkin/inber/tools/deploy.go:32.53,34.16 2 0
github.com/kayushkin/inber/tools/deploy.go:34.16,36.3 1 0
github.com/kayushkin/inber/tools/deploy.go:40.2,41.16 2 0
github.com/kayushkin/inber/tools/deploy.go:41.16,43.3 1 0
github.com/kayushkin/inber/tools/deploy.go:46.2,47.18 2 0
github.com/kayushkin/inber/tools/deploy.go:47.18,49.3 1 0
github.com/kayushkin/inber/tools/deploy.go:51.2,59.16 4 0
github.com/kayushkin/inber/tools/deploy.go:59.16,61.3 1 0
github.com/kayushkin/inber/tools/deploy.go:62.2,67.28 4 0
github.com/kayushkin/inber/tools/deploy.go:67.28,70.3 2 0
github.com/kayushkin/inber/tools/deploy.go:72.2,73.137 2 0
github.com/kayushkin/inber/tools/deploy.go:77.67,80.6 2 0
github.com/kayushkin/inber/tools/deploy.go:80.6,85.39 4 0
github.com/kayushkin/inber/tools/deploy.go:85.39,88.31 2 0
github.com/kayushkin/inber/tools/deploy.go:88.31,92.5 3 0
github.com/kayushkin/inber/tools/deploy.go:95.3,95.20 1 0
github.com/kayushkin/inber/tools/deploy.go:95.20,96.9 1 0
github.com/kayushkin/inber/tools/deploy.go:98.3,98.15 1 0
github.com/kayushkin/inber/tools/deploy.go:100.2,100.94 1 0
github.com/kayushkin/inber/tools/deploy.go:104.25,105.50 1 0
github.com/kayushkin/inber/tools/deploy.go:105.50,107.3 1 0
github.com/kayushkin/inber/tools/deploy.go:108.2,108.16 1 0
github.com/kayushkin/inber/tools/interface.go:36.30,40.2 1 1
github.com/kayushkin/inber/tools/interface.go:44.40,46.2 1 1
github.com/kayushkin/inber/tools/interface.go:49.42,51.2 1 0
github.com/kayushkin/inber/tools/interface.go:54.34,56.31 2 0
github.com/kayushkin/inber/tools/interface.go:56.31,58.3 1 0
github.com/kayushkin/inber/tools/interface.go:59.2,59.15 1 0
github.com/kayushkin/inber/tools/interface.go:63.37,65.28 2 0
github.com/kayushkin/inber/tools/interface.go:65.28,67.3 1 0
github.com/kayushkin/inber/tools/interface.go:68.2,68.14 1 0
github.com/kayushkin/inber/tools/interface.go:72.32,74.2 1 0
github.com/kayushkin/inber/tools/interface.go:77.28,79.2 1 0
github.com/kayushkin/inber/tools/tools.go:16.39,23.2 1 1
github.com/kayushkin/inber/tools/tools.go:29.13,39.2 8 1
github.com/kayushkin/inber/tools/tools.go:42.29,42.67 1 1
github.com/kayushkin/inber/tools/tools.go:45.40,48.64 3 0
github.com/kayushkin/inber/tools/tools.go:48.64,51.62 2 0
github.com/kayushkin/inber/tools/tools.go:51.62,52.66 1 0
github.com/kayushkin/inber/tools/tools.go:52.66,54.56 2 0
github.com/kayushkin/inber/tools/tools.go:54.56,56.6 1 0
github.com/kayushkin/inber/tools/tools.go:59.3,59.27 1 0
github.com/kayushkin/inber/tools/tools.go:61.2,61.16 1 0
github.com/kayushkin/inber/tools/tools.go:63.29,63.70 1 1
github.com/kayushkin/inber/tools/tools.go:64.29,64.71 1 1
github.com/kayushkin/inber/tools/tools.go:65.29,65.70 1 1
github.com/kayushkin/inber/tools/tools.go:66.29,66.71 1 1
github.com/kayushkin/inber/tools/tools.go:69.66,71.2 1 0
github.com/kayushkin/inber/tools/tools.go:73.45,75.2 1 0
github.com/kayushkin/inber/tools/tools.go:78.27,78.67 1 1
github.com/kayushkin/inber/tools/tools.go:81.29,81.71 1 1
github.com/kayushkin/inber/tools/tools.go:84.28,84.69 1 1
github.com/kayushkin/inber/tools/tools.go:88.25,96.2 1 1
github.com/kayushkin/inber/tools/tools.go:101.32,103.2 1 0
github.com/kayushkin/inber/tools/tools.go:106.30,108.2 1 0
github.com/kayushkin/inber/tools/tools.go:112.37,115.29 3 0
github.com/kayushkin/inber/tools/tools.go:115.29,117.3 1 0
github.com/kayushkin/inber/tools/tools.go:118.2,118.15 1 0
github.com/kayushkin/inber/tools/tools.go:123.43,125.29 2 0
github.com/kayushkin/inber/tools/tools.go:125.29,126.53 1 0
github.com/kayushkin/inber/tools/tools.go:126.53,128.4 1 0
github.com/kayushkin/inber/tools/tools.go:130.2,130.15 1 0
github.com/kayushkin/inber/tools/tools.go:134.31,136.2 1 0
github.com/kayushkin/inber/session/active.go:24.40,26.2 1 0
github.com/kayushkin/inber/session/active.go:29.85,31.47 2 0
github.com/kayushkin/inber/session/active.go:31.47,33.3 1 0
github.com/kayushkin/inber/session/active.go:35.2,46.16 3 0
github.com/kayushkin/inber/session/active.go:46.16,48.3 1 0
github.com/kayushkin/inber/session/active.go:50.2,51.55 2 0
github.com/kayushkin/inber/session/active.go:51.55,53.3 1 0
github.com/kayushkin/inber/session/active.go:54.2,54.18 1 0
github.com/kayushkin/inber/session/active.go:58.51,61.2 2 0
github.com/kayushkin/inber/session/active.go:64.59,67.16 3 0
github.com/kayushkin/inber/session/active.go:67.16,68.25 1 0
github.com/kayushkin/inber/session/active.go:68.25,70.4 1 0
github.com/kayushkin/inber/session/active.go:71.3,71.85 1 0
github.com/kayushkin/inber/session/active.go:74.2,75.28 2 0
github.com/kayushkin/inber/session/active.go:75.28,76.53 1 0
github.com/kayushkin/inber/session/active.go:76.53,77.12 1 0
github.com/kayushkin/inber/session/active.go:80.3,82.17 3 0
github.com/kayushkin/inber/session/active.go:82.17,83.12 1 0
github.com/kayushkin/inber/session/active.go:86.3,87.53 2 0
github.com/kayushkin/inber/session/active.go:87.53,88.12 1 0
github.com/kayushkin/inber/session/active.go:92.3,92.32 1 0
github.com/kayushkin/inber/session/active.go:92.32,94.12 2 0
github.com/kayushkin/inber/session/active.go:97.3,97.32 1 0
github.com/kayushkin/inber/session/active.go:100.2,100.20 1 0
github.com/kayushkin/inber/session/active.go:103.35,105.16 2 0
github.com/kayushkin/inber/session/active.go:105.16,107.3 1 0
github.com/kayushkin/inber/session/active.go:108.2,109.19 2 0
github.com/kayushkin/inber/session/checkpoint.go:35.49,42.2 1 0
github.com/kayushkin/inber/session/checkpoint.go:45.110,46.23 1 0
github.com/kayushkin/inber/session/checkpoint.go:46.23,48.3 1 0
github.com/kayushkin/inber/session/checkpoint.go:50.2,54.38 3 0
github.com/kayushkin/inber/session/checkpoint.go:54.38,56.3 1 0
github.com/kayushkin/inber/session/checkpoint.go:59.2,73.16 4 0
github.com/kayushkin/inber/session/checkpoint.go:73.16,75.3 1 0
github.com/kayushkin/inber/session/checkpoint.go:77.2,77.65 1 0
github.com/kayushkin/inber/session/checkpoint.go:77.65,79.3 1 0
github.com/kayushkin/inber/session/checkpoint.go:82.2,84.12 2 0
github.com/kayushkin/inber/session/checkpoint.go:88.57,92.16 3 0
github.com/kayushkin/inber/session/checkpoint.go:92.16,93.25 1 0
github.com/kayushkin/inber/session/checkpoint.go:93.25,95.4 1 0
github.com/kayushkin/inber/session/checkpoint.go:96.3,96.63 1 0
github.com/kayushkin/inber/session/checkpoint.go:99.2,100.58 2 0
github.com/kayushkin/inber/session/checkpoint.go:100.58,102.3 1 0
github.com/kayushkin/inber/session/checkpoint.go:104.2,104.25 1 0
github.com/kayushkin/inber/session/checkpoint.go:108.60,109.18 1 0
github.com/kayushkin/inber/session/checkpoint.go:109.18,111.3 1 0
github.com/kayushkin/inber/session/checkpoint.go:112.2,112.43 1 0
github.com/kayushkin/inber/session/checkpoint.go:116.43,119.2 2 0
github.com/kayushkin/inber/session/checkpoint.go:122.55,128.2 1 0
github.com/kayushkin/inber/session/checkpoint.go:131.59,134.51 2 0
github.com/kayushkin/inber/session/checkpoint.go:134.51,135.25 1 0
github.com/kayushkin/inber/session/checkpoint.go:135.25,137.4 1 0
github.com/kayushkin/inber/session/checkpoint.go:138.3,138.87 1 0
github.com/kayushkin/inber/session/checkpoint.go:141.2,141.38 1 0
github.com/kayushkin/inber/session/checkpoint.go:146.80,155.31 3 0
github.com/kayushkin/inber/session/checkpoint.go:155.31,156.54 1 0
github.com/kayushkin/inber/session/checkpoint.go:156.54,157.12 1 0
github.com/kayushkin/inber/session/checkpoint.go:160.3,161.20 2 0
github.com/kayushkin/inber/session/checkpoint.go:161.20,162.12 1 0
github.com/kayushkin/inber/session/checkpoint.go:165.3,168.43 2 0
github.com/kayushkin/inber/session/checkpoint.go:168.43,169.47 1 0
github.com/kayushkin/inber/session/checkpoint.go:169.47,172.40 2 0
github.com/kayushkin/inber/session/checkpoint.go:172.40,173.67 1 0
github.com/kayushkin/inber/session/checkpoint.go:173.67,175.33 2 0
github.com/kayushkin/inber/session/checkpoint.go:175.33,177.8 1 0
github.com/kayushkin/inber/session/checkpoint.go:178.7,178.12 1 0
github.com/kayushkin/inber/session/checkpoint.go:185.2,185.14 1 0
github.com/kayushkin/inber/session/checkpoint.go:189.64,191.36 2 0
github.com/kayushkin/inber/session/checkpoint.go:191.36,192.26 1 0
github.com/kayushkin/inber/session/checkpoint.go:192.26,194.4 1 0
github.com/kayushkin/inber/session/checkpoint.go:196.2,196.34 1 0
github.com/kayushkin/inber/session/checkpoint.go:200.43,205.25 3 0
github.com/kayushkin/inber/session/checkpoint.go:205.25,207.39 2 0
github.com/kayushkin/inber/session/checkpoint.go:207.39,209.26 2 0
github.com/kayushkin/inber/session/checkpoint.go:209.26,211.5 1 0
github.com/kayushkin/inber/session/checkpoint.go:212.4,212.17 1 0
github.com/kayushkin/inber/session/checkpoint.go:216.2,216.23 1 0
github.com/kayushkin/inber/session/checkpoint.go:216.23,218.3 1 0
github.com/kayushkin/inber/session/checkpoint.go:220.2,220.18 1 0
github.com/kayushkin/inber/session/checkpoint.go:225.76,226.24 1 0
github.com/kayushkin/inber/session/checkpoint.go:226.24,228.3 1 0
github.com/kayushkin/inber/session/checkpoint.go:230.2,234.31 4 0
github.com/kayushkin/inber/session/checkpoint.go:234.31,235.49 1 0
github.com/kayushkin/inber/session/checkpoint.go:235.49,237.4 1 0
github.com/kayushkin/inber/session/checkpoint.go:237.9,237.61 1 0
github.com/kayushkin/inber/session/checkpoint.go:237.61,239.4 1 0
github.com/kayushkin/inber/session/checkpoint.go:242.3,242.37 1 0
github.com/kayushkin/inber/session/checkpoint.go:242.37,243.30 1 0
github.com/kayushkin/inber/session/checkpoint.go:243.30,245.5 1 0
github.com/kayushkin/inber/session/checkpoint.go:249.2,250.50 1 0
github.com/kayushkin/inber/session/cost.go:8.34,12.2 2 1
github.com/kayushkin/inber/session/cost.go:15.70,18.2 2 0
github.com/kayushkin/inber/session/db.go:64.52,66.47 2 0
github.com/kayushkin/inber/session/db.go:66.47,68.3 1 0
github.com/kayushkin/inber/session/db.go:70.2,72.16 3 0
github.com/kayushkin/inber/session/db.go:72.16,74.3 1 0
github.com/kayushkin/inber/session/db.go:76.2,76.36 1 0
github.com/kayushkin/inber/session/db.go:76.36,79.3 2 0
github.com/kayushkin/inber/session/db.go:81.2,81.34 1 0
github.com/kayushkin/inber/session/db.go:84.32,118.16 2 0
github.com/kayushkin/inber/session/db.go:118.16,120.3 1 0
github.com/kayushkin/inber/session/db.go:123.2,124.12 2 0
github.com/kayushkin/inber/session/db.go:128.58,135.2 2 0
github.com/kayushkin/inber/session/db.go:138.67,145.2 2 0
github.com/kayushkin/inber/session/db.go:148.61,149.21 1 0
github.com/kayushkin/inber/session/db.go:149.21,151.3 1 0
github.com/kayushkin/inber/session/db.go:152.2,153.12 2 0
github.com/kayushkin/inber/session/db.go:170.71,182.16 2 0
github.com/kayushkin/inber/session/db.go:182.16,184.3 1 0
github.com/kayushkin/inber/session/db.go:185.2,189.18 4 0
github.com/kayushkin/inber/session/db.go:189.18,194.17 5 0
github.com/kayushkin/inber/session/db.go:194.17,196.4 1 0
github.com/kayushkin/inber/session/db.go:197.3,199.27 3 0
github.com/kayushkin/inber/session/db.go:199.27,201.12 2 0
github.com/kayushkin/inber/session/db.go:203.3,204.29 2 0
github.com/kayushkin/inber/session/db.go:208.2,208.27 1 0
github.com/kayushkin/inber/session/db.go:208.27,210.3 1 0
github.com/kayushkin/inber/session/db.go:212.2,212.20 1 0
github.com/kayushkin/inber/session/db.go:216.52,223.2 2 0
github.com/kayushkin/inber/session/db.go:226.142,235.2 2 0
github.com/kayushkin/inber/session/db.go:238.76,245.2 2 0
github.com/kayushkin/inber/session/db.go:248.73,259.16 2 0
github.com/kayushkin/inber/session/db.go:259.16,261.3 1 0
github.com/kayushkin/inber/session/db.go:262.2,265.18 3 0
github.com/kayushkin/inber/session/db.go:265.18,273.17 4 0
github.com/kayushkin/inber/session/db.go:273.17,275.4 1 0
github.com/kayushkin/inber/session/db.go:276.3,276.20 1 0
github.com/kayushkin/inber/session/db.go:276.20,279.4 2 0
github.com/kayushkin/inber/session/db.go:279.9,281.4 1 0
github.com/kayushkin/inber/session/db.go:282.3,282.30 1 0
github.com/kayushkin/inber/session/db.go:284.2,284.20 1 0
github.com/kayushkin/inber/session/db.go:288.69,294.16 2 0
github.com/kayushkin/inber/session/db.go:294.16,296.3 1 0
github.com/kayushkin/inber/session/db.go:297.2,300.18 3 0
github.com/kayushkin/inber/session/db.go:300.18,306.17 4 0
github.com/kayushkin/inber/session/db.go:306.17,308.4 1 0
github.com/kayushkin/inber/session/db.go:309.3,309.20 1 0
github.com/kayushkin/inber/session/db.go:309.20,311.4 1 0
github.com/kayushkin/inber/session/db.go:312.3,312.29 1 0
github.com/kayushkin/inber/session/db.go:314.2,314.20 1 0
github.com/kayushkin/inber/session/db.go:319.62,321.16 2 0
github.com/kayushkin/inber/session/db.go:321.16,323.3 1 0
github.com/kayushkin/inber/session/db.go:325.2,326.24 2 0
github.com/kayushkin/inber/session/db.go:326.24,327.28 1 0
github.com/kayushkin/inber/session/db.go:327.28,329.4 1 0
github.com/kayushkin/inber/session/db.go:329.9,331.4 1 0
github.com/kayushkin/inber/session/db.go:333.2,333.19 1 0
github.com/kayushkin/inber/session/db.go:337.56,339.16 2 0
github.com/kayushkin/inber/session/db.go:339.16,341.3 1 0
github.com/kayushkin/inber/session/db.go:343.2,344.24 2 0
github.com/kayushkin/inber/session/db.go:344.24,345.29 1 0
github.com/kayushkin/inber/session/db.go:345.29,348.4 2 0
github.com/kayushkin/inber/session/db.go:350.2,350.19 1 0
github.com/kayushkin/inber/session/db.go:353.77,364.16 2 0
github.com/kayushkin/inber/session/db.go:364.16,366.3 1 0
github.com/kayushkin/inber/session/db.go:367.2,370.18 3 0
github.com/kayushkin/inber/session/db.go:370.18,378.17 4 0
github.com/kayushkin/inber/session/db.go:378.17,380.4 1 0
github.com/kayushkin/inber/session/db.go:381.3,381.20 1 0
github.com/kayushkin/inber/session/db.go:381.20,384.4 2 0
github.com/kayushkin/inber/session/db.go:384.9,386.4 1 0
github.com/kayushkin/inber/session/db.go:387.3,387.30 1 0
github.com/kayushkin/inber/session/db.go:389.2,389.20 1 0
github.com/kayushkin/inber/session/db.go:393.37,395.2 1 0
github.com/kayushkin/inber/session/db.go:397.39,398.13 1 0
github.com/kayushkin/inber/session/db.go:398.13,400.3 1 0
github.com/kayushkin/inber/session/db.go:401.2,401.47 1 0
github.com/kayushkin/inber/session/jsonl.go:11.78,13.51 1 0
github.com/kayushkin/inber/session/jsonl.go:13.51,15.3 1 0
github.com/kayushkin/inber/session/jsonl.go:18.2,27.16 5 0
github.com/kayushkin/inber/session/jsonl.go:27.16,29.3 1 0
github.com/kayushkin/inber/session/jsonl.go:31.2,31.18 1 0
github.com/kayushkin/inber/session/jsonl.go:35.39,42.2 4 1
github.com/kayushkin/inber/session/jsonl.go:45.32,46.19 1 0
github.com/kayushkin/inber/session/jsonl.go:46.19,48.3 1 0
github.com/kayushkin/inber/session/jsonl.go:52.46,66.2 5 1
github.com/kayushkin/inber/session/jsonl.go:69.50,75.16 5 0
github.com/kayushkin/inber/session/jsonl.go:75.16,77.3 1 0
github.com/kayushkin/inber/session/jsonl.go:79.2,87.16 2 0
github.com/kayushkin/inber/session/logstack.go:18.76,19.15 1 0
github.com/kayushkin/inber/session/logstack.go:19.15,21.3 1 0
github.com/kayushkin/inber/session/logstack.go:22.2,26.3 1 0
github.com/kayushkin/inber/session/logstack.go:30.41,31.35 1 1
github.com/kayushkin/inber/session/logstack.go:31.35,33.3 1 1
github.com/kayushkin/inber/session/logstack.go:35.2,35.12 1 0
github.com/kayushkin/inber/session/logstack.go:35.12,37.46 2 0
github.com/kayushkin/inber/session/logstack.go:37.46,39.4 1 0
github.com/kayushkin/inber/session/logstack.go:44.85,47.16 2 0
github.com/kayushkin/inber/session/logstack.go:48.19,49.42 1 0
github.com/kayushkin/inber/session/logstack.go:50.21,51.44 1 0
github.com/kayushkin/inber/session/logstack.go:52.16,53.43 1 0
github.com/kayushkin/inber/session/logstack.go:57.2,58.15 2 0
github.com/kayushkin/inber/session/logstack.go:58.15,60.3 1 0
github.com/kayushkin/inber/session/logstack.go:63.2,64.27 2 0
github.com/kayushkin/inber/session/logstack.go:64.27,66.3 1 0
github.com/kayushkin/inber/session/logstack.go:68.2,87.3 1 0
github.com/kayushkin/inber/session/prompts.go:31.117,38.54 6 1
github.com/kayushkin/inber/session/prompts.go:38.54,40.3 1 0
github.com/kayushkin/inber/session/prompts.go:43.2,43.15 1 1
github.com/kayushkin/inber/session/prompts.go:43.15,46.3 2 1
github.com/kayushkin/inber/session/prompts.go:49.2,61.15 9 1
github.com/kayushkin/inber/session/prompts.go:61.15,63.3 1 1
github.com/kayushkin/inber/session/prompts.go:63.8,65.38 2 0
github.com/kayushkin/inber/session/prompts.go:65.38,67.4 1 0
github.com/kayushkin/inber/session/prompts.go:68.3,70.51 3 0
github.com/kayushkin/inber/session/prompts.go:74.2,84.54 10 1
github.com/kayushkin/inber/session/prompts.go:91.102,92.22 1 1
github.com/kayushkin/inber/session/prompts.go:92.22,94.3 1 0
github.com/kayushkin/inber/session/prompts.go:96.2,103.31 7 1
github.com/kayushkin/inber/session/prompts.go:103.31,109.52 4 1
github.com/kayushkin/inber/session/prompts.go:109.52,111.4 1 0
github.com/kayushkin/inber/session/prompts.go:114.3,125.91 8 1
github.com/kayushkin/inber/session/prompts.go:128.2,129.84 2 1
github.com/kayushkin/inber/session/prompts.go:133.31,135.36 2 1
github.com/kayushkin/inber/session/prompts.go:135.36,136.63 1 1
github.com/kayushkin/inber/session/prompts.go:136.63,138.4 1 1
github.com/kayushkin/inber/session/prompts.go:139.3,139.39 1 0
github.com/kayushkin/inber/session/prompts.go:139.39,141.4 1 0
github.com/kayushkin/inber/session/prompts.go:142.3,142.12 1 0
github.com/kayushkin/inber/session/prompts.go:145.2,145.32 1 1
github.com/kayushkin/inber/session/prompts.go:145.32,147.3 1 0
github.com/kayushkin/inber/session/prompts.go:148.2,148.29 1 1
github.com/kayushkin/inber/session/prompts.go:152.74,155.21 3 1
github.com/kayushkin/inber/session/prompts.go:155.21,159.3 3 1
github.com/kayushkin/inber/session/prompts.go:161.2,162.29 2 0
github.com/kayushkin/inber/session/prompts.go:162.29,163.25 1 0
github.com/kayushkin/inber/session/prompts.go:163.25,167.18 4 0
github.com/kayushkin/inber/session/prompts.go:167.18,169.5 1 0
github.com/kayushkin/inber/session/prompts.go:171.4,172.41 2 0
github.com/kayushkin/inber/session/prompts.go:172.41,176.5 3 0
github.com/kayushkin/inber/session/prompts.go:180.2,182.80 3 0
github.com/kayushkin/inber/session/prompts.go:185.63,187.29 2 1
github.com/kayushkin/inber/session/prompts.go:187.29,189.25 2 0
github.com/kayushkin/inber/session/prompts.go:189.25,193.70 3 0
github.com/kayushkin/inber/session/prompts.go:193.70,195.5 1 0
github.com/kayushkin/inber/session/prompts.go:198.2,198.14 1 1
github.com/kayushkin/inber/session/prompts.go:201.105,202.22 1 0
github.com/kayushkin/inber/session/prompts.go:202.22,204.3 1 0
github.com/kayushkin/inber/session/prompts.go:205.2,206.31 2 0
github.com/kayushkin/inber/session/prompts.go:206.31,209.52 3 0
github.com/kayushkin/inber/session/prompts.go:209.52,211.4 1 0
github.com/kayushkin/inber/session/prompts.go:212.3,213.38 2 0
github.com/kayushkin/inber/session/prompts.go:217.94,218.32 1 1
github.com/kayushkin/inber/session/prompts.go:218.32,221.3 2 0
github.com/kayushkin/inber/session/prompts.go:222.2,224.45 3 1
github.com/kayushkin/inber/session/prompts.go:224.45,230.37 5 1
github.com/kayushkin/inber/session/prompts.go:230.37,231.27 1 1
github.com/kayushkin/inber/session/prompts.go:231.27,234.23 3 1
github.com/kayushkin/inber/session/prompts.go:234.23,236.6 1 0
github.com/kayushkin/inber/session/prompts.go:236.11,238.6 1 1
github.com/kayushkin/inber/session/prompts.go:239.10,239.37 1 0
github.com/kayushkin/inber/session/prompts.go:239.37,242.5 2 0
github.com/kayushkin/inber/session/prompts.go:242.10,242.40 1 0
github.com/kayushkin/inber/session/prompts.go:242.40,245.5 2 0
github.com/kayushkin/inber/session/prompts.go:247.3,248.95 2 1
github.com/kayushkin/inber/session/prompts.go:252.66,254.27 2 1
github.com/kayushkin/inber/session/prompts.go:254.27,256.3 1 1
github.com/kayushkin/inber/session/prompts.go:257.2,257.14 1 1
github.com/kayushkin/inber/session/prompts.go:260.67,262.31 2 1
github.com/kayushkin/inber/session/prompts.go:262.31,264.37 2 1
github.com/kayushkin/inber/session/prompts.go:264.37,265.27 1 1
github.com/kayushkin/inber/session/prompts.go:265.27,267.5 1 1
github.com/kayushkin/inber/session/prompts.go:267.10,267.66 1 0
github.com/kayushkin/inber/session/prompts.go:267.66,269.5 1 0
github.com/kayushkin/inber/session/prompts.go:272.2,272.14 1 1
github.com/kayushkin/inber/session/prompts.go:276.72,281.85 2 1
github.com/kayushkin/inber/session/prompts.go:281.85,282.33 1 1
github.com/kayushkin/inber/session/prompts.go:282.33,284.4 1 1
github.com/kayushkin/inber/session/prompts.go:285.3,285.45 1 1
github.com/kayushkin/inber/session/prompts.go:285.45,287.4 1 0
github.com/kayushkin/inber/session/prompts.go:289.3,289.83 1 1
github.com/kayushkin/inber/session/prompts.go:289.83,291.4 1 1
github.com/kayushkin/inber/session/prompts.go:293.3,293.48 1 1
github.com/kayushkin/inber/session/prompts.go:293.48,295.4 1 0
github.com/kayushkin/inber/session/prompts.go:296.3,296.13 1 1
github.com/kayushkin/inber/session/prompts.go:299.2,299.16 1 1
github.com/kayushkin/inber/session/prompts.go:299.16,301.3 1 0
github.com/kayushkin/inber/session/prompts.go:302.2,302.19 1 1
github.com/kayushkin/inber/session/prompts.go:306.79,311.78 4 1
github.com/kayushkin/inber/session/prompts.go:311.78,312.33 1 1
github.com/kayushkin/inber/session/prompts.go:312.33,314.4 1 1
github.com/kayushkin/inber/session/prompts.go:315.3,316.34 1 1
github.com/kayushkin/inber/session/prompts.go:316.34,319.4 2 1
github.com/kayushkin/inber/session/prompts.go:320.3,320.13 1 0
github.com/kayushkin/inber/session/prompts.go:323.2,323.17 1 1
github.com/kayushkin/inber/session/prompts.go:323.17,325.3 1 1
github.com/kayushkin/inber/session/prompts.go:327.2,328.16 2 1
github.com/kayushkin/inber/session/prompts.go:328.16,330.3 1 0
github.com/kayushkin/inber/session/prompts.go:331.2,331.26 1 1
github.com/kayushkin/inber/session/resume.go:17.39,20.23 3 0
github.com/kayushkin/inber/session/resume.go:20.23,21.105 1 0
github.com/kayushkin/inber/session/resume.go:21.105,23.4 1 0
github.com/kayushkin/inber/session/resume.go:23.9,25.4 1 0
github.com/kayushkin/inber/session/resume.go:27.2,28.18 2 0
github.com/kayushkin/inber/session/resume.go:28.18,30.3 1 0
github.com/kayushkin/inber/session/resume.go:31.2,31.15 1 0
github.com/kayushkin/inber/session/resume.go:36.69,38.16 2 0
github.com/kayushkin/inber/session/resume.go:38.16,40.3 1 0
github.com/kayushkin/inber/session/resume.go:41.2,49.21 6 0
github.com/kayushkin/inber/session/resume.go:49.21,51.65 2 0
github.com/kayushkin/inber/session/resume.go:51.65,52.12 1 0
github.com/kayushkin/inber/session/resume.go:54.3,54.21 1 0
github.com/kayushkin/inber/session/resume.go:55.56,56.36 1 0
github.com/kayushkin/inber/session/resume.go:59.2,59.38 1 0
github.com/kayushkin/inber/session/resume.go:59.38,61.3 1 0
github.com/kayushkin/inber/session/resume.go:67.2,68.23 2 0
github.com/kayushkin/inber/session/resume.go:68.23,71.17 2 0
github.com/kayushkin/inber/session/resume.go:72.15,76.7 2 0
github.com/kayushkin/inber/session/resume.go:78.20,81.23 2 0
github.com/kayushkin/inber/session/resume.go:81.23,85.5 1 0
github.com/kayushkin/inber/session/resume.go:86.4,88.59 2 0
github.com/kayushkin/inber/session/resume.go:88.59,98.5 3 0
github.com/kayushkin/inber/session/resume.go:99.4,102.6 1 0
github.com/kayushkin/inber/session/resume.go:104.20,107.59 2 0
github.com/kayushkin/inber/session/resume.go:107.59,117.5 3 0
github.com/kayushkin/inber/session/resume.go:118.4,121.6 1 0
github.com/kayushkin/inber/session/resume.go:123.22,126.61 2 0
github.com/kayushkin/inber/session/resume.go:126.61,132.5 3 0
github.com/kayushkin/inber/session/resume.go:133.4,133.68 1 0
github.com/kayushkin/inber/session/resume.go:137.2,137.22 1 0
github.com/kayushkin/inber/session/resume.go:142.68,144.54 2 0
github.com/kayushkin/inber/session/resume.go:144.54,146.3 1 0
github.com/kayushkin/inber/session/resume.go:148.2,154.80 3 0
github.com/kayushkin/inber/session/resume.go:154.80,155.30 1 0
github.com/kayushkin/inber/session/resume.go:155.30,157.4 1 0
github.com/kayushkin/inber/session/resume.go:158.3,158.34 1 0
github.com/kayushkin/inber/session/resume.go:158.34,161.4 2 0
github.com/kayushkin/inber/session/resume.go:161.9,161.51 1 0
github.com/kayushkin/inber/session/resume.go:161.51,164.4 1 0
github.com/kayushkin/inber/session/resume.go:165.3,165.13 1 0
github.com/kayushkin/inber/session/resume.go:168.2,168.26 1 0
github.com/kayushkin/inber/session/resume.go:168.26,170.3 1 0
github.com/kayushkin/inber/session/resume.go:172.2,172.45 1 0
github.com/kayushkin/inber/session/resume.go:172.45,174.3 1 0
github.com/kayushkin/inber/session/resume.go:176.2,176.31 1 0
github.com/kayushkin/inber/session/resume.go:181.79,184.51 2 0
github.com/kayushkin/inber/session/resume.go:184.51,186.57 2 0
github.com/kayushkin/inber/session/resume.go:186.57,188.4 1 0
github.com/kayushkin/inber/session/resume.go:192.2,193.32 2 0
github.com/kayushkin/inber/session/session.go:62.23,66.2 3 1
github.com/kayushkin/inber/session/session.go:72.102,75.21 2 1
github.com/kayushkin/inber/session/session.go:75.21,77.3 1 1
github.com/kayushkin/inber/session/session.go:79.2,79.52 1 1
github.com/kayushkin/inber/session/session.go:79.52,81.3 1 0
github.com/kayushkin/inber/session/session.go:83.2,87.20 3 1
github.com/kayushkin/inber/session/session.go:87.20,89.3 1 0
github.com/kayushkin/inber/session/session.go:91.2,92.54 2 1
github.com/kayushkin/inber/session/session.go:92.54,94.3 1 0
github.com/kayushkin/inber/session/session.go:96.2,98.16 3 1
github.com/kayushkin/inber/session/session.go:98.16,100.3 1 0
github.com/kayushkin/inber/session/session.go:102.2,116.49 2 1
github.com/kayushkin/inber/session/session.go:116.49,118.3 1 0
github.com/kayushkin/inber/session/session.go:121.2,122.21 2 1
github.com/kayushkin/inber/session/session.go:122.21,124.3 1 1
github.com/kayushkin/inber/session/session.go:125.2,125.20 1 1
github.com/kayushkin/inber/session/session.go:125.20,127.3 1 0
github.com/kayushkin/inber/session/session.go:129.2,135.15 2 1
github.com/kayushkin/inber/session/session.go:139.38,141.2 1 1
github.com/kayushkin/inber/session/session.go:144.38,146.2 1 0
github.com/kayushkin/inber/session/session.go:150.33,152.2 1 0
github.com/kayushkin/inber/session/session.go:156.52,158.2 1 0
github.com/kayushkin/inber/session/session.go:163.28,164.45 1 0
github.com/kayushkin/inber/session/session.go:164.45,166.3 1 0
github.com/kayushkin/inber/session/session.go:167.2,167.12 1 0
github.com/kayushkin/inber/session/session.go:170.60,172.18 2 0
github.com/kayushkin/inber/session/session.go:172.18,183.3 1 0
github.com/kayushkin/inber/session/session.go:187.57,191.2 3 1
github.com/kayushkin/inber/session/session.go:195.59,199.2 3 1
github.com/kayushkin/inber/session/session.go:202.37,206.2 3 1
github.com/kayushkin/inber/session/session.go:221.27,224.20 2 1
github.com/kayushkin/inber/session/session.go:224.20,226.3 1 0
github.com/kayushkin/inber/session/session.go:230.45,234.16 3 0
github.com/kayushkin/inber/session/session.go:234.16,236.3 1 0
github.com/kayushkin/inber/session/session.go:238.2,238.20 1 0
github.com/kayushkin/inber/session/session.go:238.20,240.3 1 0
github.com/kayushkin/inber/session/session.go:244.37,246.2 1 1
github.com/kayushkin/inber/session/session.go:248.34,255.2 4 1
github.com/kayushkin/inber/session/session.go:258.81,264.16 3 0
github.com/kayushkin/inber/session/session.go:264.16,268.3 2 0
github.com/kayushkin/inber/session/session.go:270.2,274.15 3 0
github.com/kayushkin/inber/session/session.go:274.15,276.17 2 0
github.com/kayushkin/inber/session/session.go:276.17,278.4 1 0
github.com/kayushkin/inber/session/session.go:279.3,280.86 2 0
github.com/kayushkin/inber/session/session.go:281.8,283.17 2 0
github.com/kayushkin/inber/session/session.go:283.17,285.4 1 0
github.com/kayushkin/inber/session/session.go:286.3,286.18 1 0
github.com/kayushkin/inber/session/session.go:290.2,297.29 6 0
github.com/kayushkin/inber/session/session.go:297.29,298.42 1 0
github.com/kayushkin/inber/session/session.go:298.42,300.4 1 0
github.com/kayushkin/inber/session/session.go:301.3,301.20 1 0
github.com/kayushkin/inber/session/session.go:301.20,303.83 1 0
github.com/kayushkin/inber/session/session.go:303.83,304.10 1 0
github.com/kayushkin/inber/session/session.go:306.4,306.39 1 0
github.com/kayushkin/inber/session/session.go:310.2,310.24 1 0
github.com/kayushkin/inber/session/session.go:310.24,312.3 1 0
github.com/kayushkin/inber/session/session.go:316.40,318.55 1 0
github.com/kayushkin/inber/session/session.go:318.55,319.53 1 0
github.com/kayushkin/inber/session/session.go:319.53,321.5 1 0
github.com/kayushkin/inber/session/session.go:323.33,325.4 1 0
github.com/kayushkin/inber/session/session.go:326.55,328.4 1 0
github.com/kayushkin/inber/session/session.go:329.65,331.4 1 0
github.com/kayushkin/inber/session/session_logging.go:10.40,19.33 3 0
github.com/kayushkin/inber/session/session_logging.go:19.33,22.3 1 0
github.com/kayushkin/inber/session/session_logging.go:26.81,44.2 7 0
github.com/kayushkin/inber/session/session_logging.go:47.75,56.2 1 0
github.com/kayushkin/inber/session/session_logging.go:60.80,66.22 5 0
github.com/kayushkin/inber/session/session_logging.go:66.22,68.3 1 0
github.com/kayushkin/inber/session/session_logging.go:69.2,69.11 1 0
github.com/kayushkin/inber/session/session_logging.go:73.76,82.22 5 1
github.com/kayushkin/inber/session/session_logging.go:82.22,86.3 3 1
github.com/kayushkin/inber/session/session_logging.go:88.2,96.4 1 1
github.com/kayushkin/inber/session/session_logging.go:100.44,107.2 1 0
github.com/kayushkin/inber/session/session_logging.go:110.55,124.20 7 0
github.com/kayushkin/inber/session/session_logging.go:124.20,130.3 1 0
github.com/kayushkin/inber/session/session_logging.go:134.81,147.2 3 1
github.com/kayushkin/inber/session/session_logging.go:150.97,164.2 3 1
github.com/kayushkin/inber/session/session_logging.go:167.76,180.2 3 1
github.com/kayushkin/inber/session/session_logging.go:183.75,196.2 3 1
github.com/kayushkin/inber/session/session_logging.go:199.90,204.20 4 0
github.com/kayushkin/inber/session/session_logging.go:204.20,208.3 2 0
github.com/kayushkin/inber/session/session_logging.go:211.2,211.61 1 0
github.com/kayushkin/inber/session/timeline.go:46.56,48.2 1 1
github.com/kayushkin/inber/session/timeline.go:51.90,54.2 2 1
github.com/kayushkin/inber/session/timeline.go:59.88,61.2 1 0
github.com/kayushkin/inber/session/timeline.go:63.121,66.20 3 0
github.com/kayushkin/inber/session/timeline.go:66.20,68.3 1 0
github.com/kayushkin/inber/session/timeline.go:69.2,73.78 5 0
github.com/kayushkin/inber/session/timeline.go:77.73,82.35 4 1
github.com/kayushkin/inber/session/timeline.go:82.35,84.18 2 1
github.com/kayushkin/inber/session/timeline.go:85.17,86.35 1 1
github.com/kayushkin/inber/session/timeline.go:86.35,89.5 2 1
github.com/kayushkin/inber/session/timeline.go:90.4,90.66 1 1
github.com/kayushkin/inber/session/timeline.go:90.66,92.5 1 1
github.com/kayushkin/inber/session/timeline.go:92.10,94.5 1 1
github.com/kayushkin/inber/session/timeline.go:95.4,95.27 1 1
github.com/kayushkin/inber/session/timeline.go:95.27,97.5 1 1
github.com/kayushkin/inber/session/timeline.go:98.4,98.24 1 1
github.com/kayushkin/inber/session/timeline.go:100.20,103.101 2 1
github.com/kayushkin/inber/session/timeline.go:103.101,105.27 2 1
github.com/kayushkin/inber/session/timeline.go:105.27,107.6 1 0
github.com/kayushkin/inber/session/timeline.go:107.11,109.6 1 1
github.com/kayushkin/inber/session/timeline.go:110.5,110.8 1 1
github.com/kayushkin/inber/session/timeline.go:112.4,113.23 2 1
github.com/kayushkin/inber/session/timeline.go:113.23,115.5 1 1
github.com/kayushkin/inber/session/timeline.go:116.4,116.24 1 1
github.com/kayushkin/inber/session/timeline.go:118.22,120.22 1 0
github.com/kayushkin/inber/session/timeline.go:120.22,122.5 1 0
github.com/kayushkin/inber/session/timeline.go:122.10,124.5 1 0
github.com/kayushkin/inber/session/timeline.go:126.19,127.79 1 1
github.com/kayushkin/inber/session/timeline.go:129.16,134.24 2 1
github.com/kayushkin/inber/session/timeline.go:134.24,136.5 1 1
github.com/kayushkin/inber/session/timeline.go:137.4,137.19 1 1
github.com/kayushkin/inber/session/timeline.go:137.19,139.5 1 1
github.com/kayushkin/inber/session/timeline.go:140.4,140.74 1 1
github.com/kayushkin/inber/session/timeline.go:144.2,144.20 1 1
github.com/kayushkin/inber/session/timeline.go:148.51,153.22 2 1
github.com/kayushkin/inber/session/timeline.go:153.22,155.3 1 1
github.com/kayushkin/inber/session/timeline.go:156.2,156.17 1 1
github.com/kayushkin/inber/session/timeline.go:156.17,158.3 1 1
github.com/kayushkin/inber/session/timeline.go:159.2,159.70 1 1
github.com/kayushkin/inber/session/timeline.go:163.91,165.16 2 1
github.com/kayushkin/inber/session/timeline.go:165.16,167.3 1 0
github.com/kayushkin/inber/session/timeline.go:168.2,176.21 7 1
github.com/kayushkin/inber/session/timeline.go:176.21,178.36 2 1
github.com/kayushkin/inber/session/timeline.go:178.36,179.12 1 0
github.com/kayushkin/inber/session/timeline.go:182.3,183.62 2 1
github.com/kayushkin/inber/session/timeline.go:183.62,184.12 1 0
github.com/kayushkin/inber/session/timeline.go:188.3,188.25 1 1
github.com/kayushkin/inber/session/timeline.go:188.25,190.4 1 1
github.com/kayushkin/inber/session/timeline.go:192.3,192.21 1 1
github.com/kayushkin/inber/session/timeline.go:193.18,204.62 2 1
github.com/kayushkin/inber/session/timeline.go:204.62,207.49 2 1
github.com/kayushkin/inber/session/timeline.go:207.49,208.40 1 1
github.com/kayushkin/inber/session/timeline.go:208.40,209.53 1 1
github.com/kayushkin/inber/session/timeline.go:209.53,210.52 1 1
github.com/kayushkin/inber/session/timeline.go:210.52,212.14 2 1
github.com/kayushkin/inber/session/timeline.go:215.7,215.12 1 1
github.com/kayushkin/inber/session/timeline.go:218.5,225.34 2 1
github.com/kayushkin/inber/session/timeline.go:228.19,228.19 0 0
github.com/kayushkin/inber/session/timeline.go:232.20,240.6 2 1
github.com/kayushkin/inber/session/timeline.go:242.22,249.6 1 1
github.com/kayushkin/inber/session/timeline.go:251.20,259.55 2 1
github.com/kayushkin/inber/session/timeline.go:259.55,262.43 2 1
github.com/kayushkin/inber/session/timeline.go:262.43,263.39 1 1
github.com/kayushkin/inber/session/timeline.go:263.39,265.7 1 1
github.com/kayushkin/inber/session/timeline.go:266.6,266.36 1 1
github.com/kayushkin/inber/session/timeline.go:266.36,267.12 1 1
github.com/kayushkin/inber/session/timeline.go:271.5,279.7 1 1
github.com/kayushkin/inber/session/timeline.go:284.2,284.38 1 1
github.com/kayushkin/inber/session/timeline.go:284.38,286.3 1 0
github.com/kayushkin/inber/session/timeline.go:288.2,288.24 1 1
github.com/kayushkin/inber/session/timeline.go:288.24,290.3 1 0
github.com/kayushkin/inber/session/timeline.go:292.2,292.31 1 1
github.com/kayushkin/inber/session/timeline.go:296.71,299.19 2 1
github.com/kayushkin/inber/session/timeline.go:299.19,301.3 1 0
github.com/kayushkin/inber/session/timeline.go:303.2,304.16 2 1
github.com/kayushkin/inber/session/timeline.go:304.16,306.3 1 0
github.com/kayushkin/inber/session/timeline.go:308.2,308.47 1 1
github.com/kayushkin/inber/session/timeline.go:312.57,314.78 2 1
github.com/kayushkin/inber/session/timeline.go:314.78,315.30 1 1
github.com/kayushkin/inber/session/timeline.go:315.30,317.4 1 1
github.com/kayushkin/inber/session/timeline.go:318.3,318.71 1 1
github.com/kayushkin/inber/session/timeline.go:318.71,321.4 2 1
github.com/kayushkin/inber/session/timeline.go:322.3,322.13 1 0
github.com/kayushkin/inber/session/timeline.go:324.2,324.14 1 1
github.com/kayushkin/inber/session/timeline.go:327.44,329.19 2 1
github.com/kayushkin/inber/session/timeline.go:329.19,331.3 1 1
github.com/kayushkin/inber/session/timeline.go:332.2,332.24 1 0
github.com/kayushkin/inber/session/timeline.go:335.50,340.39 2 1
github.com/kayushkin/inber/session/timeline.go:340.39,344.84 2 1
github.com/kayushkin/inber/session/timeline.go:344.84,345.32 1 1
github.com/kayushkin/inber/session/timeline.go:345.32,347.5 1 0
github.com/kayushkin/inber/session/timeline.go:348.4,348.45 1 1
github.com/kayushkin/inber/session/timeline.go:353.2,353.139 1 1
github.com/kayushkin/inber/session/timeline.go:353.139,358.61 2 1
github.com/kayushkin/inber/session/timeline.go:358.61,360.18 2 1
github.com/kayushkin/inber/session/timeline.go:360.18,362.5 1 0
github.com/kayushkin/inber/session/timeline.go:363.4,363.18 1 1
github.com/kayushkin/inber/session/timeline.go:363.18,365.5 1 1
github.com/kayushkin/inber/session/timeline.go:370.2,371.17 2 1
github.com/kayushkin/inber/session/timeline.go:371.17,373.3 1 1
github.com/kayushkin/inber/session/timeline.go:374.2,374.10 1 1
github.com/kayushkin/inber/session/timeline.go:377.48,379.16 2 1
github.com/kayushkin/inber/session/timeline.go:379.16,381.3 1 1
github.com/kayushkin/inber/session/timeline.go:382.2,383.15 2 1
github.com/kayushkin/inber/session/timeline.go:383.15,385.3 1 1
github.com/kayushkin/inber/session/timeline.go:386.2,386.53 1 1
github.com/kayushkin/inber/session/timeline.go:389.33,390.14 1 1
github.com/kayushkin/inber/session/timeline.go:390.14,392.3 1 1
github.com/kayushkin/inber/session/timeline.go:393.2,393.47 1 0
github.com/kayushkin/inber/session/truncate.go:36.45,44.2 1 1
github.com/kayushkin/inber/session/truncate.go:47.38,49.2 1 1
github.com/kayushkin/inber/session/truncate.go:52.85,56.29 2 1
github.com/kayushkin/inber/session/truncate.go:56.29,62.3 1 1
github.com/kayushkin/inber/session/truncate.go:65.2,66.22 2 1
github.com/kayushkin/inber/session/truncate.go:67.20,68.21 1 0
github.com/kayushkin/inber/session/truncate.go:69.20,72.35 2 0
github.com/kayushkin/inber/session/truncate.go:72.35,74.4 1 0
github.com/kayushkin/inber/session/truncate.go:74.9,76.4 1 0
github.com/kayushkin/inber/session/truncate.go:77.24,78.71 1 1
github.com/kayushkin/inber/session/truncate.go:79.10,80.71 1 0
github.com/kayushkin/inber/session/truncate.go:83.2,90.3 2 1
github.com/kayushkin/inber/session/truncate.go:94.74,99.41 3 1
github.com/kayushkin/inber/session/truncate.go:99.41,101.3 1 0
github.com/kayushkin/inber/session/truncate.go:104.2,108.61 3 1
github.com/kayushkin/inber/session/truncate.go:108.61,110.3 1 1
github.com/kayushkin/inber/session/truncate.go:111.2,111.68 1 1
github.com/kayushkin/inber/session/truncate.go:111.68,113.3 1 1
github.com/kayushkin/inber/session/truncate.go:115.2,120.22 5 1
github.com/kayushkin/inber/session/truncate.go:120.22,122.3 1 1
github.com/kayushkin/inber/session/truncate.go:122.8,124.3 1 0
github.com/kayushkin/inber/session/truncate.go:126.2,126.36 1 1
github.com/kayushkin/inber/session/truncate.go:130.63,134.2 1 0
github.com/kayushkin/inber/session/truncate.go:137.56,138.31 1 1
github.com/kayushkin/inber/session/truncate.go:139.23,147.4 1 1
github.com/kayushkin/inber/session/truncate.go:148.17,156.4 1 1
github.com/kayushkin/inber/session/truncate.go:157.13,165.4 1 1
github.com/kayushkin/inber/session/truncate.go:166.10,167.33 1 1
github.com/kayushkin/inber/session/workspace.go:33.57,36.2 2 0
github.com/kayushkin/inber/session/workspace.go:40.60,44.50 3 0
github.com/kayushkin/inber/session/workspace.go:44.50,46.3 1 0
github.com/kayushkin/inber/session/workspace.go:48.2,48.31 1 0
github.com/kayushkin/inber/session/workspace.go:48.31,50.17 2 0
github.com/kayushkin/inber/session/workspace.go:50.17,52.4 1 0
github.com/kayushkin/inber/session/workspace.go:53.3,55.70 3 0
github.com/kayushkin/inber/session/workspace.go:55.70,57.4 1 0
github.com/kayushkin/inber/session/workspace.go:59.2,59.12 1 0
github.com/kayushkin/inber/session/workspace.go:65.56,68.16 3 0
github.com/kayushkin/inber/session/workspace.go:68.16,69.25 1 0
github.com/kayushkin/inber/session/workspace.go:69.25,71.4 1 0
github.com/kayushkin/inber/session/workspace.go:72.3,72.80 1 0
github.com/kayushkin/inber/session/workspace.go:76.2,76.42 1 0
github.com/kayushkin/inber/session/workspace.go:76.42,78.3 1 0
github.com/kayushkin/inber/session/workspace.go:80.2,81.32 2 0
github.com/kayushkin/inber/session/workspace.go:81.32,82.63 1 0
github.com/kayushkin/inber/session/workspace.go:82.63,83.12 1 0
github.com/kayushkin/inber/session/workspace.go:85.3,86.17 2 0
github.com/kayushkin/inber/session/workspace.go:86.17,87.12 1 0
github.com/kayushkin/inber/session/workspace.go:90.3,91.48 2 0
github.com/kayushkin/inber/session/workspace.go:91.48,93.4 1 0
github.com/kayushkin/inber/session/workspace.go:94.3,94.68 1 0
[...]
github.com/kayushkin/inber/memory/management.go:109.3,113.17 3 1
github.com/kayushkin/inber/memory/management.go:113.17,115.23 2 1
github.com/kayushkin/inber/memory/management.go:115.23,117.54 2 1
github.com/kayushkin/inber/memory/management.go:117.54,119.6 1 1
github.com/kayushkin/inber/memory/management.go:124.3,124.25 1 1
github.com/kayushkin/inber/memory/management.go:124.25,126.29 2 1
github.com/kayushkin/inber/memory/management.go:126.29,128.5 1 0
github.com/kayushkin/inber/memory/management.go:132.2,132.20 1 1
github.com/kayushkin/inber/memory/memory.go:46.46,48.16 2 1
github.com/kayushkin/inber/memory/memory.go:48.16,50.3 1 0
github.com/kayushkin/inber/memory/memory.go:55.2,82.43 2 1
github.com/kayushkin/inber/memory/memory.go:82.43,85.3 2 0
github.com/kayushkin/inber/memory/memory.go:88.2,88.53 1 1
github.com/kayushkin/inber/memory/memory.go:88.53,91.3 2 0
github.com/kayushkin/inber/memory/memory.go:94.2,94.42 1 1
github.com/kayushkin/inber/memory/memory.go:94.42,97.3 2 0
github.com/kayushkin/inber/memory/memory.go:99.2,102.8 1 1
github.com/kayushkin/inber/memory/memory.go:106.38,110.16 3 1
github.com/kayushkin/inber/memory/memory.go:110.16,112.3 1 0
github.com/kayushkin/inber/memory/memory.go:113.2,120.18 6 1
github.com/kayushkin/inber/memory/memory.go:120.18,121.76 1 1
github.com/kayushkin/inber/memory/memory.go:121.76,122.12 1 0
github.com/kayushkin/inber/memory/memory.go:124.3,124.28 1 1
github.com/kayushkin/inber/memory/memory.go:128.2,143.39 2 1
github.com/kayushkin/inber/memory/memory.go:143.39,144.47 1 1
github.com/kayushkin/inber/memory/memory.go:144.47,146.12 1 0
github.com/kayushkin/inber/memory/memory.go:150.2,150.12 1 1
github.com/kayushkin/inber/memory/memory.go:154.31,156.2 1 1
github.com/kayushkin/inber/memory/memory.go:159.38,161.27 1 1
github.com/kayushkin/inber/memory/memory.go:161.27,163.3 1 1
github.com/kayushkin/inber/memory/memory.go:166.2,166.26 1 1
github.com/kayushkin/inber/memory/memory.go:166.26,168.3 1 1
github.com/kayushkin/inber/memory/memory.go:169.2,169.29 1 1
github.com/kayushkin/inber/memory/memory.go:169.29,171.3 1 1
github.com/kayushkin/inber/memory/memory.go:172.2,172.23 1 1
github.com/kayushkin/inber/memory/memory.go:172.23,174.3 1 0
github.com/kayushkin/inber/memory/memory.go:177.2,178.16 2 1
github.com/kayushkin/inber/memory/memory.go:178.16,180.3 1 0
github.com/kayushkin/inber/memory/memory.go:183.2,184.16 2 1
github.com/kayushkin/inber/memory/memory.go:184.16,186.3 1 0
github.com/kayushkin/inber/memory/memory.go:187.2,190.38 2 1
github.com/kayushkin/inber/memory/memory.go:190.38,192.3 1 1
github.com/kayushkin/inber/memory/memory.go:195.2,195.21 1 1
github.com/kayushkin/inber/memory/memory.go:195.21,197.3 1 1
github.com/kayushkin/inber/memory/memory.go:200.2,224.16 3 1
github.com/kayushkin/inber/memory/memory.go:224.16,226.3 1 0
github.com/kayushkin/inber/memory/memory.go:229.2,229.88 1 1
github.com/kayushkin/inber/memory/memory.go:229.88,231.3 1 0
github.com/kayushkin/inber/memory/memory.go:232.2,232.21 1 1
github.com/kayushkin/inber/memory/memory.go:232.21,234.17 2 1
github.com/kayushkin/inber/memory/memory.go:234.17,236.4 1 0
github.com/kayushkin/inber/memory/memory.go:237.3,239.30 2 1
github.com/kayushkin/inber/memory/memory.go:239.30,240.53 1 1
github.com/kayushkin/inber/memory/memory.go:240.53,242.5 1 0
github.com/kayushkin/inber/memory/memory.go:246.2,246.20 1 1
github.com/kayushkin/inber/memory/memory.go:250.49,271.26 9 1
github.com/kayushkin/inber/memory/memory.go:271.26,273.3 1 0
github.com/kayushkin/inber/memory/memory.go:274.2,274.16 1 1
github.com/kayushkin/inber/memory/memory.go:274.16,276.3 1 0
github.com/kayushkin/inber/memory/memory.go:278.2,283.21 6 1
github.com/kayushkin/inber/memory/memory.go:283.21,286.3 2 1
github.com/kayushkin/inber/memory/memory.go:289.2,289.14 1 1
github.com/kayushkin/inber/memory/memory.go:289.14,290.47 1 1
github.com/kayushkin/inber/memory/memory.go:290.47,292.4 1 1
github.com/kayushkin/inber/memory/memory.go:295.2,295.62 1 1
github.com/kayushkin/inber/memory/memory.go:295.62,297.3 1 0
github.com/kayushkin/inber/memory/memory.go:300.2,301.16 2 1
github.com/kayushkin/inber/memory/memory.go:301.16,303.3 1 0
github.com/kayushkin/inber/memory/memory.go:304.2,307.21 3 1
github.com/kayushkin/inber/memory/memory.go:307.21,309.44 2 1
github.com/kayushkin/inber/memory/memory.go:309.44,310.12 1 0
github.com/kayushkin/inber/memory/memory.go:312.3,312.31 1 1
github.com/kayushkin/inber/memory/memory.go:316.2,323.16 5 1
github.com/kayushkin/inber/memory/memory.go:327.41,336.2 2 1
github.com/kayushkin/inber/memory/prepare.go:23.71,30.2 1 0
github.com/kayushkin/inber/memory/prepare.go:34.64,36.44 1 1
github.com/kayushkin/inber/memory/prepare.go:36.44,38.3 1 0
github.com/kayushkin/inber/memory/prepare.go:41.2,41.51 1 1
github.com/kayushkin/inber/memory/prepare.go:41.51,43.3 1 0
github.com/kayushkin/inber/memory/prepare.go:50.2,50.27 1 1
github.com/kayushkin/inber/memory/prepare.go:50.27,51.48 1 1
github.com/kayushkin/inber/memory/prepare.go:51.48,54.4 1 0
github.com/kayushkin/inber/memory/prepare.go:57.2,57.12 1 1
github.com/kayushkin/inber/memory/prepare.go:61.62,65.28 2 1
github.com/kayushkin/inber/memory/prepare.go:65.28,67.17 2 1
github.com/kayushkin/inber/memory/prepare.go:67.17,69.4 1 0
github.com/kayushkin/inber/memory/prepare.go:70.3,70.33 1 1
github.com/kayushkin/inber/memory/prepare.go:71.8,71.35 1 1
github.com/kayushkin/inber/memory/prepare.go:71.35,73.3 1 1
github.com/kayushkin/inber/memory/prepare.go:73.8,76.3 1 0
github.com/kayushkin/inber/memory/prepare.go:79.2,86.4 1 1
github.com/kayushkin/inber/memory/prepare.go:90.48,111.2 2 1
github.com/kayushkin/inber/memory/prepare.go:114.65,117.16 2 1
github.com/kayushkin/inber/memory/prepare.go:117.16,119.3 1 0
github.com/kayushkin/inber/memory/prepare.go:122.2,125.32 2 1
github.com/kayushkin/inber/memory/prepare.go:125.32,131.22 3 1
github.com/kayushkin/inber/memory/prepare.go:131.22,133.4 1 1
github.com/kayushkin/inber/memory/prepare.go:133.9,136.4 2 1
github.com/kayushkin/inber/memory/prepare.go:138.3,142.22 3 1
github.com/kayushkin/inber/memory/prepare.go:142.22,144.4 1 1
github.com/kayushkin/inber/memory/prepare.go:144.9,144.30 1 1
github.com/kayushkin/inber/memory/prepare.go:144.30,146.4 1 1
github.com/kayushkin/inber/memory/prepare.go:149.3,151.16 3 1
github.com/kayushkin/inber/memory/prepare.go:151.16,153.4 1 1
github.com/kayushkin/inber/memory/prepare.go:156.3,164.17 2 1
github.com/kayushkin/inber/memory/prepare.go:164.17,166.4 1 0
github.com/kayushkin/inber/memory/prepare.go:169.2,169.12 1 1
github.com/kayushkin/inber/memory/prepare.go:173.27,174.12 1 1
github.com/kayushkin/inber/memory/prepare.go:174.12,176.3 1 1
github.com/kayushkin/inber/memory/prepare.go:177.2,177.12 1 1
github.com/kayushkin/inber/memory/recency.go:22.86,25.37 2 1
github.com/kayushkin/inber/memory/recency.go:25.37,27.3 1 0
github.com/kayushkin/inber/memory/recency.go:30.2,30.50 1 1
github.com/kayushkin/inber/memory/recency.go:34.89,37.51 2 1
github.com/kayushkin/inber/memory/recency.go:37.51,39.3 1 1
github.com/kayushkin/inber/memory/recency.go:42.2,49.16 6 0
github.com/kayushkin/inber/memory/recency.go:49.16,51.3 1 0
github.com/kayushkin/inber/memory/recency.go:54.2,56.29 3 0
github.com/kayushkin/inber/memory/recency.go:56.29,58.17 2 0
github.com/kayushkin/inber/memory/recency.go:58.17,60.4 1 0
github.com/kayushkin/inber/memory/recency.go:64.2,65.31 2 0
github.com/kayushkin/inber/memory/recency.go:65.31,68.17 3 0
github.com/kayushkin/inber/memory/recency.go:68.17,69.12 1 0
github.com/kayushkin/inber/memory/recency.go:73.3,73.42 1 0
github.com/kayushkin/inber/memory/recency.go:73.42,80.4 1 0
github.com/kayushkin/inber/memory/recency.go:83.2,83.21 1 0
github.com/kayushkin/inber/memory/recency.go:87.91,91.85 3 1
github.com/kayushkin/inber/memory/recency.go:91.85,92.17 1 1
github.com/kayushkin/inber/memory/recency.go:92.17,94.4 1 0
github.com/kayushkin/inber/memory/recency.go:97.3,97.19 1 1
github.com/kayushkin/inber/memory/recency.go:97.19,100.155 2 1
github.com/kayushkin/inber/memory/recency.go:100.155,102.5 1 0
github.com/kayushkin/inber/memory/recency.go:103.4,103.14 1 1
github.com/kayushkin/inber/memory/recency.go:107.3,107.35 1 1
github.com/kayushkin/inber/memory/recency.go:107.35,109.18 2 1
github.com/kayushkin/inber/memory/recency.go:109.18,111.5 1 0
github.com/kayushkin/inber/memory/recency.go:113.4,118.6 1 1
github.com/kayushkin/inber/memory/recency.go:121.3,121.13 1 1
github.com/kayushkin/inber/memory/recency.go:124.2,124.21 1 1
github.com/kayushkin/inber/memory/recency.go:128.51,129.21 1 0
github.com/kayushkin/inber/memory/recency.go:129.21,131.3 1 0
github.com/kayushkin/inber/memory/recency.go:133.2,136.29 3 0
github.com/kayushkin/inber/memory/recency.go:136.29,140.30 3 0
github.com/kayushkin/inber/memory/recency.go:140.30,142.4 1 0
github.com/kayushkin/inber/memory/recency.go:142.9,142.35 1 0
github.com/kayushkin/inber/memory/recency.go:142.35,145.4 2 0
github.com/kayushkin/inber/memory/recency.go:145.9,145.38 1 0
github.com/kayushkin/inber/memory/recency.go:145.38,148.4 2 0
github.com/kayushkin/inber/memory/recency.go:148.9,151.4 2 0
github.com/kayushkin/inber/memory/recency.go:153.3,153.99 1 0
github.com/kayushkin/inber/memory/recency.go:156.2,156.25 1 0
github.com/kayushkin/inber/memory/scan.go:12.20,24.16 7 1
github.com/kayushkin/inber/memory/scan.go:24.16,26.3 1 0
github.com/kayushkin/inber/memory/scan.go:28.2,32.21 5 1
github.com/kayushkin/inber/memory/scan.go:32.21,35.3 2 0
github.com/kayushkin/inber/memory/scan.go:37.2,37.22 1 1
github.com/kayushkin/inber/memory/scan.go:37.22,39.3 1 1
github.com/kayushkin/inber/memory/scan.go:41.2,41.15 1 1
github.com/kayushkin/inber/memory/scan.go:45.61,47.16 2 1
github.com/kayushkin/inber/memory/scan.go:47.16,49.3 1 0
github.com/kayushkin/inber/memory/scan.go:50.2,53.18 3 1
github.com/kayushkin/inber/memory/scan.go:53.18,55.41 2 1
github.com/kayushkin/inber/memory/scan.go:55.41,56.12 1 0
github.com/kayushkin/inber/memory/scan.go:58.3,58.27 1 1
github.com/kayushkin/inber/memory/scan.go:61.2,61.18 1 1
github.com/kayushkin/inber/memory/search.go:13.67,14.16 1 1
github.com/kayushkin/inber/memory/search.go:14.16,16.3 1 0
github.com/kayushkin/inber/memory/search.go:19.2,30.16 5 1
github.com/kayushkin/inber/memory/search.go:30.16,32.3 1 0
github.com/kayushkin/inber/memory/search.go:33.2,42.18 5 1
github.com/kayushkin/inber/memory/search.go:42.18,55.17 7 1
github.com/kayushkin/inber/memory/search.go:55.17,56.12 1 0
github.com/kayushkin/inber/memory/search.go:59.3,64.22 6 1
github.com/kayushkin/inber/memory/search.go:64.22,67.4 2 1
github.com/kayushkin/inber/memory/search.go:69.3,69.63 1 1
github.com/kayushkin/inber/memory/search.go:69.63,70.12 1 0
github.com/kayushkin/inber/memory/search.go:74.3,84.38 6 1
github.com/kayushkin/inber/memory/search.go:87.2,87.35 1 1
github.com/kayushkin/inber/memory/search.go:87.35,89.3 1 0
github.com/kayushkin/inber/memory/search.go:92.2,92.24 1 1
github.com/kayushkin/inber/memory/search.go:92.24,98.32 4 1
github.com/kayushkin/inber/memory/search.go:98.32,101.4 2 1
github.com/kayushkin/inber/memory/search.go:103.3,107.17 3 1
github.com/kayushkin/inber/memory/search.go:107.17,109.23 2 1
github.com/kayushkin/inber/memory/search.go:109.23,111.54 2 1
github.com/kayushkin/inber/memory/search.go:111.54,113.6 1 1
github.com/kayushkin/inber/memory/search.go:118.3,118.29 1 1
github.com/kayushkin/inber/memory/search.go:118.29,120.40 2 1
github.com/kayushkin/inber/memory/search.go:120.40,122.5 1 0
github.com/kayushkin/inber/memory/search.go:127.2,127.39 1 1
github.com/kayushkin/inber/memory/search.go:127.39,128.44 1 1
github.com/kayushkin/inber/memory/search.go:128.44,129.49 1 1
github.com/kayushkin/inber/memory/search.go:129.49,131.5 1 1
github.com/kayushkin/inber/memory/search.go:136.2,136.29 1 1
github.com/kayushkin/inber/memory/search.go:136.29,138.3 1 0
github.com/kayushkin/inber/memory/search.go:140.2,141.31 2 1
github.com/kayushkin/inber/memory/search.go:141.31,143.3 1 1
github.com/kayushkin/inber/memory/search.go:145.2,145.20 1 1
github.com/kayushkin/inber/memory/sessions.go:23.49,25.16 2 0
github.com/kayushkin/inber/memory/sessions.go:25.16,27.3 1 0
github.com/kayushkin/inber/memory/sessions.go:28.2,39.16 4 0
github.com/kayushkin/inber/memory/sessions.go:39.16,41.3 1 0
github.com/kayushkin/inber/memory/sessions.go:44.2,44.24 1 0
github.com/kayushkin/inber/memory/sessions.go:44.24,46.17 2 0
github.com/kayushkin/inber/memory/sessions.go:46.17,48.4 1 0
github.com/kayushkin/inber/memory/sessions.go:49.3,51.33 2 0
github.com/kayushkin/inber/memory/sessions.go:51.33,52.56 1 0
github.com/kayushkin/inber/memory/sessions.go:52.56,54.5 1 0
github.com/kayushkin/inber/memory/sessions.go:58.2,58.20 1 0
github.com/kayushkin/inber/memory/sessions.go:62.102,69.2 3 0
github.com/kayushkin/inber/memory/sessions.go:72.30,109.2 1 1
github.com/kayushkin/inber/memory/store.go:43.56,45.64 2 0
github.com/kayushkin/inber/memory/store.go:45.64,47.3 1 0
github.com/kayushkin/inber/memory/store.go:48.2,48.25 1 0
github.com/kayushkin/inber/memory/store.go:53.57,55.2 1 0
github.com/kayushkin/inber/memory/tagger.go:22.40,44.2 1 1
github.com/kayushkin/inber/memory/tagger.go:47.66,51.16 2 1
github.com/kayushkin/inber/memory/tagger.go:52.14,53.22 1 1
github.com/kayushkin/inber/memory/tagger.go:54.19,55.27 1 1
github.com/kayushkin/inber/memory/tagger.go:56.21,57.29 1 1
github.com/kayushkin/inber/memory/tagger.go:58.16,59.24 1 1
github.com/kayushkin/inber/memory/tagger.go:60.16,61.24 1 1
github.com/kayushkin/inber/memory/tagger.go:65.2,67.59 1 1
github.com/kayushkin/inber/memory/tagger.go:67.59,69.3 1 1
github.com/kayushkin/inber/memory/tagger.go:72.2,72.42 1 1
github.com/kayushkin/inber/memory/tagger.go:72.42,73.32 1 1
github.com/kayushkin/inber/memory/tagger.go:73.32,75.9 2 1
github.com/kayushkin/inber/memory/tagger.go:80.2,80.41 1 1
github.com/kayushkin/inber/memory/tagger.go:80.41,81.32 1 1
github.com/kayushkin/inber/memory/tagger.go:81.32,83.9 2 1
github.com/kayushkin/inber/memory/tagger.go:88.2,89.33 2 1
github.com/kayushkin/inber/memory/tagger.go:89.33,92.40 2 1
github.com/kayushkin/inber/memory/tagger.go:92.40,94.4 1 1
github.com/kayushkin/inber/memory/tagger.go:98.2,99.24 2 1
github.com/kayushkin/inber/memory/tagger.go:99.24,101.3 1 1
github.com/kayushkin/inber/memory/tagger.go:103.2,103.15 1 1
github.com/kayushkin/inber/memory/tagger.go:107.80,114.2 3 1
github.com/kayushkin/inber/memory/tagger.go:117.64,121.45 3 1
github.com/kayushkin/inber/memory/tagger.go:121.45,123.33 2 1
github.com/kayushkin/inber/memory/tagger.go:123.33,124.22 1 1
github.com/kayushkin/inber/memory/tagger.go:124.22,126.41 2 1
github.com/kayushkin/inber/memory/tagger.go:126.41,129.6 2 1
github.com/kayushkin/inber/memory/tagger.go:134.2,134.14 1 1
github.com/kayushkin/inber/memory/tagger.go:138.36,140.19 1 1
github.com/kayushkin/inber/memory/tagger.go:140.19,142.3 1 0
github.com/kayushkin/inber/memory/tagger.go:145.2,147.40 3 1
github.com/kayushkin/inber/memory/tagger.go:147.40,148.40 1 1
github.com/kayushkin/inber/memory/tagger.go:148.40,150.4 1 0
github.com/kayushkin/inber/memory/tagger.go:153.2,153.13 1 1
github.com/kayushkin/inber/memory/tagger.go:157.51,160.2 2 1
github.com/kayushkin/inber/memory/tokens.go:9.38,10.16 1 0
github.com/kayushkin/inber/memory/tokens.go:10.16,12.3 1 0
github.com/kayushkin/inber/memory/tokens.go:14.2,15.15 2 0
github.com/kayushkin/inber/memory/tokens.go:21.36,23.2 1 0
github.com/kayushkin/inber/memory/tokens.go:28.77,36.2 4 0
github.com/kayushkin/inber/memory/tool_registry.go:18.62,19.21 1 0
github.com/kayushkin/inber/memory/tool_registry.go:19.21,21.3 1 0
github.com/kayushkin/inber/memory/tool_registry.go:24.2,25.29 2 0
github.com/kayushkin/inber/memory/tool_registry.go:25.29,27.16 2 0
github.com/kayushkin/inber/memory/tool_registry.go:27.16,29.4 1 0
github.com/kayushkin/inber/memory/tool_registry.go:30.3,30.50 1 0
github.com/kayushkin/inber/memory/tool_registry.go:34.2,38.50 3 0
github.com/kayushkin/inber/memory/tool_registry.go:38.50,40.38 2 0
github.com/kayushkin/inber/memory/tool_registry.go:40.38,42.4 1 0
github.com/kayushkin/inber/memory/tool_registry.go:43.3,43.28 1 0
github.com/kayushkin/inber/memory/tool_registry.go:46.2,60.4 6 0
github.com/kayushkin/inber/memory/tool_registry.go:65.90,76.2 2 0
github.com/kayushkin/inber/memory/tools.go:15.89,19.23 2 1
github.com/kayushkin/inber/memory/tools.go:19.23,21.3 1 1
github.com/kayushkin/inber/memory/tools.go:22.2,22.10 1 1
github.com/kayushkin/inber/memory/tools.go:25.38,27.2 1 1
github.com/kayushkin/inber/memory/tools.go:29.41,31.2 1 0
github.com/kayushkin/inber/memory/tools.go:33.42,35.2 1 0
github.com/kayushkin/inber/memory/tools.go:37.50,43.2 1 0
github.com/kayushkin/inber/memory/tools.go:46.47,58.62 2 0
github.com/kayushkin/inber/memory/tools.go:58.62,60.59 2 0
github.com/kayushkin/inber/memory/tools.go:60.59,62.5 1 0
github.com/kayushkin/inber/memory/tools.go:63.4,63.21 1 0
github.com/kayushkin/inber/memory/tools.go:63.21,65.5 1 0
github.com/kayushkin/inber/memory/tools.go:67.4,68.18 2 0
github.com/kayushkin/inber/memory/tools.go:68.18,70.5 1 0
github.com/kayushkin/inber/memory/tools.go:72.4,72.26 1 0
github.com/kayushkin/inber/memory/tools.go:72.26,74.5 1 0
github.com/kayushkin/inber/memory/tools.go:76.4,77.31 2 0
github.com/kayushkin/inber/memory/tools.go:77.31,83.5 2 0
github.com/kayushkin/inber/memory/tools.go:84.4,84.43 1 0
github.com/kayushkin/inber/memory/tools.go:90.45,106.62 2 0
github.com/kayushkin/inber/memory/tools.go:106.62,108.59 2 0
github.com/kayushkin/inber/memory/tools.go:108.59,110.5 1 0
github.com/kayushkin/inber/memory/tools.go:112.4,112.24 1 0
github.com/kayushkin/inber/memory/tools.go:112.24,114.5 1 0
github.com/kayushkin/inber/memory/tools.go:117.4,117.26 1 0
github.com/kayushkin/inber/memory/tools.go:117.26,119.5 1 0
github.com/kayushkin/inber/memory/tools.go:120.4,120.46 1 0
github.com/kayushkin/inber/memory/tools.go:120.46,122.5 1 0
github.com/kayushkin/inber/memory/tools.go:123.4,123.23 1 0
github.com/kayushkin/inber/memory/tools.go:123.23,125.5 1 0
github.com/kayushkin/inber/memory/tools.go:127.4,135.40 2 0
github.com/kayushkin/inber/memory/tools.go:135.40,137.5 1 0
github.com/kayushkin/inber/memory/tools.go:139.4,139.61 1 0
github.com/kayushkin/inber/memory/tools.go:145.47,155.62 2 1
github.com/kayushkin/inber/memory/tools.go:155.62,157.59 2 1
github.com/kayushkin/inber/memory/tools.go:157.59,159.5 1 0
github.com/kayushkin/inber/memory/tools.go:161.4,162.18 2 1
github.com/kayushkin/inber/memory/tools.go:162.18,164.5 1 1
github.com/kayushkin/inber/memory/tools.go:166.4,174.26 3 1
github.com/kayushkin/inber/memory/tools.go:174.26,176.5 1 0
github.com/kayushkin/inber/memory/tools.go:178.4,178.22 1 1
github.com/kayushkin/inber/memory/tools.go:184.47,194.62 2 0
github.com/kayushkin/inber/memory/tools.go:194.62,196.59 2 0
github.com/kayushkin/inber/memory/tools.go:196.59,198.5 1 0
github.com/kayushkin/inber/memory/tools.go:200.4,200.46 1 0
github.com/kayushkin/inber/memory/tools.go:200.46,202.5 1 0
github.com/kayushkin/inber/memory/tools.go:204.4,204.67 1 0
github.com/kayushkin/inber/memory/tools.go:210.53,217.2 1 0
github.com/kayushkin/inber/memory/util.go:12.42,14.2 1 1
github.com/kayushkin/inber/memory/util.go:17.43,18.16 1 0
github.com/kayushkin/inber/memory/util.go:18.16,20.3 1 0
github.com/kayushkin/inber/memory/util.go:21.2,21.52 1 0
github.com/kayushkin/inber/memory/util.go:24.47,25.14 1 1
github.com/kayushkin/inber/memory/util.go:25.14,27.3 1 1
github.com/kayushkin/inber/memory/util.go:28.2,28.52 1 1
github.com/kayushkin/inber/memory/util.go:32.50,33.19 1 1
github.com/kayushkin/inber/memory/util.go:34.26,35.24 1 1
github.com/kayushkin/inber/memory/util.go:35.24,37.4 1 0
github.com/kayushkin/inber/memory/util.go:38.3,39.17 2 1
github.com/kayushkin/inber/memory/util.go:39.17,41.4 1 1
github.com/kayushkin/inber/memory/util.go:42.3,44.13 3 1
github.com/kayushkin/inber/memory/util.go:45.10,46.13 1 1
github.com/kayushkin/inber/memory/util.go:51.47,53.2 1 0
