mode: set
github.com/kayushkin/inber/engine/build.go:14.74,20.66 3 0
github.com/kayushkin/inber/engine/build.go:20.66,22.3 1 0
github.com/kayushkin/inber/engine/build.go:22.8,25.3 1 0
github.com/kayushkin/inber/engine/build.go:27.2,33.10 5 0
github.com/kayushkin/inber/engine/build.go:37.49,38.33 1 0
github.com/kayushkin/inber/engine/build.go:38.33,40.3 1 0
github.com/kayushkin/inber/engine/build.go:42.2,42.23 1 0
github.com/kayushkin/inber/engine/build.go:42.23,44.3 1 0
github.com/kayushkin/inber/engine/build.go:46.2,49.25 2 0
github.com/kayushkin/inber/engine/build.go:49.25,51.3 1 0
github.com/kayushkin/inber/engine/build.go:54.2,54.69 1 0
github.com/kayushkin/inber/engine/build.go:54.69,56.3 1 0
github.com/kayushkin/inber/engine/build.go:59.2,60.45 2 0
github.com/kayushkin/inber/engine/build.go:64.58,65.105 1 0
github.com/kayushkin/inber/engine/build.go:65.105,69.46 3 0
github.com/kayushkin/inber/engine/build.go:69.46,72.18 3 0
github.com/kayushkin/inber/engine/build.go:72.18,75.5 2 0
github.com/kayushkin/inber/engine/build.go:78.3,79.34 2 0
github.com/kayushkin/inber/engine/build.go:79.34,81.31 2 0
github.com/kayushkin/inber/engine/build.go:81.31,83.74 2 0
github.com/kayushkin/inber/engine/build.go:83.74,84.11 1 0
github.com/kayushkin/inber/engine/build.go:86.5,86.13 1 0
github.com/kayushkin/inber/engine/build.go:88.4,88.44 1 0
github.com/kayushkin/inber/engine/build.go:88.44,91.5 2 0
github.com/kayushkin/inber/engine/build.go:94.3,94.18 1 0
github.com/kayushkin/inber/engine/build.go:99.53,100.36 1 0
github.com/kayushkin/inber/engine/build.go:100.36,101.32 1 0
github.com/kayushkin/inber/engine/build.go:101.32,103.4 1 0
github.com/kayushkin/inber/engine/build.go:105.2,105.14 1 0
github.com/kayushkin/inber/engine/build_hooks.go:12.53,13.25 1 0
github.com/kayushkin/inber/engine/build_hooks.go:13.25,15.7 2 0
github.com/kayushkin/inber/engine/build_hooks.go:15.7,16.11 1 0
github.com/kayushkin/inber/engine/build_hooks.go:17.36,18.12 1 0
github.com/kayushkin/inber/engine/build_hooks.go:18.12,20.6 1 0
github.com/kayushkin/inber/engine/build_hooks.go:21.5,22.62 2 0
github.com/kayushkin/inber/engine/build_hooks.go:23.12,24.18 1 0
github.com/kayushkin/inber/engine/build_hooks.go:30.42,31.17 1 0
github.com/kayushkin/inber/engine/build_hooks.go:31.17,33.3 1 0
github.com/kayushkin/inber/engine/build_hooks.go:34.2,34.22 1 0
github.com/kayushkin/inber/engine/build_hooks.go:38.82,39.55 1 1
github.com/kayushkin/inber/engine/build_hooks.go:39.55,42.60 2 1
github.com/kayushkin/inber/engine/build_hooks.go:42.60,47.4 1 1
github.com/kayushkin/inber/engine/build_hooks.go:50.3,50.55 1 1
github.com/kayushkin/inber/engine/build_hooks.go:50.55,55.4 1 1
github.com/kayushkin/inber/engine/build_hooks.go:58.3,58.57 1 1
github.com/kayushkin/inber/engine/build_hooks.go:58.57,61.23 3 1
github.com/kayushkin/inber/engine/build_hooks.go:61.23,69.5 1 1
github.com/kayushkin/inber/engine/build_hooks.go:72.3,72.19 1 1
github.com/kayushkin/inber/engine/build_hooks.go:77.44,83.22 2 0
github.com/kayushkin/inber/engine/build_hooks.go:83.22,86.62 2 0
github.com/kayushkin/inber/engine/build_hooks.go:86.62,87.33 1 0
github.com/kayushkin/inber/engine/build_hooks.go:87.33,89.5 1 0
github.com/kayushkin/inber/engine/build_hooks.go:90.4,90.76 1 0
github.com/kayushkin/inber/engine/build_hooks.go:92.3,92.40 1 0
github.com/kayushkin/inber/engine/build_hooks.go:92.40,93.34 1 0
github.com/kayushkin/inber/engine/build_hooks.go:93.34,95.5 1 0
github.com/kayushkin/inber/engine/build_hooks.go:96.4,96.65 1 0
github.com/kayushkin/inber/engine/build_hooks.go:96.65,98.5 1 0
github.com/kayushkin/inber/engine/build_hooks.go:100.3,100.41 1 0
github.com/kayushkin/inber/engine/build_hooks.go:100.41,101.66 1 0
github.com/kayushkin/inber/engine/build_hooks.go:101.66,103.5 1 0
github.com/kayushkin/inber/engine/build_hooks.go:105.3,105.62 1 0
github.com/kayushkin/inber/engine/build_hooks.go:105.62,106.32 1 0
github.com/kayushkin/inber/engine/build_hooks.go:106.32,108.5 1 0
github.com/kayushkin/inber/engine/build_hooks.go:109.4,109.34 1 0
github.com/kayushkin/inber/engine/build_hooks.go:109.34,111.5 1 0
github.com/kayushkin/inber/engine/build_hooks.go:112.4,112.65 1 0
github.com/kayushkin/inber/engine/build_hooks.go:112.65,114.5 1 0
github.com/kayushkin/inber/engine/build_hooks.go:116.3,116.72 1 0
github.com/kayushkin/inber/engine/build_hooks.go:116.72,117.36 1 0
github.com/kayushkin/inber/engine/build_hooks.go:117.36,119.5 1 0
github.com/kayushkin/inber/engine/build_hooks.go:120.4,120.67 1 0
github.com/kayushkin/inber/engine/build_hooks.go:120.67,122.5 1 0
github.com/kayushkin/inber/engine/build_hooks.go:123.4,123.15 1 0
github.com/kayushkin/inber/engine/build_hooks.go:123.15,126.5 2 0
github.com/kayushkin/inber/engine/build_hooks.go:128.3,128.83 1 0
github.com/kayushkin/inber/engine/build_hooks.go:128.83,129.24 1 0
github.com/kayushkin/inber/engine/build_hooks.go:129.24,131.5 1 0
github.com/kayushkin/inber/engine/build_hooks.go:132.4,132.13 1 0
github.com/kayushkin/inber/engine/build_hooks.go:134.3,134.81 1 0
github.com/kayushkin/inber/engine/build_hooks.go:134.81,135.15 1 0
github.com/kayushkin/inber/engine/build_hooks.go:135.15,137.5 1 0
github.com/kayushkin/inber/engine/build_hooks.go:138.4,142.30 3 0
github.com/kayushkin/inber/engine/build_hooks.go:142.30,144.5 1 0
github.com/kayushkin/inber/engine/build_hooks.go:147.4,147.26 1 0
github.com/kayushkin/inber/engine/build_hooks.go:147.26,149.30 2 0
github.com/kayushkin/inber/engine/build_hooks.go:149.30,151.6 1 0
github.com/kayushkin/inber/engine/build_hooks.go:154.4,154.32 1 0
github.com/kayushkin/inber/engine/build_hooks.go:154.32,156.5 1 0
github.com/kayushkin/inber/engine/build_hooks.go:157.4,157.17 1 0
github.com/kayushkin/inber/engine/build_hooks.go:159.3,159.52 1 0
github.com/kayushkin/inber/engine/build_hooks.go:159.52,162.39 3 0
github.com/kayushkin/inber/engine/build_hooks.go:162.39,163.33 1 0
github.com/kayushkin/inber/engine/build_hooks.go:163.33,165.6 1 0
github.com/kayushkin/inber/engine/build_hooks.go:167.4,174.27 2 0
github.com/kayushkin/inber/engine/build_hooks.go:174.27,176.5 1 0
github.com/kayushkin/inber/engine/build_hooks.go:177.4,178.34 2 0
github.com/kayushkin/inber/engine/build_hooks.go:178.34,180.5 1 0
github.com/kayushkin/inber/engine/build_hooks.go:182.8,184.40 1 0
github.com/kayushkin/inber/engine/build_hooks.go:184.40,185.65 1 0
github.com/kayushkin/inber/engine/build_hooks.go:185.65,187.5 1 0
github.com/kayushkin/inber/engine/build_hooks.go:189.3,189.41 1 0
github.com/kayushkin/inber/engine/build_hooks.go:189.41,190.66 1 0
github.com/kayushkin/inber/engine/build_hooks.go:190.66,192.5 1 0
github.com/kayushkin/inber/engine/build_hooks.go:194.3,194.62 1 0
github.com/kayushkin/inber/engine/build_hooks.go:194.62,195.65 1 0
github.com/kayushkin/inber/engine/build_hooks.go:195.65,197.5 1 0
github.com/kayushkin/inber/engine/build_hooks.go:199.3,199.72 1 0
github.com/kayushkin/inber/engine/build_hooks.go:199.72,200.67 1 0
github.com/kayushkin/inber/engine/build_hooks.go:200.67,202.5 1 0
github.com/kayushkin/inber/engine/build_hooks.go:206.2,206.14 1 0
github.com/kayushkin/inber/engine/build_prompts.go:13.93,17.30 2 1
github.com/kayushkin/inber/engine/build_prompts.go:17.30,19.3 1 1
github.com/kayushkin/inber/engine/build_prompts.go:20.2,20.30 1 1
github.com/kayushkin/inber/engine/build_prompts.go:20.30,22.3 1 1
github.com/kayushkin/inber/engine/build_prompts.go:23.2,23.52 1 1
github.com/kayushkin/inber/engine/build_prompts.go:23.52,25.3 1 1
github.com/kayushkin/inber/engine/build_prompts.go:28.2,28.24 1 1
github.com/kayushkin/inber/engine/build_prompts.go:28.24,30.3 1 1
github.com/kayushkin/inber/engine/build_prompts.go:33.2,33.22 1 1
github.com/kayushkin/inber/engine/build_prompts.go:33.22,35.3 1 1
github.com/kayushkin/inber/engine/build_prompts.go:36.2,36.21 1 1
github.com/kayushkin/inber/engine/build_prompts.go:36.21,38.3 1 1
github.com/kayushkin/inber/engine/build_prompts.go:39.2,39.24 1 1
github.com/kayushkin/inber/engine/build_prompts.go:39.24,41.3 1 1
github.com/kayushkin/inber/engine/build_prompts.go:43.2,43.16 1 1
github.com/kayushkin/inber/engine/build_prompts.go:47.80,48.23 1 0
github.com/kayushkin/inber/engine/build_prompts.go:48.23,64.17 5 0
github.com/kayushkin/inber/engine/build_prompts.go:64.17,67.4 2 0
github.com/kayushkin/inber/engine/build_prompts.go:69.3,72.30 3 0
github.com/kayushkin/inber/engine/build_prompts.go:72.30,74.18 2 0
github.com/kayushkin/inber/engine/build_prompts.go:74.18,76.5 1 0
github.com/kayushkin/inber/engine/build_prompts.go:77.4,77.18 1 0
github.com/kayushkin/inber/engine/build_prompts.go:77.18,78.13 1 0
github.com/kayushkin/inber/engine/build_prompts.go:80.4,81.25 2 0
github.com/kayushkin/inber/engine/build_prompts.go:81.25,83.5 1 0
github.com/kayushkin/inber/engine/build_prompts.go:84.4,85.23 2 0
github.com/kayushkin/inber/engine/build_prompts.go:85.23,87.5 1 0
github.com/kayushkin/inber/engine/build_prompts.go:88.4,89.72 2 0
github.com/kayushkin/inber/engine/build_prompts.go:93.3,93.51 1 0
github.com/kayushkin/inber/engine/build_prompts.go:93.51,95.4 1 0
github.com/kayushkin/inber/engine/build_prompts.go:98.3,98.47 1 0
github.com/kayushkin/inber/engine/build_prompts.go:98.47,99.43 1 0
github.com/kayushkin/inber/engine/build_prompts.go:99.43,101.5 1 0
github.com/kayushkin/inber/engine/build_prompts.go:104.3,104.25 1 0
github.com/kayushkin/inber/engine/build_prompts.go:104.25,106.4 1 0
github.com/kayushkin/inber/engine/build_prompts.go:107.3,107.16 1 0
github.com/kayushkin/inber/engine/build_prompts.go:110.2,110.30 1 0
github.com/kayushkin/inber/engine/build_prompts.go:110.30,112.3 1 0
github.com/kayushkin/inber/engine/build_prompts.go:114.2,118.24 2 0
github.com/kayushkin/inber/engine/build_prompts.go:118.24,120.3 1 0
github.com/kayushkin/inber/engine/build_prompts.go:121.2,121.15 1 0
github.com/kayushkin/inber/engine/build_prompts.go:125.95,127.27 2 0
github.com/kayushkin/inber/engine/build_prompts.go:127.27,129.3 1 0
github.com/kayushkin/inber/engine/build_prompts.go:135.2,136.27 2 0
github.com/kayushkin/inber/engine/build_prompts.go:136.27,137.28 1 0
github.com/kayushkin/inber/engine/build_prompts.go:137.28,138.13 1 0
github.com/kayushkin/inber/engine/build_prompts.go:138.13,140.5 1 0
github.com/kayushkin/inber/engine/build_prompts.go:141.4,141.9 1 0
github.com/kayushkin/inber/engine/build_prompts.go:144.2,144.51 1 0
github.com/kayushkin/inber/engine/build_prompts.go:144.51,146.3 1 0
github.com/kayushkin/inber/engine/build_prompts.go:148.2,148.21 1 0
github.com/kayushkin/inber/engine/build_prompts.go:153.38,159.2 1 1
github.com/kayushkin/inber/engine/build_tools.go:12.44,13.58 1 0
github.com/kayushkin/inber/engine/build_tools.go:13.58,15.3 1 0
github.com/kayushkin/inber/engine/build_tools.go:16.2,16.30 1 0
github.com/kayushkin/inber/engine/build_tools.go:20.54,23.47 2 0
github.com/kayushkin/inber/engine/build_tools.go:23.47,24.56 1 0
github.com/kayushkin/inber/engine/build_tools.go:24.56,26.12 2 0
github.com/kayushkin/inber/engine/build_tools.go:29.3,29.56 1 0
github.com/kayushkin/inber/engine/build_tools.go:29.56,31.12 2 0
github.com/kayushkin/inber/engine/build_tools.go:36.2,36.23 1 0
github.com/kayushkin/inber/engine/build_tools.go:36.23,38.3 1 0
github.com/kayushkin/inber/engine/build_tools.go:40.2,40.15 1 0
github.com/kayushkin/inber/engine/build_tools.go:44.51,48.22 2 0
github.com/kayushkin/inber/engine/build_tools.go:48.22,49.28 1 0
github.com/kayushkin/inber/engine/build_tools.go:49.28,50.25 1 0
github.com/kayushkin/inber/engine/build_tools.go:50.25,52.10 2 0
github.com/kayushkin/inber/engine/build_tools.go:58.2,58.23 1 0
github.com/kayushkin/inber/engine/build_tools.go:58.23,60.3 1 0
github.com/kayushkin/inber/engine/build_tools.go:63.2,70.15 4 0
github.com/kayushkin/inber/engine/build_tools.go:74.64,75.18 1 0
github.com/kayushkin/inber/engine/build_tools.go:76.18,82.15 3 0
github.com/kayushkin/inber/engine/build_tools.go:83.22,85.15 2 0
github.com/kayushkin/inber/engine/build_tools.go:86.16,88.15 2 0
github.com/kayushkin/inber/engine/build_tools.go:89.21,90.29 1 0
github.com/kayushkin/inber/engine/build_tools.go:90.29,93.4 2 0
github.com/kayushkin/inber/engine/build_tools.go:95.2,95.12 1 0
github.com/kayushkin/inber/engine/build_tools.go:99.64,100.32 1 0
github.com/kayushkin/inber/engine/build_tools.go:100.32,101.25 1 0
github.com/kayushkin/inber/engine/build_tools.go:101.25,103.45 1 0
github.com/kayushkin/inber/engine/build_tools.go:103.45,106.5 2 0
github.com/kayushkin/inber/engine/build_tools.go:107.4,107.13 1 0
github.com/kayushkin/inber/engine/build_tools.go:110.2,110.12 1 0
github.com/kayushkin/inber/engine/build_tools.go:114.50,116.47 2 0
github.com/kayushkin/inber/engine/build_tools.go:116.47,117.45 1 0
github.com/kayushkin/inber/engine/build_tools.go:117.45,118.56 1 0
github.com/kayushkin/inber/engine/build_tools.go:118.56,119.27 1 0
github.com/kayushkin/inber/engine/build_tools.go:119.27,121.11 2 0
github.com/kayushkin/inber/engine/build_tools.go:126.2,126.15 1 0
github.com/kayushkin/inber/engine/build_tools.go:130.55,131.26 1 0
github.com/kayushkin/inber/engine/build_tools.go:131.26,132.25 1 0
github.com/kayushkin/inber/engine/build_tools.go:132.25,134.4 1 0
github.com/kayushkin/inber/engine/build_tools.go:136.2,136.14 1 0
github.com/kayushkin/inber/engine/display_content.go:10.35,11.16 1 0
github.com/kayushkin/inber/engine/display_content.go:11.16,13.3 1 0
github.com/kayushkin/inber/engine/display_content.go:14.2,18.23 4 0
github.com/kayushkin/inber/engine/display_content.go:18.23,19.27 1 0
github.com/kayushkin/inber/engine/display_content.go:19.27,21.4 1 0
github.com/kayushkin/inber/engine/display_content.go:22.8,23.31 1 0
github.com/kayushkin/inber/engine/display_content.go:23.31,25.4 1 0
github.com/kayushkin/inber/engine/display_content.go:26.3,27.42 2 0
github.com/kayushkin/inber/engine/display_content.go:27.42,29.4 1 0
github.com/kayushkin/inber/engine/display_content.go:34.35,36.2 1 0
github.com/kayushkin/inber/engine/display_logger.go:16.48,18.2 1 1
github.com/kayushkin/inber/engine/display_logger.go:21.49,23.2 1 1
github.com/kayushkin/inber/engine/display_logger.go:26.48,28.2 1 1
github.com/kayushkin/inber/engine/display_logger.go:31.49,33.2 1 1
github.com/kayushkin/inber/engine/display_logger.go:36.50,38.2 1 1
github.com/kayushkin/inber/engine/display_logger.go:41.49,43.2 1 1
github.com/kayushkin/inber/engine/display_stats.go:13.59,25.26 5 0
github.com/kayushkin/inber/engine/display_stats.go:25.26,27.3 1 0
github.com/kayushkin/inber/engine/display_stats.go:29.2,29.14 1 0
github.com/kayushkin/inber/engine/display_stats.go:29.14,31.3 1 0
github.com/kayushkin/inber/engine/display_stats.go:33.2,33.144 1 0
github.com/kayushkin/inber/engine/display_stats.go:37.80,48.2 2 0
github.com/kayushkin/inber/engine/display_tools.go:11.49,16.19 3 0
github.com/kayushkin/inber/engine/display_tools.go:16.19,18.3 1 0
github.com/kayushkin/inber/engine/display_tools.go:20.2,20.25 1 0
github.com/kayushkin/inber/engine/display_tools.go:24.66,25.13 1 0
github.com/kayushkin/inber/engine/display_tools.go:25.13,28.24 2 0
github.com/kayushkin/inber/engine/display_tools.go:28.24,30.4 1 0
github.com/kayushkin/inber/engine/display_tools.go:31.3,32.9 2 0
github.com/kayushkin/inber/engine/display_tools.go:36.2,37.63 2 0
github.com/kayushkin/inber/engine/display_tools.go:41.54,44.65 2 0
github.com/kayushkin/inber/engine/display_tools.go:44.65,46.27 1 0
github.com/kayushkin/inber/engine/display_tools.go:46.27,48.4 1 0
github.com/kayushkin/inber/engine/display_tools.go:49.3,49.32 1 0
github.com/kayushkin/inber/engine/display_tools.go:53.2,53.14 1 0
github.com/kayushkin/inber/engine/display_tools.go:54.23,55.47 1 0
github.com/kayushkin/inber/engine/display_tools.go:55.47,56.22 1 0
github.com/kayushkin/inber/engine/display_tools.go:56.22,58.5 1 0
github.com/kayushkin/inber/engine/display_tools.go:59.4,59.35 1 0
github.com/kayushkin/inber/engine/display_tools.go:62.19,63.45 1 0
github.com/kayushkin/inber/engine/display_tools.go:63.45,65.4 1 0
github.com/kayushkin/inber/engine/display_tools.go:66.3,66.50 1 0
github.com/kayushkin/inber/engine/display_tools.go:66.50,68.4 1 0
github.com/kayushkin/inber/engine/display_tools.go:70.20,72.42 2 0
github.com/kayushkin/inber/engine/display_tools.go:72.42,74.4 1 0
github.com/kayushkin/inber/engine/display_tools.go:74.9,74.54 1 0
github.com/kayushkin/inber/engine/display_tools.go:74.54,76.4 1 0
github.com/kayushkin/inber/engine/display_tools.go:78.3,79.51 2 0
github.com/kayushkin/inber/engine/display_tools.go:79.51,82.4 2 0
github.com/kayushkin/inber/engine/display_tools.go:84.3,84.31 1 0
github.com/kayushkin/inber/engine/display_tools.go:84.31,86.4 1 0
github.com/kayushkin/inber/engine/display_tools.go:86.9,86.24 1 0
github.com/kayushkin/inber/engine/display_tools.go:86.24,88.4 1 0
github.com/kayushkin/inber/engine/display_tools.go:90.19,91.45 1 0
github.com/kayushkin/inber/engine/display_tools.go:91.45,93.4 1 0
github.com/kayushkin/inber/engine/display_tools.go:94.3,94.50 1 0
github.com/kayushkin/inber/engine/display_tools.go:94.50,96.4 1 0
github.com/kayushkin/inber/engine/display_tools.go:98.20,99.45 1 0
github.com/kayushkin/inber/engine/display_tools.go:99.45,101.4 1 0
github.com/kayushkin/inber/engine/display_tools.go:102.3,102.50 1 0
github.com/kayushkin/inber/engine/display_tools.go:102.50,104.4 1 0
github.com/kayushkin/inber/engine/display_tools.go:106.21,107.51 1 0
github.com/kayushkin/inber/engine/display_tools.go:107.51,108.25 1 0
github.com/kayushkin/inber/engine/display_tools.go:108.25,110.5 1 0
github.com/kayushkin/inber/engine/display_tools.go:111.4,111.55 1 0
github.com/kayushkin/inber/engine/display_tools.go:114.23,115.47 1 0
github.com/kayushkin/inber/engine/display_tools.go:115.47,116.23 1 0
github.com/kayushkin/inber/engine/display_tools.go:116.23,118.5 1 0
github.com/kayushkin/inber/engine/display_tools.go:119.4,119.51 1 0
github.com/kayushkin/inber/engine/display_tools.go:122.23,123.41 1 0
github.com/kayushkin/inber/engine/display_tools.go:123.41,125.4 1 0
github.com/kayushkin/inber/engine/display_tools.go:127.23,128.41 1 0
github.com/kayushkin/inber/engine/display_tools.go:128.41,130.4 1 0
github.com/kayushkin/inber/engine/display_tools.go:135.2,136.16 2 0
github.com/kayushkin/inber/engine/display_tools.go:136.16,138.3 1 0
github.com/kayushkin/inber/engine/display_tools.go:140.2,141.19 2 0
github.com/kayushkin/inber/engine/display_tools.go:141.19,143.3 1 0
github.com/kayushkin/inber/engine/display_tools.go:144.2,144.24 1 0
github.com/kayushkin/inber/engine/display_tools.go:148.51,153.14 3 0
github.com/kayushkin/inber/engine/display_tools.go:154.23,156.17 1 0
github.com/kayushkin/inber/engine/display_tools.go:156.17,158.4 1 0
github.com/kayushkin/inber/engine/display_tools.go:159.3,160.41 2 0
github.com/kayushkin/inber/engine/display_tools.go:160.41,162.4 1 0
github.com/kayushkin/inber/engine/display_tools.go:163.3,163.32 1 0
github.com/kayushkin/inber/engine/display_tools.go:163.32,165.4 1 0
github.com/kayushkin/inber/engine/display_tools.go:166.3,166.40 1 0
github.com/kayushkin/inber/engine/display_tools.go:168.19,169.16 1 0
github.com/kayushkin/inber/engine/display_tools.go:169.16,171.4 1 0
github.com/kayushkin/inber/engine/display_tools.go:172.3,172.40 1 0
github.com/kayushkin/inber/engine/display_tools.go:174.20,175.16 1 0
github.com/kayushkin/inber/engine/display_tools.go:175.16,177.4 1 0
github.com/kayushkin/inber/engine/display_tools.go:178.3,178.46 1 0
github.com/kayushkin/inber/engine/display_tools.go:180.19,182.81 1 0
github.com/kayushkin/inber/engine/display_tools.go:182.81,184.29 2 0
github.com/kayushkin/inber/engine/display_tools.go:184.29,186.5 1 0
github.com/kayushkin/inber/engine/display_tools.go:188.3,188.18 1 0
github.com/kayushkin/inber/engine/display_tools.go:190.20,193.52 2 0
github.com/kayushkin/inber/engine/display_tools.go:193.52,194.74 1 0
github.com/kayushkin/inber/engine/display_tools.go:194.74,196.5 1 0
github.com/kayushkin/inber/engine/display_tools.go:198.3,198.20 1 0
github.com/kayushkin/inber/engine/display_tools.go:198.20,200.4 1 0
github.com/kayushkin/inber/engine/display_tools.go:201.3,201.14 1 0
github.com/kayushkin/inber/engine/display_tools.go:203.21,208.84 2 0
github.com/kayushkin/inber/engine/display_tools.go:208.84,210.4 1 0
github.com/kayushkin/inber/engine/display_tools.go:211.3,211.48 1 0
github.com/kayushkin/inber/engine/display_tools.go:213.23,218.65 2 0
github.com/kayushkin/inber/engine/display_tools.go:218.65,220.4 1 0
github.com/kayushkin/inber/engine/display_tools.go:221.3,221.14 1 0
github.com/kayushkin/inber/engine/display_tools.go:223.23,224.19 1 0
github.com/kayushkin/inber/engine/display_tools.go:226.23,231.92 2 0
github.com/kayushkin/inber/engine/display_tools.go:231.92,233.4 1 0
github.com/kayushkin/inber/engine/display_tools.go:234.3,234.20 1 0
github.com/kayushkin/inber/engine/display_tools.go:238.2,238.16 1 0
github.com/kayushkin/inber/engine/display_tools.go:238.16,240.3 1 0
github.com/kayushkin/inber/engine/display_tools.go:241.2,241.15 1 0
github.com/kayushkin/inber/engine/display_tools.go:241.15,243.3 1 0
github.com/kayushkin/inber/engine/display_tools.go:245.2,245.17 1 0
github.com/kayushkin/inber/engine/display_tools.go:245.17,247.3 1 0
github.com/kayushkin/inber/engine/display_tools.go:248.2,248.39 1 0
github.com/kayushkin/inber/engine/engine.go:114.55,118.2 3 0
github.com/kayushkin/inber/engine/engine.go:121.50,125.2 3 0
github.com/kayushkin/inber/engine/engine.go:127.51,130.16 2 0
github.com/kayushkin/inber/engine/engine.go:130.16,132.3 1 0
github.com/kayushkin/inber/engine/engine.go:135.2,154.16 4 0
github.com/kayushkin/inber/engine/engine.go:154.16,156.3 1 0
github.com/kayushkin/inber/engine/engine.go:157.2,161.78 3 0
github.com/kayushkin/inber/engine/engine.go:161.78,163.3 1 0
github.com/kayushkin/inber/engine/engine.go:166.2,166.42 1 0
github.com/kayushkin/inber/engine/engine.go:166.42,168.17 2 0
github.com/kayushkin/inber/engine/engine.go:168.17,170.4 1 0
github.com/kayushkin/inber/engine/engine.go:171.3,171.24 1 0
github.com/kayushkin/inber/engine/engine.go:172.8,172.42 1 0
github.com/kayushkin/inber/engine/engine.go:172.42,174.3 1 0
github.com/kayushkin/inber/engine/engine.go:177.2,178.16 2 0
github.com/kayushkin/inber/engine/engine.go:178.16,180.3 1 0
github.com/kayushkin/inber/engine/engine.go:181.2,188.16 6 0
github.com/kayushkin/inber/engine/engine.go:188.16,190.3 1 0
github.com/kayushkin/inber/engine/engine.go:191.2,195.16 3 0
github.com/kayushkin/inber/engine/engine.go:195.16,197.3 1 0
github.com/kayushkin/inber/engine/engine.go:198.2,203.22 4 0
github.com/kayushkin/inber/engine/engine.go:203.22,205.25 2 0
github.com/kayushkin/inber/engine/engine.go:205.25,207.4 1 0
github.com/kayushkin/inber/engine/engine.go:210.3,215.44 4 0
github.com/kayushkin/inber/engine/engine.go:215.44,217.4 1 0
github.com/kayushkin/inber/engine/engine.go:218.3,218.96 1 0
github.com/kayushkin/inber/engine/engine.go:222.2,223.16 2 0
github.com/kayushkin/inber/engine/engine.go:223.16,226.3 2 0
github.com/kayushkin/inber/engine/engine.go:229.2,230.16 2 0
github.com/kayushkin/inber/engine/engine.go:230.16,232.3 1 0
github.com/kayushkin/inber/engine/engine.go:233.2,236.18 2 0
github.com/kayushkin/inber/engine/engine.go:236.18,240.40 2 0
github.com/kayushkin/inber/engine/engine.go:240.40,242.35 2 0
github.com/kayushkin/inber/engine/engine.go:242.35,243.29 1 0
github.com/kayushkin/inber/engine/engine.go:243.29,246.11 3 0
github.com/kayushkin/inber/engine/engine.go:249.4,249.17 1 0
github.com/kayushkin/inber/engine/engine.go:249.17,251.5 1 0
github.com/kayushkin/inber/engine/engine.go:255.3,255.71 1 0
github.com/kayushkin/inber/engine/engine.go:255.71,257.4 1 0
github.com/kayushkin/inber/engine/engine.go:260.3,260.50 1 0
github.com/kayushkin/inber/engine/engine.go:260.50,262.35 2 0
github.com/kayushkin/inber/engine/engine.go:262.35,264.5 1 0
github.com/kayushkin/inber/engine/engine.go:265.4,265.41 1 0
github.com/kayushkin/inber/engine/engine.go:270.2,270.30 1 0
github.com/kayushkin/inber/engine/engine.go:270.30,272.3 1 0
github.com/kayushkin/inber/engine/engine.go:272.8,272.20 1 0
github.com/kayushkin/inber/engine/engine.go:272.20,274.3 1 0
github.com/kayushkin/inber/engine/engine.go:277.2,281.16 3 0
github.com/kayushkin/inber/engine/engine.go:281.16,283.3 1 0
github.com/kayushkin/inber/engine/engine.go:284.2,286.15 2 0
github.com/kayushkin/inber/engine/engine.go:290.49,291.29 1 0
github.com/kayushkin/inber/engine/engine.go:291.29,293.3 1 0
github.com/kayushkin/inber/engine/engine.go:294.2,294.42 1 0
github.com/kayushkin/inber/engine/engine.go:298.50,300.2 1 0
github.com/kayushkin/inber/engine/engine_benchmark.go:28.77,35.16 5 0
github.com/kayushkin/inber/engine/engine_benchmark.go:35.16,37.3 1 0
github.com/kayushkin/inber/engine/engine_benchmark.go:40.2,61.16 6 0
github.com/kayushkin/inber/engine/engine_benchmark.go:61.16,63.3 1 0
github.com/kayushkin/inber/engine/engine_benchmark.go:64.2,68.78 3 0
github.com/kayushkin/inber/engine/engine_benchmark.go:68.78,70.3 1 0
github.com/kayushkin/inber/engine/engine_benchmark.go:71.2,75.42 3 0
github.com/kayushkin/inber/engine/engine_benchmark.go:75.42,77.17 2 0
github.com/kayushkin/inber/engine/engine_benchmark.go:77.17,79.4 1 0
github.com/kayushkin/inber/engine/engine_benchmark.go:80.3,80.24 1 0
github.com/kayushkin/inber/engine/engine_benchmark.go:81.8,81.42 1 0
github.com/kayushkin/inber/engine/engine_benchmark.go:81.42,83.3 1 0
github.com/kayushkin/inber/engine/engine_benchmark.go:84.2,89.16 4 0
github.com/kayushkin/inber/engine/engine_benchmark.go:89.16,91.3 1 0
github.com/kayushkin/inber/engine/engine_benchmark.go:92.2,101.16 8 0
github.com/kayushkin/inber/engine/engine_benchmark.go:101.16,103.3 1 0
github.com/kayushkin/inber/engine/engine_benchmark.go:104.2,110.16 5 0
github.com/kayushkin/inber/engine/engine_benchmark.go:110.16,112.3 1 0
github.com/kayushkin/inber/engine/engine_benchmark.go:113.2,120.22 6 0
github.com/kayushkin/inber/engine/engine_benchmark.go:120.22,121.25 1 0
github.com/kayushkin/inber/engine/engine_benchmark.go:121.25,123.4 1 0
github.com/kayushkin/inber/engine/engine_benchmark.go:126.3,131.44 4 0
github.com/kayushkin/inber/engine/engine_benchmark.go:131.44,133.4 1 0
github.com/kayushkin/inber/engine/engine_benchmark.go:134.3,134.96 1 0
github.com/kayushkin/inber/engine/engine_benchmark.go:138.2,139.16 2 0
github.com/kayushkin/inber/engine/engine_benchmark.go:139.16,142.3 2 0
github.com/kayushkin/inber/engine/engine_benchmark.go:143.2,148.16 4 0
github.com/kayushkin/inber/engine/engine_benchmark.go:148.16,150.3 1 0
github.com/kayushkin/inber/engine/engine_benchmark.go:151.2,156.18 4 0
github.com/kayushkin/inber/engine/engine_benchmark.go:156.18,160.40 2 0
github.com/kayushkin/inber/engine/engine_benchmark.go:160.40,162.35 2 0
github.com/kayushkin/inber/engine/engine_benchmark.go:162.35,163.29 1 0
github.com/kayushkin/inber/engine/engine_benchmark.go:163.29,166.11 3 0
github.com/kayushkin/inber/engine/engine_benchmark.go:169.4,169.17 1 0
github.com/kayushkin/inber/engine/engine_benchmark.go:169.17,171.5 1 0
github.com/kayushkin/inber/engine/engine_benchmark.go:175.3,175.71 1 0
github.com/kayushkin/inber/engine/engine_benchmark.go:175.71,177.4 1 0
github.com/kayushkin/inber/engine/engine_benchmark.go:180.3,180.50 1 0
github.com/kayushkin/inber/engine/engine_benchmark.go:180.50,182.35 2 0
github.com/kayushkin/inber/engine/engine_benchmark.go:182.35,184.5 1 0
github.com/kayushkin/inber/engine/engine_benchmark.go:185.4,185.41 1 0
github.com/kayushkin/inber/engine/engine_benchmark.go:188.2,194.30 3 0
github.com/kayushkin/inber/engine/engine_benchmark.go:194.30,196.3 1 0
github.com/kayushkin/inber/engine/engine_benchmark.go:196.8,196.20 1 0
github.com/kayushkin/inber/engine/engine_benchmark.go:196.20,198.3 1 0
github.com/kayushkin/inber/engine/engine_benchmark.go:201.2,205.16 3 0
github.com/kayushkin/inber/engine/engine_benchmark.go:205.16,207.3 1 0
github.com/kayushkin/inber/engine/engine_benchmark.go:208.2,213.23 4 0
github.com/kayushkin/inber/engine/engine_init.go:22.59,24.20 2 0
github.com/kayushkin/inber/engine/engine_init.go:24.20,27.17 3 0
github.com/kayushkin/inber/engine/engine_init.go:27.17,29.4 1 0
github.com/kayushkin/inber/engine/engine_init.go:32.2,32.51 1 0
github.com/kayushkin/inber/engine/engine_init.go:32.51,35.3 2 0
github.com/kayushkin/inber/engine/engine_init.go:36.2,36.22 1 0
github.com/kayushkin/inber/engine/engine_init.go:40.100,42.28 2 0
github.com/kayushkin/inber/engine/engine_init.go:42.28,44.3 1 0
github.com/kayushkin/inber/engine/engine_init.go:46.2,47.30 2 0
github.com/kayushkin/inber/engine/engine_init.go:47.30,49.3 1 0
github.com/kayushkin/inber/engine/engine_init.go:51.2,51.29 1 0
github.com/kayushkin/inber/engine/engine_init.go:55.132,62.38 5 0
github.com/kayushkin/inber/engine/engine_init.go:62.38,64.3 1 0
github.com/kayushkin/inber/engine/engine_init.go:65.2,68.50 2 0
github.com/kayushkin/inber/engine/engine_init.go:68.50,70.3 1 0
github.com/kayushkin/inber/engine/engine_init.go:72.2,72.43 1 0
github.com/kayushkin/inber/engine/engine_init.go:72.43,74.10 2 0
github.com/kayushkin/inber/engine/engine_init.go:74.10,76.4 1 0
github.com/kayushkin/inber/engine/engine_init.go:77.3,79.32 3 0
github.com/kayushkin/inber/engine/engine_init.go:80.8,80.28 1 0
github.com/kayushkin/inber/engine/engine_init.go:80.28,82.30 2 0
github.com/kayushkin/inber/engine/engine_init.go:82.30,84.4 1 0
github.com/kayushkin/inber/engine/engine_init.go:87.2,87.58 1 0
github.com/kayushkin/inber/engine/engine_init.go:91.93,96.16 3 0
github.com/kayushkin/inber/engine/engine_init.go:96.16,98.3 1 0
github.com/kayushkin/inber/engine/engine_init.go:101.2,101.24 1 0
github.com/kayushkin/inber/engine/engine_init.go:101.24,103.3 1 0
github.com/kayushkin/inber/engine/engine_init.go:105.2,113.51 2 0
github.com/kayushkin/inber/engine/engine_init.go:113.51,115.3 1 0
github.com/kayushkin/inber/engine/engine_init.go:118.2,121.16 3 0
github.com/kayushkin/inber/engine/engine_init.go:125.179,133.12 6 0
github.com/kayushkin/inber/engine/engine_init.go:133.12,136.3 1 0
github.com/kayushkin/inber/engine/engine_init.go:136.8,138.18 2 0
github.com/kayushkin/inber/engine/engine_init.go:138.18,139.67 1 0
github.com/kayushkin/inber/engine/engine_init.go:139.67,146.54 6 0
github.com/kayushkin/inber/engine/engine_init.go:146.54,147.57 1 0
github.com/kayushkin/inber/engine/engine_init.go:147.57,151.7 2 0
github.com/kayushkin/inber/engine/engine_init.go:153.5,153.62 1 0
github.com/kayushkin/inber/engine/engine_init.go:155.9,157.4 1 0
github.com/kayushkin/inber/engine/engine_init.go:161.2,162.16 2 0
github.com/kayushkin/inber/engine/engine_init.go:162.16,164.3 1 0
github.com/kayushkin/inber/engine/engine_init.go:164.8,166.45 2 0
github.com/kayushkin/inber/engine/engine_init.go:166.45,168.4 1 0
github.com/kayushkin/inber/engine/engine_init.go:171.2,171.53 1 0
github.com/kayushkin/inber/engine/engine_init.go:175.82,177.26 1 0
github.com/kayushkin/inber/engine/engine_init.go:177.26,179.3 1 0
github.com/kayushkin/inber/engine/engine_init.go:181.2,182.16 2 0
github.com/kayushkin/inber/engine/engine_init.go:182.16,185.3 2 0
github.com/kayushkin/inber/engine/engine_init.go:188.2,193.25 4 0
github.com/kayushkin/inber/engine/engine_init.go:193.25,194.38 1 0
github.com/kayushkin/inber/engine/engine_init.go:194.38,196.4 1 0
github.com/kayushkin/inber/engine/engine_init.go:199.2,199.61 1 0
github.com/kayushkin/inber/engine/engine_init.go:199.61,201.3 1 0
github.com/kayushkin/inber/engine/engine_init.go:203.2,203.19 1 0
github.com/kayushkin/inber/engine/engine_init.go:207.118,209.16 2 0
github.com/kayushkin/inber/engine/engine_init.go:209.16,211.3 1 0
github.com/kayushkin/inber/engine/engine_init.go:212.2,216.30 3 0
github.com/kayushkin/inber/engine/engine_init.go:216.30,218.3 1 0
github.com/kayushkin/inber/engine/engine_init.go:221.2,222.40 2 0
github.com/kayushkin/inber/engine/engine_init.go:222.40,224.3 1 0
github.com/kayushkin/inber/engine/engine_init.go:226.2,226.57 1 0
github.com/kayushkin/inber/engine/engine_init.go:230.222,231.63 1 0
github.com/kayushkin/inber/engine/engine_init.go:231.63,233.3 1 0
github.com/kayushkin/inber/engine/engine_init.go:235.2,236.16 2 0
github.com/kayushkin/inber/engine/engine_init.go:236.16,239.3 2 0
github.com/kayushkin/inber/engine/engine_init.go:242.2,244.23 2 0
github.com/kayushkin/inber/engine/engine_init.go:244.23,246.3 1 0
github.com/kayushkin/inber/engine/engine_init.go:248.2,248.21 1 0
github.com/kayushkin/inber/engine/engine_init.go:248.21,250.3 1 0
github.com/kayushkin/inber/engine/engine_init.go:251.2,253.17 2 0
github.com/kayushkin/inber/engine/engine_init.go:257.43,258.29 1 0
github.com/kayushkin/inber/engine/engine_init.go:258.29,259.76 1 0
github.com/kayushkin/inber/engine/engine_init.go:259.76,261.4 1 0
github.com/kayushkin/inber/engine/engine_init.go:263.2,263.14 1 0
github.com/kayushkin/inber/engine/engine_init.go:267.130,269.16 2 0
github.com/kayushkin/inber/engine/engine_init.go:269.16,271.3 1 0
github.com/kayushkin/inber/engine/engine_init.go:273.2,274.56 2 0
github.com/kayushkin/inber/engine/engine_init.go:274.56,281.3 2 0
github.com/kayushkin/inber/engine/engine_init.go:283.2,283.26 1 0
github.com/kayushkin/inber/engine/engine_init.go:287.81,288.21 1 0
github.com/kayushkin/inber/engine/engine_init.go:288.21,290.3 1 0
github.com/kayushkin/inber/engine/engine_init.go:292.2,293.26 2 0
github.com/kayushkin/inber/engine/engine_init.go:293.26,296.79 2 0
github.com/kayushkin/inber/engine/engine_init.go:296.79,298.4 1 0
github.com/kayushkin/inber/engine/engine_init.go:298.9,298.62 1 0
github.com/kayushkin/inber/engine/engine_init.go:298.62,300.4 1 0
github.com/kayushkin/inber/engine/engine_init.go:300.9,300.50 1 0
github.com/kayushkin/inber/engine/engine_init.go:300.50,302.4 1 0
github.com/kayushkin/inber/engine/engine_init.go:302.9,302.31 1 0
github.com/kayushkin/inber/engine/engine_init.go:302.31,304.4 1 0
github.com/kayushkin/inber/engine/engine_init.go:306.3,310.5 1 0
github.com/kayushkin/inber/engine/engine_init.go:313.2,313.45 1 0
github.com/kayushkin/inber/engine/engine_init.go:317.119,321.53 3 0
github.com/kayushkin/inber/engine/engine_init.go:321.53,322.20 1 0
github.com/kayushkin/inber/engine/engine_init.go:322.20,324.4 1 0
github.com/kayushkin/inber/engine/engine_init.go:325.3,325.26 1 0
github.com/kayushkin/inber/engine/engine_init.go:325.26,327.4 1 0
github.com/kayushkin/inber/engine/engine_init.go:328.3,328.27 1 0
github.com/kayushkin/inber/engine/engine_init.go:328.27,330.4 1 0
github.com/kayushkin/inber/engine/engine_init.go:333.2,333.16 1 0
github.com/kayushkin/inber/engine/engine_init.go:333.16,334.20 1 0
github.com/kayushkin/inber/engine/engine_init.go:334.20,336.4 1 0
github.com/kayushkin/inber/engine/engine_init.go:337.3,337.26 1 0
github.com/kayushkin/inber/engine/engine_init.go:337.26,339.4 1 0
github.com/kayushkin/inber/engine/engine_init.go:342.2,342.63 1 0
github.com/kayushkin/inber/engine/engine_init.go:342.63,344.3 1 0
github.com/kayushkin/inber/engine/engine_init.go:346.2,346.50 1 0
github.com/kayushkin/inber/engine/engine_init.go:350.82,351.14 1 0
github.com/kayushkin/inber/engine/engine_init.go:351.14,353.3 1 0
github.com/kayushkin/inber/engine/engine_init.go:355.2,356.16 2 0
github.com/kayushkin/inber/engine/engine_init.go:356.16,359.3 2 0
github.com/kayushkin/inber/engine/engine_init.go:361.2,363.28 3 0
github.com/kayushkin/inber/engine/failover.go:19.74,23.25 3 0
github.com/kayushkin/inber/engine/failover.go:23.25,25.3 1 0
github.com/kayushkin/inber/engine/failover.go:28.2,28.26 1 0
github.com/kayushkin/inber/engine/failover.go:28.26,31.3 2 0
github.com/kayushkin/inber/engine/failover.go:33.2,36.58 2 0
github.com/kayushkin/inber/engine/failover.go:36.58,39.3 2 0
github.com/kayushkin/inber/engine/failover.go:42.2,44.45 2 0
github.com/kayushkin/inber/engine/failover.go:44.45,45.28 1 0
github.com/kayushkin/inber/engine/failover.go:45.28,46.12 1 0
github.com/kayushkin/inber/engine/failover.go:48.3,49.51 2 0
github.com/kayushkin/inber/engine/failover.go:49.51,52.4 2 0
github.com/kayushkin/inber/engine/failover.go:56.2,57.34 2 0
github.com/kayushkin/inber/engine/failover.go:61.43,62.25 1 0
github.com/kayushkin/inber/engine/failover.go:62.25,64.3 1 0
github.com/kayushkin/inber/engine/failover.go:65.2,66.36 2 0
github.com/kayushkin/inber/engine/failover.go:66.36,68.3 1 0
github.com/kayushkin/inber/engine/failover.go:69.2,70.27 2 0
github.com/kayushkin/inber/engine/failover.go:70.27,72.3 1 0
github.com/kayushkin/inber/engine/failover.go:73.2,73.14 1 0
github.com/kayushkin/inber/engine/failover.go:78.95,79.38 1 0
github.com/kayushkin/inber/engine/failover.go:79.38,81.3 1 0
github.com/kayushkin/inber/engine/failover.go:82.2,83.30 2 0
github.com/kayushkin/inber/engine/failover.go:83.30,85.3 1 0
github.com/kayushkin/inber/engine/failover.go:86.2,86.29 1 0
github.com/kayushkin/inber/engine/failover.go:86.29,88.3 1 0
github.com/kayushkin/inber/engine/failover.go:89.2,89.16 1 0
github.com/kayushkin/inber/engine/failover.go:93.79,94.25 1 0
github.com/kayushkin/inber/engine/failover.go:94.25,96.3 1 0
github.com/kayushkin/inber/engine/failover.go:97.2,97.16 1 0
github.com/kayushkin/inber/engine/failover.go:97.16,99.3 1 0
github.com/kayushkin/inber/engine/failover.go:99.8,101.3 1 0
github.com/kayushkin/inber/engine/fleet_status.go:13.44,14.22 1 0
github.com/kayushkin/inber/engine/fleet_status.go:14.22,16.3 1 0
github.com/kayushkin/inber/engine/fleet_status.go:17.2,18.15 2 0
github.com/kayushkin/inber/engine/fleet_status.go:18.15,20.3 1 0
github.com/kayushkin/inber/engine/fleet_status.go:22.2,23.16 2 0
github.com/kayushkin/inber/engine/fleet_status.go:23.16,26.3 2 0
github.com/kayushkin/inber/engine/fleet_status.go:29.2,30.27 2 0
github.com/kayushkin/inber/engine/fleet_status.go:30.27,31.43 1 0
github.com/kayushkin/inber/engine/fleet_status.go:31.43,33.4 1 0
github.com/kayushkin/inber/engine/fleet_status.go:36.2,36.22 1 0
github.com/kayushkin/inber/engine/fleet_status.go:36.22,38.3 1 0
github.com/kayushkin/inber/engine/fleet_status.go:40.2,42.27 3 0
github.com/kayushkin/inber/engine/fleet_status.go:42.27,48.19 4 0
github.com/kayushkin/inber/engine/fleet_status.go:48.19,50.4 1 0
github.com/kayushkin/inber/engine/fleet_status.go:51.3,51.22 1 0
github.com/kayushkin/inber/engine/fleet_status.go:53.2,53.19 1 0
github.com/kayushkin/inber/engine/fleet_status.go:57.38,58.52 1 0
github.com/kayushkin/inber/engine/fleet_status.go:58.52,60.3 1 0
github.com/kayushkin/inber/engine/fleet_status.go:61.2,61.14 1 0
github.com/kayushkin/inber/engine/fleet_status.go:65.45,66.21 1 0
github.com/kayushkin/inber/engine/fleet_status.go:66.21,68.3 1 0
github.com/kayushkin/inber/engine/fleet_status.go:69.2,69.19 1 0
github.com/kayushkin/inber/engine/fleet_status.go:69.19,71.3 1 0
github.com/kayushkin/inber/engine/fleet_status.go:72.2,74.15 3 0
github.com/kayushkin/inber/engine/fleet_status.go:74.15,76.3 1 0
github.com/kayushkin/inber/engine/fleet_status.go:77.2,77.43 1 0
github.com/kayushkin/inber/engine/memory_profiling.go:46.79,52.30 2 1
github.com/kayushkin/inber/engine/memory_profiling.go:52.30,55.17 2 1
github.com/kayushkin/inber/engine/memory_profiling.go:55.17,57.4 1 0
github.com/kayushkin/inber/engine/memory_profiling.go:58.3,59.34 2 1
github.com/kayushkin/inber/engine/memory_profiling.go:62.2,62.16 1 1
github.com/kayushkin/inber/engine/memory_profiling.go:66.35,70.17 3 1
github.com/kayushkin/inber/engine/memory_profiling.go:70.17,72.3 1 1
github.com/kayushkin/inber/engine/memory_profiling.go:74.2,76.20 3 1
github.com/kayushkin/inber/engine/memory_profiling.go:80.56,84.17 3 1
github.com/kayushkin/inber/engine/memory_profiling.go:84.17,86.3 1 1
github.com/kayushkin/inber/engine/memory_profiling.go:88.2,91.73 2 1
github.com/kayushkin/inber/engine/memory_profiling.go:91.73,93.3 1 1
github.com/kayushkin/inber/engine/memory_profiling.go:95.2,121.23 6 1
github.com/kayushkin/inber/engine/memory_profiling.go:121.23,123.3 1 1
github.com/kayushkin/inber/engine/memory_profiling.go:127.59,135.2 5 1
github.com/kayushkin/inber/engine/memory_profiling.go:138.41,142.23 3 1
github.com/kayushkin/inber/engine/memory_profiling.go:142.23,144.3 1 1
github.com/kayushkin/inber/engine/memory_profiling.go:145.2,145.12 1 1
github.com/kayushkin/inber/engine/memory_profiling.go:149.57,153.28 3 1
github.com/kayushkin/inber/engine/memory_profiling.go:153.28,158.3 1 1
github.com/kayushkin/inber/engine/memory_profiling.go:160.2,172.36 10 1
github.com/kayushkin/inber/engine/memory_profiling.go:172.36,173.33 1 1
github.com/kayushkin/inber/engine/memory_profiling.go:173.33,175.4 1 0
github.com/kayushkin/inber/engine/memory_profiling.go:176.3,176.33 1 1
github.com/kayushkin/inber/engine/memory_profiling.go:176.33,178.4 1 0
github.com/kayushkin/inber/engine/memory_profiling.go:179.3,179.40 1 1
github.com/kayushkin/inber/engine/memory_profiling.go:179.40,181.4 1 0
github.com/kayushkin/inber/engine/memory_profiling.go:182.3,182.40 1 1
github.com/kayushkin/inber/engine/memory_profiling.go:182.40,184.4 1 0
github.com/kayushkin/inber/engine/memory_profiling.go:187.2,206.3 2 1
github.com/kayushkin/inber/engine/memory_profiling.go:230.39,231.16 1 1
github.com/kayushkin/inber/engine/memory_profiling.go:231.16,233.3 1 0
github.com/kayushkin/inber/engine/memory_profiling.go:235.2,247.24 1 1
github.com/kayushkin/inber/engine/memory_profiling.go:252.38,254.2 1 1
github.com/kayushkin/inber/engine/memory_profiling.go:256.63,257.25 1 1
github.com/kayushkin/inber/engine/memory_profiling.go:257.25,259.3 1 0
github.com/kayushkin/inber/engine/memory_profiling.go:261.2,262.33 2 1
github.com/kayushkin/inber/engine/memory_profiling.go:262.33,264.3 1 1
github.com/kayushkin/inber/engine/memory_profiling.go:265.2,265.38 1 1
github.com/kayushkin/inber/engine/openclaw_feed.go:25.95,26.18 1 1
github.com/kayushkin/inber/engine/openclaw_feed.go:26.18,28.3 1 0
github.com/kayushkin/inber/engine/openclaw_feed.go:29.2,34.3 1 1
github.com/kayushkin/inber/engine/openclaw_feed.go:38.93,45.16 4 1
github.com/kayushkin/inber/engine/openclaw_feed.go:45.16,47.3 1 1
github.com/kayushkin/inber/engine/openclaw_feed.go:48.2,64.44 4 1
github.com/kayushkin/inber/engine/openclaw_feed.go:64.44,66.3 1 0
github.com/kayushkin/inber/engine/openclaw_feed.go:69.2,72.6 3 1
github.com/kayushkin/inber/engine/openclaw_feed.go:72.6,73.10 1 1
github.com/kayushkin/inber/engine/openclaw_feed.go:74.21,75.58 1 0
github.com/kayushkin/inber/engine/openclaw_feed.go:76.11,76.11 0 1
github.com/kayushkin/inber/engine/openclaw_feed.go:79.3,80.45 2 1
github.com/kayushkin/inber/engine/openclaw_feed.go:80.45,82.4 1 1
github.com/kayushkin/inber/engine/openclaw_feed.go:85.3,85.50 1 1
github.com/kayushkin/inber/engine/openclaw_feed.go:85.50,86.26 1 1
github.com/kayushkin/inber/engine/openclaw_feed.go:86.26,87.13 1 0
github.com/kayushkin/inber/engine/openclaw_feed.go:90.4,91.64 2 1
github.com/kayushkin/inber/engine/openclaw_feed.go:91.64,92.13 1 0
github.com/kayushkin/inber/engine/openclaw_feed.go:95.4,95.26 1 1
github.com/kayushkin/inber/engine/openclaw_feed.go:96.21,97.56 1 1
github.com/kayushkin/inber/engine/openclaw_feed.go:97.56,99.6 1 1
github.com/kayushkin/inber/engine/openclaw_feed.go:101.21,102.28 1 1
github.com/kayushkin/inber/engine/openclaw_feed.go:102.28,104.24 2 1
github.com/kayushkin/inber/engine/openclaw_feed.go:104.24,112.7 2 1
github.com/kayushkin/inber/engine/openclaw_feed.go:113.6,113.26 1 1
github.com/kayushkin/inber/engine/openclaw_feed.go:113.26,115.35 2 1
github.com/kayushkin/inber/engine/openclaw_feed.go:115.35,117.8 1 1
github.com/kayushkin/inber/engine/openclaw_feed.go:118.7,118.56 1 1
github.com/kayushkin/inber/engine/openclaw_feed.go:122.17,124.28 1 1
github.com/kayushkin/inber/engine/openclaw_feed.go:124.28,125.38 1 1
github.com/kayushkin/inber/engine/openclaw_feed.go:125.38,127.7 1 1
github.com/kayushkin/inber/engine/openclaw_feed.go:128.6,128.39 1 1
github.com/kayushkin/inber/engine/openclaw_feed.go:128.39,130.7 1 1
github.com/kayushkin/inber/engine/openclaw_feed.go:138.82,153.16 9 1
github.com/kayushkin/inber/engine/openclaw_feed.go:153.16,155.3 1 1
github.com/kayushkin/inber/engine/openclaw_feed.go:158.2,159.44 2 1
github.com/kayushkin/inber/engine/openclaw_feed.go:159.44,162.3 2 0
github.com/kayushkin/inber/engine/openclaw_feed.go:164.2,164.61 1 1
github.com/kayushkin/inber/engine/openclaw_feed.go:164.61,167.3 2 0
github.com/kayushkin/inber/engine/openclaw_feed.go:170.2,196.51 2 1
github.com/kayushkin/inber/engine/openclaw_feed.go:196.51,199.3 2 0
github.com/kayushkin/inber/engine/openclaw_feed.go:202.2,202.44 1 1
github.com/kayushkin/inber/engine/openclaw_feed.go:202.44,205.3 2 0
github.com/kayushkin/inber/engine/openclaw_feed.go:207.2,207.34 1 1
github.com/kayushkin/inber/engine/openclaw_feed.go:207.34,209.23 2 1
github.com/kayushkin/inber/engine/openclaw_feed.go:209.23,211.62 2 1
github.com/kayushkin/inber/engine/openclaw_feed.go:211.62,212.49 1 1
github.com/kayushkin/inber/engine/openclaw_feed.go:212.49,214.6 1 1
github.com/kayushkin/inber/engine/openclaw_feed.go:217.3,218.55 2 1
github.com/kayushkin/inber/engine/openclaw_feed.go:222.2,222.24 1 1
github.com/kayushkin/inber/engine/openclaw_feed.go:222.24,224.63 2 1
github.com/kayushkin/inber/engine/openclaw_feed.go:224.63,225.37 1 1
github.com/kayushkin/inber/engine/openclaw_feed.go:225.37,228.5 2 0
github.com/kayushkin/inber/engine/openclaw_feed.go:232.2,232.18 1 1
github.com/kayushkin/inber/engine/turn.go:17.67,24.29 4 0
github.com/kayushkin/inber/engine/turn.go:24.29,26.3 1 0
github.com/kayushkin/inber/engine/turn.go:29.2,30.22 2 0
github.com/kayushkin/inber/engine/turn.go:30.22,33.3 2 0
github.com/kayushkin/inber/engine/turn.go:36.2,37.45 2 0
github.com/kayushkin/inber/engine/turn.go:37.45,39.47 2 0
github.com/kayushkin/inber/engine/turn.go:39.47,41.18 2 0
github.com/kayushkin/inber/engine/turn.go:41.18,43.5 1 0
github.com/kayushkin/inber/engine/turn.go:43.10,43.31 1 0
github.com/kayushkin/inber/engine/turn.go:43.31,46.31 3 0
github.com/kayushkin/inber/engine/turn.go:46.31,48.6 1 0
github.com/kayushkin/inber/engine/turn.go:49.5,51.25 2 0
github.com/kayushkin/inber/engine/turn.go:51.25,53.6 1 0
github.com/kayushkin/inber/engine/turn.go:61.2,61.97 1 0
github.com/kayushkin/inber/engine/turn.go:61.97,66.3 1 0
github.com/kayushkin/inber/engine/turn.go:66.8,68.3 1 0
github.com/kayushkin/inber/engine/turn.go:71.2,82.97 6 0
github.com/kayushkin/inber/engine/turn.go:82.97,84.19 2 0
github.com/kayushkin/inber/engine/turn.go:84.19,86.4 1 0
github.com/kayushkin/inber/engine/turn.go:88.2,94.54 5 0
github.com/kayushkin/inber/engine/turn.go:94.54,96.3 1 0
github.com/kayushkin/inber/engine/turn.go:96.8,101.64 4 0
github.com/kayushkin/inber/engine/turn.go:101.64,104.4 1 0
github.com/kayushkin/inber/engine/turn.go:105.3,106.72 2 0
github.com/kayushkin/inber/engine/turn.go:110.2,112.16 2 0
github.com/kayushkin/inber/engine/turn.go:112.16,114.3 1 0
github.com/kayushkin/inber/engine/turn.go:116.2,116.22 1 0
github.com/kayushkin/inber/engine/turn.go:116.22,118.3 1 0
github.com/kayushkin/inber/engine/turn.go:121.2,121.47 1 0
github.com/kayushkin/inber/engine/turn.go:121.47,133.3 2 0
github.com/kayushkin/inber/engine/turn.go:136.2,151.25 7 0
github.com/kayushkin/inber/engine/turn.go:151.25,153.22 2 0
github.com/kayushkin/inber/engine/turn.go:153.22,155.4 1 0
github.com/kayushkin/inber/engine/turn.go:156.3,156.124 1 0
github.com/kayushkin/inber/engine/turn.go:156.124,158.4 1 0
github.com/kayushkin/inber/engine/turn.go:162.2,162.29 1 0
github.com/kayushkin/inber/engine/turn.go:162.29,164.3 1 0
github.com/kayushkin/inber/engine/turn.go:166.2,166.20 1 0
github.com/kayushkin/inber/engine/turn.go:170.26,171.28 1 0
github.com/kayushkin/inber/engine/turn.go:171.28,172.64 1 0
github.com/kayushkin/inber/engine/turn.go:172.64,174.4 1 0
github.com/kayushkin/inber/engine/turn.go:177.2,177.46 1 0
github.com/kayushkin/inber/engine/turn.go:177.46,179.3 1 0
github.com/kayushkin/inber/engine/turn.go:181.2,181.23 1 0
github.com/kayushkin/inber/engine/turn.go:181.23,183.3 1 0
github.com/kayushkin/inber/engine/turn.go:184.2,184.22 1 0
github.com/kayushkin/inber/engine/turn.go:184.22,186.3 1 0
github.com/kayushkin/inber/engine/turn.go:187.2,187.24 1 0
github.com/kayushkin/inber/engine/turn.go:187.24,189.3 1 0
github.com/kayushkin/inber/engine/turn.go:190.2,190.25 1 0
github.com/kayushkin/inber/engine/turn.go:190.25,192.3 1 0
github.com/kayushkin/inber/engine/turn.go:194.2,194.22 1 0
github.com/kayushkin/inber/engine/turn.go:194.22,196.3 1 0
github.com/kayushkin/inber/engine/turn.go:199.2,199.29 1 0
github.com/kayushkin/inber/engine/turn.go:199.29,201.3 1 0
github.com/kayushkin/inber/engine/turnLifecycle.go:20.38,22.54 2 0
github.com/kayushkin/inber/engine/turnLifecycle.go:22.54,24.3 1 0
github.com/kayushkin/inber/engine/turnLifecycle.go:25.2,27.52 2 0
github.com/kayushkin/inber/engine/turnLifecycle.go:27.52,29.3 1 0
github.com/kayushkin/inber/engine/turnLifecycle.go:31.2,32.22 2 0
github.com/kayushkin/inber/engine/turnLifecycle.go:32.22,34.3 1 0
github.com/kayushkin/inber/engine/turnLifecycle.go:36.2,37.17 2 0
github.com/kayushkin/inber/engine/turnLifecycle.go:37.17,39.3 1 0
github.com/kayushkin/inber/engine/turnLifecycle.go:41.2,51.16 2 0
github.com/kayushkin/inber/engine/turnLifecycle.go:51.16,54.3 2 0
github.com/kayushkin/inber/engine/turnLifecycle.go:56.2,56.23 1 0
github.com/kayushkin/inber/engine/turnLifecycle.go:56.23,60.23 3 0
github.com/kayushkin/inber/engine/turnLifecycle.go:60.23,62.4 1 0
github.com/kayushkin/inber/engine/turnLifecycle.go:67.57,68.54 1 0
github.com/kayushkin/inber/engine/turnLifecycle.go:68.54,70.3 1 0
github.com/kayushkin/inber/engine/turnLifecycle.go:71.2,71.42 1 0
github.com/kayushkin/inber/engine/turnLifecycle.go:75.34,78.48 2 0
github.com/kayushkin/inber/engine/turnLifecycle.go:78.48,80.3 1 0
github.com/kayushkin/inber/engine/turnLifecycle.go:82.2,83.22 2 0
github.com/kayushkin/inber/engine/turnLifecycle.go:83.22,85.3 1 0
github.com/kayushkin/inber/engine/turnLifecycle.go:87.2,95.16 2 0
github.com/kayushkin/inber/engine/turnLifecycle.go:95.16,98.3 2 0
github.com/kayushkin/inber/engine/turnLifecycle.go:100.2,100.31 1 0
github.com/kayushkin/inber/engine/turnLifecycle.go:100.31,104.23 3 0
github.com/kayushkin/inber/engine/turnLifecycle.go:104.23,106.4 1 0
github.com/kayushkin/inber/engine/turnLifecycle.go:111.39,112.22 1 0
github.com/kayushkin/inber/engine/turnLifecycle.go:112.22,114.3 1 0
github.com/kayushkin/inber/engine/turnLifecycle.go:116.2,117.54 2 0
github.com/kayushkin/inber/engine/turnLifecycle.go:117.54,119.3 1 0
github.com/kayushkin/inber/engine/turnLifecycle.go:121.2,125.16 4 0
github.com/kayushkin/inber/engine/turnLifecycle.go:125.16,127.3 1 0
github.com/kayushkin/inber/engine/turnLifecycle.go:127.8,129.3 1 0
github.com/kayushkin/inber/engine/turnLifecycle.go:133.33,135.16 2 0
github.com/kayushkin/inber/engine/turnLifecycle.go:135.16,137.3 1 0
github.com/kayushkin/inber/engine/turnLifecycle.go:138.2,138.24 1 0
github.com/kayushkin/inber/engine/turnLifecycle.go:138.24,140.3 1 0
github.com/kayushkin/inber/engine/turnLifecycle.go:141.2,141.22 1 0
github.com/kayushkin/inber/engine/turnLifecycle.go:141.22,144.3 2 0
github.com/kayushkin/inber/engine/turnLifecycle.go:148.40,149.22 1 0
github.com/kayushkin/inber/engine/turnLifecycle.go:149.22,151.3 1 0
github.com/kayushkin/inber/engine/turnLifecycle.go:155.57,156.22 1 0
github.com/kayushkin/inber/engine/turnLifecycle.go:156.22,158.3 1 0
github.com/kayushkin/inber/engine/turnLifecycle.go:162.104,164.31 2 0
github.com/kayushkin/inber/engine/turnLifecycle.go:164.31,166.37 2 0
github.com/kayushkin/inber/engine/turnLifecycle.go:166.37,167.27 1 0
github.com/kayushkin/inber/engine/turnLifecycle.go:167.27,169.24 2 0
github.com/kayushkin/inber/engine/turnLifecycle.go:169.24,171.6 1 0
github.com/kayushkin/inber/engine/turnLifecycle.go:172.5,172.61 1 0
github.com/kayushkin/inber/engine/turnLifecycle.go:177.2,177.21 1 0
github.com/kayushkin/inber/engine/turnLifecycle.go:177.21,179.3 1 0
github.com/kayushkin/inber/engine/turnLifecycle.go:181.2,182.25 2 0
github.com/kayushkin/inber/engine/turnLifecycle.go:182.25,184.3 1 0
github.com/kayushkin/inber/engine/turnLifecycle.go:186.2,194.38 2 0
github.com/kayushkin/inber/engine/turnLifecycle.go:194.38,196.3 1 0
github.com/kayushkin/inber/engine/turnLifecycle.go:200.37,202.16 2 1
github.com/kayushkin/inber/engine/turnLifecycle.go:202.16,204.3 1 0
github.com/kayushkin/inber/engine/turnLifecycle.go:206.2,206.6 1 1
github.com/kayushkin/inber/engine/turnLifecycle.go:206.6,208.44 2 1
github.com/kayushkin/inber/engine/turnLifecycle.go:208.44,210.4 1 1
github.com/kayushkin/inber/engine/turnLifecycle.go:212.3,213.20 2 1
github.com/kayushkin/inber/engine/turnLifecycle.go:213.20,215.4 1 0
github.com/kayushkin/inber/engine/turnLifecycle.go:216.3,216.15 1 1
github.com/kayushkin/inber/engine/turn_openai.go:14.118,18.16 3 0
github.com/kayushkin/inber/engine/turn_openai.go:18.16,20.3 1 0
github.com/kayushkin/inber/engine/turn_openai.go:23.2,24.33 2 0
github.com/kayushkin/inber/engine/turn_openai.go:24.33,26.3 1 0
github.com/kayushkin/inber/engine/turn_openai.go:29.2,33.37 3 0
github.com/kayushkin/inber/engine/turn_openai.go:33.37,35.3 1 0
github.com/kayushkin/inber/engine/turn_openai.go:36.2,39.6 2 0
github.com/kayushkin/inber/engine/turn_openai.go:39.6,42.26 2 0
github.com/kayushkin/inber/engine/turn_openai.go:42.26,46.4 1 0
github.com/kayushkin/inber/engine/turn_openai.go:48.3,53.85 2 0
github.com/kayushkin/inber/engine/turn_openai.go:53.85,55.4 1 0
github.com/kayushkin/inber/engine/turn_openai.go:55.9,57.4 1 0
github.com/kayushkin/inber/engine/turn_openai.go:58.3,58.27 1 0
github.com/kayushkin/inber/engine/turn_openai.go:58.27,60.4 1 0
github.com/kayushkin/inber/engine/turn_openai.go:62.3,63.17 2 0
github.com/kayushkin/inber/engine/turn_openai.go:63.17,65.4 1 0
github.com/kayushkin/inber/engine/turn_openai.go:67.3,72.23 4 0
github.com/kayushkin/inber/engine/turn_openai.go:72.23,75.48 3 0
github.com/kayushkin/inber/engine/turn_openai.go:75.48,76.33 1 0
github.com/kayushkin/inber/engine/turn_openai.go:76.33,78.6 1 0
github.com/kayushkin/inber/engine/turn_openai.go:80.4,86.5 1 0
github.com/kayushkin/inber/engine/turn_openai.go:89.3,92.64 2 0
github.com/kayushkin/inber/engine/turn_openai.go:92.64,93.48 1 0
github.com/kayushkin/inber/engine/turn_openai.go:93.48,94.29 1 0
github.com/kayushkin/inber/engine/turn_openai.go:94.29,96.6 1 0
github.com/kayushkin/inber/engine/turn_openai.go:98.4,98.22 1 0
github.com/kayushkin/inber/engine/turn_openai.go:101.3,101.62 1 0
github.com/kayushkin/inber/engine/turn_openai.go:101.62,105.48 3 0
github.com/kayushkin/inber/engine/turn_openai.go:105.48,106.33 1 0
github.com/kayushkin/inber/engine/turn_openai.go:106.33,107.14 1 0
github.com/kayushkin/inber/engine/turn_openai.go:110.5,112.56 2 0
github.com/kayushkin/inber/engine/turn_openai.go:112.56,114.6 1 0
github.com/kayushkin/inber/engine/turn_openai.go:115.5,115.25 1 0
github.com/kayushkin/inber/engine/turn_openai.go:115.25,117.6 1 0
github.com/kayushkin/inber/engine/turn_openai.go:118.5,118.33 1 0
github.com/kayushkin/inber/engine/turn_openai.go:118.33,120.6 1 0
github.com/kayushkin/inber/engine/turn_openai.go:122.5,123.12 2 0
github.com/kayushkin/inber/engine/turn_openai.go:123.12,125.59 2 0
github.com/kayushkin/inber/engine/turn_openai.go:125.59,127.7 1 0
github.com/kayushkin/inber/engine/turn_openai.go:128.6,128.26 1 0
github.com/kayushkin/inber/engine/turn_openai.go:128.26,130.7 1 0
github.com/kayushkin/inber/engine/turn_openai.go:131.6,132.14 2 0
github.com/kayushkin/inber/engine/turn_openai.go:135.5,136.19 2 0
github.com/kayushkin/inber/engine/turn_openai.go:136.19,138.59 2 0
github.com/kayushkin/inber/engine/turn_openai.go:138.59,140.7 1 0
github.com/kayushkin/inber/engine/turn_openai.go:141.6,141.26 1 0
github.com/kayushkin/inber/engine/turn_openai.go:141.26,143.7 1 0
github.com/kayushkin/inber/engine/turn_openai.go:144.6,147.14 4 0
github.com/kayushkin/inber/engine/turn_openai.go:150.5,150.58 1 0
github.com/kayushkin/inber/engine/turn_openai.go:150.58,152.6 1 0
github.com/kayushkin/inber/engine/turn_openai.go:153.5,153.25 1 0
github.com/kayushkin/inber/engine/turn_openai.go:153.25,155.6 1 0
github.com/kayushkin/inber/engine/turn_openai.go:157.5,158.25 2 0
github.com/kayushkin/inber/engine/turn_openai.go:158.25,160.25 2 0
github.com/kayushkin/inber/engine/turn_openai.go:160.25,162.7 1 0
github.com/kayushkin/inber/engine/turn_openai.go:165.5,167.31 2 0
github.com/kayushkin/inber/engine/turn_openai.go:167.31,169.106 2 0
github.com/kayushkin/inber/engine/turn_openai.go:169.106,171.7 1 0
github.com/kayushkin/inber/engine/turn_openai.go:174.5,174.33 1 0
github.com/kayushkin/inber/engine/turn_openai.go:174.33,176.6 1 0
github.com/kayushkin/inber/engine/turn_openai.go:179.4,179.31 1 0
github.com/kayushkin/inber/engine/turn_openai.go:179.31,183.5 1 0
github.com/kayushkin/inber/engine/turn_openai.go:185.4,186.12 2 0
github.com/kayushkin/inber/engine/turn_openai.go:189.3,189.84 1 0
github.com/kayushkin/inber/engine/turn_stashing.go:12.85,13.46 1 0
github.com/kayushkin/inber/engine/turn_stashing.go:13.46,15.3 1 0
github.com/kayushkin/inber/engine/turn_stashing.go:16.2,17.53 2 0
github.com/kayushkin/inber/engine/turn_stashing.go:17.53,19.3 1 0
github.com/kayushkin/inber/engine/turn_stashing.go:20.2,20.103 1 0
github.com/kayushkin/inber/engine/turn_stashing.go:20.103,22.3 1 0
github.com/kayushkin/inber/engine/turn_stashing.go:24.2,28.40 4 0
github.com/kayushkin/inber/engine/turn_stashing.go:28.40,29.26 1 0
github.com/kayushkin/inber/engine/turn_stashing.go:29.26,33.44 3 0
github.com/kayushkin/inber/engine/turn_stashing.go:33.44,35.19 2 0
github.com/kayushkin/inber/engine/turn_stashing.go:35.19,38.6 2 0
github.com/kayushkin/inber/engine/turn_stashing.go:38.11,38.32 1 0
github.com/kayushkin/inber/engine/turn_stashing.go:38.32,44.32 4 0
github.com/kayushkin/inber/engine/turn_stashing.go:44.32,46.7 1 0
github.com/kayushkin/inber/engine/turn_stashing.go:47.6,48.26 2 0
github.com/kayushkin/inber/engine/turn_stashing.go:48.26,50.7 1 0
github.com/kayushkin/inber/engine/turn_stashing.go:51.11,53.6 1 0
github.com/kayushkin/inber/engine/turn_stashing.go:54.10,56.5 1 0
github.com/kayushkin/inber/engine/turn_stashing.go:57.9,59.4 1 0
github.com/kayushkin/inber/engine/turn_stashing.go:62.2,62.16 1 0
github.com/kayushkin/inber/engine/turn_stashing.go:62.16,64.3 1 0
github.com/kayushkin/inber/engine/workflow_build.go:14.57,18.29 4 0
github.com/kayushkin/inber/engine/workflow_build.go:18.29,20.36 2 0
github.com/kayushkin/inber/engine/workflow_build.go:20.36,21.19 1 0
github.com/kayushkin/inber/engine/workflow_build.go:21.19,24.5 2 0
github.com/kayushkin/inber/engine/workflow_build.go:25.4,25.24 1 0
github.com/kayushkin/inber/engine/workflow_build.go:25.24,26.10 1 0
github.com/kayushkin/inber/engine/workflow_build.go:30.2,30.22 1 0
github.com/kayushkin/inber/engine/workflow_build.go:30.22,31.30 1 0
github.com/kayushkin/inber/engine/workflow_build.go:31.30,33.18 2 0
github.com/kayushkin/inber/engine/workflow_build.go:33.18,35.25 2 0
github.com/kayushkin/inber/engine/workflow_build.go:35.25,36.11 1 0
github.com/kayushkin/inber/engine/workflow_build.go:41.2,41.80 1 0
github.com/kayushkin/inber/engine/workflow_build.go:45.62,46.23 1 0
github.com/kayushkin/inber/engine/workflow_build.go:47.12,48.36 1 0
github.com/kayushkin/inber/engine/workflow_build.go:49.14,50.30 1 0
github.com/kayushkin/inber/engine/workflow_build.go:51.14,52.30 1 0
github.com/kayushkin/inber/engine/workflow_build.go:53.10,54.12 1 0
github.com/kayushkin/inber/engine/workflow_build.go:59.64,63.16 4 0
github.com/kayushkin/inber/engine/workflow_build.go:63.16,65.3 1 0
github.com/kayushkin/inber/engine/workflow_build.go:67.2,68.56 2 0
github.com/kayushkin/inber/engine/workflow_build.go:68.56,71.3 2 0
github.com/kayushkin/inber/engine/workflow_build.go:71.8,73.3 1 0
github.com/kayushkin/inber/engine/workflow_build.go:75.2,78.16 4 0
github.com/kayushkin/inber/engine/workflow_build.go:78.16,80.3 1 0
github.com/kayushkin/inber/engine/workflow_build.go:82.2,82.11 1 0
github.com/kayushkin/inber/engine/workflow_build.go:86.51,90.16 4 0
github.com/kayushkin/inber/engine/workflow_build.go:90.16,92.3 1 0
github.com/kayushkin/inber/engine/workflow_build.go:93.2,93.11 1 0
github.com/kayushkin/inber/engine/workflow_build.go:97.51,101.16 4 0
github.com/kayushkin/inber/engine/workflow_build.go:101.16,103.3 1 0
github.com/kayushkin/inber/engine/workflow_build.go:104.2,104.11 1 0
github.com/kayushkin/inber/engine/workflow_build.go:108.50,109.24 1 0
github.com/kayushkin/inber/engine/workflow_build.go:109.24,111.3 1 0
github.com/kayushkin/inber/engine/workflow_build.go:112.2,113.12 2 0
github.com/kayushkin/inber/engine/workflow_deploy.go:12.59,13.23 1 0
github.com/kayushkin/inber/engine/workflow_deploy.go:13.23,15.3 1 0
github.com/kayushkin/inber/engine/workflow_deploy.go:17.2,17.30 1 0
github.com/kayushkin/inber/engine/workflow_deploy.go:17.30,19.3 1 0
github.com/kayushkin/inber/engine/workflow_deploy.go:21.2,29.27 5 0
github.com/kayushkin/inber/engine/workflow_deploy.go:29.27,31.3 1 0
github.com/kayushkin/inber/engine/workflow_deploy.go:33.2,33.22 1 0
github.com/kayushkin/inber/engine/workflow_deploy.go:33.22,35.3 1 0
github.com/kayushkin/inber/engine/workflow_deploy.go:37.2,43.26 2 0
github.com/kayushkin/inber/engine/workflow_deploy.go:47.58,52.24 3 0
github.com/kayushkin/inber/engine/workflow_deploy.go:52.24,54.3 1 0
github.com/kayushkin/inber/engine/workflow_deploy.go:57.2,58.23 2 0
github.com/kayushkin/inber/engine/workflow_deploy.go:58.23,60.35 2 0
github.com/kayushkin/inber/engine/workflow_deploy.go:60.35,62.4 1 0
github.com/kayushkin/inber/engine/workflow_deploy.go:65.2,65.25 1 0
github.com/kayushkin/inber/engine/workflow_deploy.go:69.55,70.84 1 0
github.com/kayushkin/inber/engine/workflow_deploy.go:70.84,72.46 2 0
github.com/kayushkin/inber/engine/workflow_deploy.go:72.46,74.4 1 0
github.com/kayushkin/inber/engine/workflow_deploy.go:76.2,76.11 1 0
github.com/kayushkin/inber/engine/workflow_deploy.go:80.49,81.27 1 0
github.com/kayushkin/inber/engine/workflow_deploy.go:81.27,83.3 1 0
github.com/kayushkin/inber/engine/workflow_deploy.go:85.2,87.16 3 0
github.com/kayushkin/inber/engine/workflow_deploy.go:87.16,89.3 1 0
github.com/kayushkin/inber/engine/workflow_deploy.go:91.2,92.20 2 0
github.com/kayushkin/inber/engine/workflow_deploy.go:92.20,94.22 2 0
github.com/kayushkin/inber/engine/workflow_deploy.go:94.22,96.4 1 0
github.com/kayushkin/inber/engine/workflow_deploy.go:98.2,98.11 1 0
github.com/kayushkin/inber/engine/workflow_format.go:11.60,15.23 3 0
github.com/kayushkin/inber/engine/workflow_format.go:16.12,17.45 1 0
github.com/kayushkin/inber/engine/workflow_format.go:18.14,19.60 1 0
github.com/kayushkin/inber/engine/workflow_format.go:20.14,21.41 1 0
github.com/kayushkin/inber/engine/workflow_format.go:22.10,23.12 1 0
github.com/kayushkin/inber/engine/workflow_format.go:26.2,27.16 2 0
github.com/kayushkin/inber/engine/workflow_format.go:27.16,29.3 1 0
github.com/kayushkin/inber/engine/workflow_format.go:30.2,30.11 1 0
github.com/kayushkin/inber/engine/workflow_git.go:11.61,15.2 3 0
github.com/kayushkin/inber/engine/workflow_git.go:18.70,20.30 2 0
github.com/kayushkin/inber/engine/workflow_git.go:20.30,22.3 1 0
github.com/kayushkin/inber/engine/workflow_git.go:22.8,24.3 1 0
github.com/kayushkin/inber/engine/workflow_git.go:27.2,28.16 2 0
github.com/kayushkin/inber/engine/workflow_git.go:28.16,30.3 1 0
github.com/kayushkin/inber/engine/workflow_git.go:33.2,34.16 2 0
github.com/kayushkin/inber/engine/workflow_git.go:34.16,37.49 2 0
github.com/kayushkin/inber/engine/workflow_git.go:37.49,39.4 1 0
github.com/kayushkin/inber/engine/workflow_git.go:40.3,40.101 1 0
github.com/kayushkin/inber/engine/workflow_git.go:43.2,43.11 1 0
github.com/kayushkin/inber/engine/workflow_git.go:47.53,52.51 3 0
github.com/kayushkin/inber/engine/workflow_git.go:52.51,55.64 3 0
github.com/kayushkin/inber/engine/workflow_git.go:55.64,57.4 1 0
github.com/kayushkin/inber/engine/workflow_git.go:61.2,62.51 2 0
github.com/kayushkin/inber/engine/workflow_git.go:62.51,65.86 3 0
github.com/kayushkin/inber/engine/workflow_git.go:65.86,67.18 2 0
github.com/kayushkin/inber/engine/workflow_git.go:67.18,69.5 1 0
github.com/kayushkin/inber/engine/workflow_git.go:69.10,71.5 1 0
github.com/kayushkin/inber/engine/workflow_git.go:75.2,75.14 1 0
github.com/kayushkin/inber/engine/workflow_git.go:79.51,84.32 3 0
github.com/kayushkin/inber/engine/workflow_git.go:84.32,86.3 1 0
github.com/kayushkin/inber/engine/workflow_git.go:89.2,90.39 2 0
github.com/kayushkin/inber/engine/workflow_git.go:90.39,92.48 2 0
github.com/kayushkin/inber/engine/workflow_git.go:92.48,94.4 1 0
github.com/kayushkin/inber/engine/workflow_git.go:97.2,97.15 1 0
github.com/kayushkin/inber/engine/workflow_hooks.go:29.101,41.2 3 0
github.com/kayushkin/inber/engine/workflow_hooks.go:44.41,45.72 1 0
github.com/kayushkin/inber/engine/workflow_hooks.go:45.72,48.3 2 0
github.com/kayushkin/inber/engine/workflow_hooks.go:49.2,49.78 1 0
github.com/kayushkin/inber/engine/workflow_hooks.go:49.78,52.3 2 0
github.com/kayushkin/inber/engine/workflow_hooks.go:53.2,53.76 1 0
github.com/kayushkin/inber/engine/workflow_hooks.go:53.76,56.3 2 0
github.com/kayushkin/inber/engine/workflow_hooks.go:57.2,57.20 1 0
github.com/kayushkin/inber/engine/workflow_hooks.go:62.95,63.13 1 0
github.com/kayushkin/inber/engine/workflow_hooks.go:63.13,65.3 1 0
github.com/kayushkin/inber/engine/workflow_hooks.go:68.2,68.57 1 0
github.com/kayushkin/inber/engine/workflow_hooks.go:68.57,70.3 1 0
github.com/kayushkin/inber/engine/workflow_hooks.go:72.2,73.20 2 0
github.com/kayushkin/inber/engine/workflow_hooks.go:73.20,75.3 1 0
github.com/kayushkin/inber/engine/workflow_hooks.go:77.2,82.18 3 0
github.com/kayushkin/inber/engine/workflow_hooks.go:82.18,83.47 1 0
github.com/kayushkin/inber/engine/workflow_hooks.go:83.47,85.4 1 0
github.com/kayushkin/inber/engine/workflow_hooks.go:89.2,89.25 1 0
github.com/kayushkin/inber/engine/workflow_hooks.go:89.25,90.49 1 0
github.com/kayushkin/inber/engine/workflow_hooks.go:90.49,92.4 1 0
github.com/kayushkin/inber/engine/workflow_hooks.go:96.2,96.40 1 0
github.com/kayushkin/inber/engine/workflow_hooks.go:96.40,97.57 1 0
github.com/kayushkin/inber/engine/workflow_hooks.go:97.57,99.4 1 0
github.com/kayushkin/inber/engine/workflow_hooks.go:102.2,102.37 1 0
github.com/kayushkin/inber/engine/workflow_hooks.go:106.72,107.54 1 0
github.com/kayushkin/inber/engine/workflow_hooks.go:107.54,109.51 2 0
github.com/kayushkin/inber/engine/workflow_hooks.go:109.51,111.52 2 0
github.com/kayushkin/inber/engine/workflow_hooks.go:111.52,113.5 1 0
github.com/kayushkin/inber/engine/workflow_hooks.go:116.2,116.11 1 0
github.com/kayushkin/inber/engine/workflow_hooks.go:120.48,129.19 5 0
github.com/kayushkin/inber/engine/workflow_hooks.go:129.19,131.3 1 0
github.com/kayushkin/inber/engine/workflow_hooks.go:133.2,133.21 1 0
github.com/kayushkin/inber/engine/workflow_hooks.go:133.21,135.3 1 0
github.com/kayushkin/inber/engine/workflow_hooks.go:136.2,136.34 1 0
github.com/kayushkin/inber/engine/workflow_hooks.go:140.27,141.12 1 0
github.com/kayushkin/inber/engine/workflow_hooks.go:141.12,143.3 1 0
github.com/kayushkin/inber/engine/workflow_hooks.go:144.2,144.12 1 0
github.com/kayushkin/inber/engine/workflow_hooks.go:156.53,163.2 1 0
